CABECALHO:
Iniciais: BM
Tamanho do arquivo: 8295478
Reservado: 0
Deslocamento, em bytes, para o inicio da area de dados: 1078
Tamanho em bytes do segundo cabecalho: 40
Resolucao: 3840 x 2160
Numero de planos: 1
Bits por pixel: 8
Compressao usada: 0
Tamanho imagem: 8294400
Resolucao horizontal: 2835 pixel por metro
Resolucao Vertical: 2835 pixel por metro
Numero de cores usadas: 0
Numero de cores importantes: 0
PALETA ORIGINAL:
Paleta[0]: R:0 G:0 B:0
Paleta[1]: R:128 G:0 B:0
Paleta[2]: R:0 G:128 B:0
Paleta[3]: R:128 G:128 B:0
Paleta[4]: R:0 G:0 B:128
Paleta[5]: R:128 G:0 B:128
Paleta[6]: R:0 G:128 B:128
Paleta[7]: R:192 G:192 B:192
Paleta[8]: R:192 G:220 B:192
Paleta[9]: R:166 G:202 B:240
Paleta[10]: R:64 G:32 B:0
Paleta[11]: R:96 G:32 B:0
Paleta[12]: R:128 G:32 B:0
Paleta[13]: R:160 G:32 B:0
Paleta[14]: R:192 G:32 B:0
Paleta[15]: R:224 G:32 B:0
Paleta[16]: R:0 G:64 B:0
Paleta[17]: R:32 G:64 B:0
Paleta[18]: R:64 G:64 B:0
Paleta[19]: R:96 G:64 B:0
Paleta[20]: R:128 G:64 B:0
Paleta[21]: R:160 G:64 B:0
Paleta[22]: R:192 G:64 B:0
Paleta[23]: R:224 G:64 B:0
Paleta[24]: R:0 G:96 B:0
Paleta[25]: R:32 G:96 B:0
Paleta[26]: R:64 G:96 B:0
Paleta[27]: R:96 G:96 B:0
Paleta[28]: R:128 G:96 B:0
Paleta[29]: R:160 G:96 B:0
Paleta[30]: R:192 G:96 B:0
Paleta[31]: R:224 G:96 B:0
Paleta[32]: R:0 G:128 B:0
Paleta[33]: R:32 G:128 B:0
Paleta[34]: R:64 G:128 B:0
Paleta[35]: R:96 G:128 B:0
Paleta[36]: R:128 G:128 B:0
Paleta[37]: R:160 G:128 B:0
Paleta[38]: R:192 G:128 B:0
Paleta[39]: R:224 G:128 B:0
Paleta[40]: R:0 G:160 B:0
Paleta[41]: R:32 G:160 B:0
Paleta[42]: R:64 G:160 B:0
Paleta[43]: R:96 G:160 B:0
Paleta[44]: R:128 G:160 B:0
Paleta[45]: R:160 G:160 B:0
Paleta[46]: R:192 G:160 B:0
Paleta[47]: R:224 G:160 B:0
Paleta[48]: R:0 G:192 B:0
Paleta[49]: R:32 G:192 B:0
Paleta[50]: R:64 G:192 B:0
Paleta[51]: R:96 G:192 B:0
Paleta[52]: R:128 G:192 B:0
Paleta[53]: R:160 G:192 B:0
Paleta[54]: R:192 G:192 B:0
Paleta[55]: R:224 G:192 B:0
Paleta[56]: R:0 G:224 B:0
Paleta[57]: R:32 G:224 B:0
Paleta[58]: R:64 G:224 B:0
Paleta[59]: R:96 G:224 B:0
Paleta[60]: R:128 G:224 B:0
Paleta[61]: R:160 G:224 B:0
Paleta[62]: R:192 G:224 B:0
Paleta[63]: R:224 G:224 B:0
Paleta[64]: R:0 G:0 B:64
Paleta[65]: R:32 G:0 B:64
Paleta[66]: R:64 G:0 B:64
Paleta[67]: R:96 G:0 B:64
Paleta[68]: R:128 G:0 B:64
Paleta[69]: R:160 G:0 B:64
Paleta[70]: R:192 G:0 B:64
Paleta[71]: R:224 G:0 B:64
Paleta[72]: R:0 G:32 B:64
Paleta[73]: R:32 G:32 B:64
Paleta[74]: R:64 G:32 B:64
Paleta[75]: R:96 G:32 B:64
Paleta[76]: R:128 G:32 B:64
Paleta[77]: R:160 G:32 B:64
Paleta[78]: R:192 G:32 B:64
Paleta[79]: R:224 G:32 B:64
Paleta[80]: R:0 G:64 B:64
Paleta[81]: R:32 G:64 B:64
Paleta[82]: R:64 G:64 B:64
Paleta[83]: R:96 G:64 B:64
Paleta[84]: R:128 G:64 B:64
Paleta[85]: R:160 G:64 B:64
Paleta[86]: R:192 G:64 B:64
Paleta[87]: R:224 G:64 B:64
Paleta[88]: R:0 G:96 B:64
Paleta[89]: R:32 G:96 B:64
Paleta[90]: R:64 G:96 B:64
Paleta[91]: R:96 G:96 B:64
Paleta[92]: R:128 G:96 B:64
Paleta[93]: R:160 G:96 B:64
Paleta[94]: R:192 G:96 B:64
Paleta[95]: R:224 G:96 B:64
Paleta[96]: R:0 G:128 B:64
Paleta[97]: R:32 G:128 B:64
Paleta[98]: R:64 G:128 B:64
Paleta[99]: R:96 G:128 B:64
Paleta[100]: R:128 G:128 B:64
Paleta[101]: R:160 G:128 B:64
Paleta[102]: R:192 G:128 B:64
Paleta[103]: R:224 G:128 B:64
Paleta[104]: R:0 G:160 B:64
Paleta[105]: R:32 G:160 B:64
Paleta[106]: R:64 G:160 B:64
Paleta[107]: R:96 G:160 B:64
Paleta[108]: R:128 G:160 B:64
Paleta[109]: R:160 G:160 B:64
Paleta[110]: R:192 G:160 B:64
Paleta[111]: R:224 G:160 B:64
Paleta[112]: R:0 G:192 B:64
Paleta[113]: R:32 G:192 B:64
Paleta[114]: R:64 G:192 B:64
Paleta[115]: R:96 G:192 B:64
Paleta[116]: R:128 G:192 B:64
Paleta[117]: R:160 G:192 B:64
Paleta[118]: R:192 G:192 B:64
Paleta[119]: R:224 G:192 B:64
Paleta[120]: R:0 G:224 B:64
Paleta[121]: R:32 G:224 B:64
Paleta[122]: R:64 G:224 B:64
Paleta[123]: R:96 G:224 B:64
Paleta[124]: R:128 G:224 B:64
Paleta[125]: R:160 G:224 B:64
Paleta[126]: R:192 G:224 B:64
Paleta[127]: R:224 G:224 B:64
Paleta[128]: R:0 G:0 B:128
Paleta[129]: R:32 G:0 B:128
Paleta[130]: R:64 G:0 B:128
Paleta[131]: R:96 G:0 B:128
Paleta[132]: R:128 G:0 B:128
Paleta[133]: R:160 G:0 B:128
Paleta[134]: R:192 G:0 B:128
Paleta[135]: R:224 G:0 B:128
Paleta[136]: R:0 G:32 B:128
Paleta[137]: R:32 G:32 B:128
Paleta[138]: R:64 G:32 B:128
Paleta[139]: R:96 G:32 B:128
Paleta[140]: R:128 G:32 B:128
Paleta[141]: R:160 G:32 B:128
Paleta[142]: R:192 G:32 B:128
Paleta[143]: R:224 G:32 B:128
Paleta[144]: R:0 G:64 B:128
Paleta[145]: R:32 G:64 B:128
Paleta[146]: R:64 G:64 B:128
Paleta[147]: R:96 G:64 B:128
Paleta[148]: R:128 G:64 B:128
Paleta[149]: R:160 G:64 B:128
Paleta[150]: R:192 G:64 B:128
Paleta[151]: R:224 G:64 B:128
Paleta[152]: R:0 G:96 B:128
Paleta[153]: R:32 G:96 B:128
Paleta[154]: R:64 G:96 B:128
Paleta[155]: R:96 G:96 B:128
Paleta[156]: R:128 G:96 B:128
Paleta[157]: R:160 G:96 B:128
Paleta[158]: R:192 G:96 B:128
Paleta[159]: R:224 G:96 B:128
Paleta[160]: R:0 G:128 B:128
Paleta[161]: R:32 G:128 B:128
Paleta[162]: R:64 G:128 B:128
Paleta[163]: R:96 G:128 B:128
Paleta[164]: R:128 G:128 B:128
Paleta[165]: R:160 G:128 B:128
Paleta[166]: R:192 G:128 B:128
Paleta[167]: R:224 G:128 B:128
Paleta[168]: R:0 G:160 B:128
Paleta[169]: R:32 G:160 B:128
Paleta[170]: R:64 G:160 B:128
Paleta[171]: R:96 G:160 B:128
Paleta[172]: R:128 G:160 B:128
Paleta[173]: R:160 G:160 B:128
Paleta[174]: R:192 G:160 B:128
Paleta[175]: R:224 G:160 B:128
Paleta[176]: R:0 G:192 B:128
Paleta[177]: R:32 G:192 B:128
Paleta[178]: R:64 G:192 B:128
Paleta[179]: R:96 G:192 B:128
Paleta[180]: R:128 G:192 B:128
Paleta[181]: R:160 G:192 B:128
Paleta[182]: R:192 G:192 B:128
Paleta[183]: R:224 G:192 B:128
Paleta[184]: R:0 G:224 B:128
Paleta[185]: R:32 G:224 B:128
Paleta[186]: R:64 G:224 B:128
Paleta[187]: R:96 G:224 B:128
Paleta[188]: R:128 G:224 B:128
Paleta[189]: R:160 G:224 B:128
Paleta[190]: R:192 G:224 B:128
Paleta[191]: R:224 G:224 B:128
Paleta[192]: R:0 G:0 B:192
Paleta[193]: R:32 G:0 B:192
Paleta[194]: R:64 G:0 B:192
Paleta[195]: R:96 G:0 B:192
Paleta[196]: R:128 G:0 B:192
Paleta[197]: R:160 G:0 B:192
Paleta[198]: R:192 G:0 B:192
Paleta[199]: R:224 G:0 B:192
Paleta[200]: R:0 G:32 B:192
Paleta[201]: R:32 G:32 B:192
Paleta[202]: R:64 G:32 B:192
Paleta[203]: R:96 G:32 B:192
Paleta[204]: R:128 G:32 B:192
Paleta[205]: R:160 G:32 B:192
Paleta[206]: R:192 G:32 B:192
Paleta[207]: R:224 G:32 B:192
Paleta[208]: R:0 G:64 B:192
Paleta[209]: R:32 G:64 B:192
Paleta[210]: R:64 G:64 B:192
Paleta[211]: R:96 G:64 B:192
Paleta[212]: R:128 G:64 B:192
Paleta[213]: R:160 G:64 B:192
Paleta[214]: R:192 G:64 B:192
Paleta[215]: R:224 G:64 B:192
Paleta[216]: R:0 G:96 B:192
Paleta[217]: R:32 G:96 B:192
Paleta[218]: R:64 G:96 B:192
Paleta[219]: R:96 G:96 B:192
Paleta[220]: R:128 G:96 B:192
Paleta[221]: R:160 G:96 B:192
Paleta[222]: R:192 G:96 B:192
Paleta[223]: R:224 G:96 B:192
Paleta[224]: R:0 G:128 B:192
Paleta[225]: R:32 G:128 B:192
Paleta[226]: R:64 G:128 B:192
Paleta[227]: R:96 G:128 B:192
Paleta[228]: R:128 G:128 B:192
Paleta[229]: R:160 G:128 B:192
Paleta[230]: R:192 G:128 B:192
Paleta[231]: R:224 G:128 B:192
Paleta[232]: R:0 G:160 B:192
Paleta[233]: R:32 G:160 B:192
Paleta[234]: R:64 G:160 B:192
Paleta[235]: R:96 G:160 B:192
Paleta[236]: R:128 G:160 B:192
Paleta[237]: R:160 G:160 B:192
Paleta[238]: R:192 G:160 B:192
Paleta[239]: R:224 G:160 B:192
Paleta[240]: R:0 G:192 B:192
Paleta[241]: R:32 G:192 B:192
Paleta[242]: R:64 G:192 B:192
Paleta[243]: R:96 G:192 B:192
Paleta[244]: R:128 G:192 B:192
Paleta[245]: R:160 G:192 B:192
Paleta[246]: R:255 G:251 B:240
Paleta[247]: R:160 G:160 B:164
Paleta[248]: R:128 G:128 B:128
Paleta[249]: R:255 G:0 B:0
Paleta[250]: R:0 G:255 B:0
Paleta[251]: R:255 G:255 B:0
Paleta[252]: R:0 G:0 B:255
Paleta[253]: R:255 G:0 B:255
Paleta[254]: R:0 G:255 B:255
Paleta[255]: R:255 G:255 B:255
PALETA NOVA:
Paleta[0]: R:255 G:255 B:255
Paleta[1]: R:127 G:255 B:255
Paleta[2]: R:255 G:127 B:255
Paleta[3]: R:127 G:127 B:255
Paleta[4]: R:255 G:255 B:127
Paleta[5]: R:127 G:255 B:127
Paleta[6]: R:255 G:127 B:127
Paleta[7]: R:63 G:63 B:63
Paleta[8]: R:63 G:35 B:63
Paleta[9]: R:89 G:53 B:15
Paleta[10]: R:191 G:223 B:255
Paleta[11]: R:159 G:223 B:255
Paleta[12]: R:127 G:223 B:255
Paleta[13]: R:95 G:223 B:255
Paleta[14]: R:63 G:223 B:255
Paleta[15]: R:31 G:223 B:255
Paleta[16]: R:255 G:191 B:255
Paleta[17]: R:223 G:191 B:255
Paleta[18]: R:191 G:191 B:255
Paleta[19]: R:159 G:191 B:255
Paleta[20]: R:127 G:191 B:255
Paleta[21]: R:95 G:191 B:255
Paleta[22]: R:63 G:191 B:255
Paleta[23]: R:31 G:191 B:255
Paleta[24]: R:255 G:159 B:255
Paleta[25]: R:223 G:159 B:255
Paleta[26]: R:191 G:159 B:255
Paleta[27]: R:159 G:159 B:255
Paleta[28]: R:127 G:159 B:255
Paleta[29]: R:95 G:159 B:255
Paleta[30]: R:63 G:159 B:255
Paleta[31]: R:31 G:159 B:255
Paleta[32]: R:255 G:127 B:255
Paleta[33]: R:223 G:127 B:255
Paleta[34]: R:191 G:127 B:255
Paleta[35]: R:159 G:127 B:255
Paleta[36]: R:127 G:127 B:255
Paleta[37]: R:95 G:127 B:255
Paleta[38]: R:63 G:127 B:255
Paleta[39]: R:31 G:127 B:255
Paleta[40]: R:255 G:95 B:255
Paleta[41]: R:223 G:95 B:255
Paleta[42]: R:191 G:95 B:255
Paleta[43]: R:159 G:95 B:255
Paleta[44]: R:127 G:95 B:255
Paleta[45]: R:95 G:95 B:255
Paleta[46]: R:63 G:95 B:255
Paleta[47]: R:31 G:95 B:255
Paleta[48]: R:255 G:63 B:255
Paleta[49]: R:223 G:63 B:255
Paleta[50]: R:191 G:63 B:255
Paleta[51]: R:159 G:63 B:255
Paleta[52]: R:127 G:63 B:255
Paleta[53]: R:95 G:63 B:255
Paleta[54]: R:63 G:63 B:255
Paleta[55]: R:31 G:63 B:255
Paleta[56]: R:255 G:31 B:255
Paleta[57]: R:223 G:31 B:255
Paleta[58]: R:191 G:31 B:255
Paleta[59]: R:159 G:31 B:255
Paleta[60]: R:127 G:31 B:255
Paleta[61]: R:95 G:31 B:255
Paleta[62]: R:63 G:31 B:255
Paleta[63]: R:31 G:31 B:255
Paleta[64]: R:255 G:255 B:191
Paleta[65]: R:223 G:255 B:191
Paleta[66]: R:191 G:255 B:191
Paleta[67]: R:159 G:255 B:191
Paleta[68]: R:127 G:255 B:191
Paleta[69]: R:95 G:255 B:191
Paleta[70]: R:63 G:255 B:191
Paleta[71]: R:31 G:255 B:191
Paleta[72]: R:255 G:223 B:191
Paleta[73]: R:223 G:223 B:191
Paleta[74]: R:191 G:223 B:191
Paleta[75]: R:159 G:223 B:191
Paleta[76]: R:127 G:223 B:191
Paleta[77]: R:95 G:223 B:191
Paleta[78]: R:63 G:223 B:191
Paleta[79]: R:31 G:223 B:191
Paleta[80]: R:255 G:191 B:191
Paleta[81]: R:223 G:191 B:191
Paleta[82]: R:191 G:191 B:191
Paleta[83]: R:159 G:191 B:191
Paleta[84]: R:127 G:191 B:191
Paleta[85]: R:95 G:191 B:191
Paleta[86]: R:63 G:191 B:191
Paleta[87]: R:31 G:191 B:191
Paleta[88]: R:255 G:159 B:191
Paleta[89]: R:223 G:159 B:191
Paleta[90]: R:191 G:159 B:191
Paleta[91]: R:159 G:159 B:191
Paleta[92]: R:127 G:159 B:191
Paleta[93]: R:95 G:159 B:191
Paleta[94]: R:63 G:159 B:191
Paleta[95]: R:31 G:159 B:191
Paleta[96]: R:255 G:127 B:191
Paleta[97]: R:223 G:127 B:191
Paleta[98]: R:191 G:127 B:191
Paleta[99]: R:159 G:127 B:191
Paleta[100]: R:127 G:127 B:191
Paleta[101]: R:95 G:127 B:191
Paleta[102]: R:63 G:127 B:191
Paleta[103]: R:31 G:127 B:191
Paleta[104]: R:255 G:95 B:191
Paleta[105]: R:223 G:95 B:191
Paleta[106]: R:191 G:95 B:191
Paleta[107]: R:159 G:95 B:191
Paleta[108]: R:127 G:95 B:191
Paleta[109]: R:95 G:95 B:191
Paleta[110]: R:63 G:95 B:191
Paleta[111]: R:31 G:95 B:191
Paleta[112]: R:255 G:63 B:191
Paleta[113]: R:223 G:63 B:191
Paleta[114]: R:191 G:63 B:191
Paleta[115]: R:159 G:63 B:191
Paleta[116]: R:127 G:63 B:191
Paleta[117]: R:95 G:63 B:191
Paleta[118]: R:63 G:63 B:191
Paleta[119]: R:31 G:63 B:191
Paleta[120]: R:255 G:31 B:191
Paleta[121]: R:223 G:31 B:191
Paleta[122]: R:191 G:31 B:191
Paleta[123]: R:159 G:31 B:191
Paleta[124]: R:127 G:31 B:191
Paleta[125]: R:95 G:31 B:191
Paleta[126]: R:63 G:31 B:191
Paleta[127]: R:31 G:31 B:191
Paleta[128]: R:255 G:255 B:127
Paleta[129]: R:223 G:255 B:127
Paleta[130]: R:191 G:255 B:127
Paleta[131]: R:159 G:255 B:127
Paleta[132]: R:127 G:255 B:127
Paleta[133]: R:95 G:255 B:127
Paleta[134]: R:63 G:255 B:127
Paleta[135]: R:31 G:255 B:127
Paleta[136]: R:255 G:223 B:127
Paleta[137]: R:223 G:223 B:127
Paleta[138]: R:191 G:223 B:127
Paleta[139]: R:159 G:223 B:127
Paleta[140]: R:127 G:223 B:127
Paleta[141]: R:95 G:223 B:127
Paleta[142]: R:63 G:223 B:127
Paleta[143]: R:31 G:223 B:127
Paleta[144]: R:255 G:191 B:127
Paleta[145]: R:223 G:191 B:127
Paleta[146]: R:191 G:191 B:127
Paleta[147]: R:159 G:191 B:127
Paleta[148]: R:127 G:191 B:127
Paleta[149]: R:95 G:191 B:127
Paleta[150]: R:63 G:191 B:127
Paleta[151]: R:31 G:191 B:127
Paleta[152]: R:255 G:159 B:127
Paleta[153]: R:223 G:159 B:127
Paleta[154]: R:191 G:159 B:127
Paleta[155]: R:159 G:159 B:127
Paleta[156]: R:127 G:159 B:127
Paleta[157]: R:95 G:159 B:127
Paleta[158]: R:63 G:159 B:127
Paleta[159]: R:31 G:159 B:127
Paleta[160]: R:255 G:127 B:127
Paleta[161]: R:223 G:127 B:127
Paleta[162]: R:191 G:127 B:127
Paleta[163]: R:159 G:127 B:127
Paleta[164]: R:127 G:127 B:127
Paleta[165]: R:95 G:127 B:127
Paleta[166]: R:63 G:127 B:127
Paleta[167]: R:31 G:127 B:127
Paleta[168]: R:255 G:95 B:127
Paleta[169]: R:223 G:95 B:127
Paleta[170]: R:191 G:95 B:127
Paleta[171]: R:159 G:95 B:127
Paleta[172]: R:127 G:95 B:127
Paleta[173]: R:95 G:95 B:127
Paleta[174]: R:63 G:95 B:127
Paleta[175]: R:31 G:95 B:127
Paleta[176]: R:255 G:63 B:127
Paleta[177]: R:223 G:63 B:127
Paleta[178]: R:191 G:63 B:127
Paleta[179]: R:159 G:63 B:127
Paleta[180]: R:127 G:63 B:127
Paleta[181]: R:95 G:63 B:127
Paleta[182]: R:63 G:63 B:127
Paleta[183]: R:31 G:63 B:127
Paleta[184]: R:255 G:31 B:127
Paleta[185]: R:223 G:31 B:127
Paleta[186]: R:191 G:31 B:127
Paleta[187]: R:159 G:31 B:127
Paleta[188]: R:127 G:31 B:127
Paleta[189]: R:95 G:31 B:127
Paleta[190]: R:63 G:31 B:127
Paleta[191]: R:31 G:31 B:127
Paleta[192]: R:255 G:255 B:63
Paleta[193]: R:223 G:255 B:63
Paleta[194]: R:191 G:255 B:63
Paleta[195]: R:159 G:255 B:63
Paleta[196]: R:127 G:255 B:63
Paleta[197]: R:95 G:255 B:63
Paleta[198]: R:63 G:255 B:63
Paleta[199]: R:31 G:255 B:63
Paleta[200]: R:255 G:223 B:63
Paleta[201]: R:223 G:223 B:63
Paleta[202]: R:191 G:223 B:63
Paleta[203]: R:159 G:223 B:63
Paleta[204]: R:127 G:223 B:63
Paleta[205]: R:95 G:223 B:63
Paleta[206]: R:63 G:223 B:63
Paleta[207]: R:31 G:223 B:63
Paleta[208]: R:255 G:191 B:63
Paleta[209]: R:223 G:191 B:63
Paleta[210]: R:191 G:191 B:63
Paleta[211]: R:159 G:191 B:63
Paleta[212]: R:127 G:191 B:63
Paleta[213]: R:95 G:191 B:63
Paleta[214]: R:63 G:191 B:63
Paleta[215]: R:31 G:191 B:63
Paleta[216]: R:255 G:159 B:63
Paleta[217]: R:223 G:159 B:63
Paleta[218]: R:191 G:159 B:63
Paleta[219]: R:159 G:159 B:63
Paleta[220]: R:127 G:159 B:63
Paleta[221]: R:95 G:159 B:63
Paleta[222]: R:63 G:159 B:63
Paleta[223]: R:31 G:159 B:63
Paleta[224]: R:255 G:127 B:63
Paleta[225]: R:223 G:127 B:63
Paleta[226]: R:191 G:127 B:63
Paleta[227]: R:159 G:127 B:63
Paleta[228]: R:127 G:127 B:63
Paleta[229]: R:95 G:127 B:63
Paleta[230]: R:63 G:127 B:63
Paleta[231]: R:31 G:127 B:63
Paleta[232]: R:255 G:95 B:63
Paleta[233]: R:223 G:95 B:63
Paleta[234]: R:191 G:95 B:63
Paleta[235]: R:159 G:95 B:63
Paleta[236]: R:127 G:95 B:63
Paleta[237]: R:95 G:95 B:63
Paleta[238]: R:63 G:95 B:63
Paleta[239]: R:31 G:95 B:63
Paleta[240]: R:255 G:63 B:63
Paleta[241]: R:223 G:63 B:63
Paleta[242]: R:191 G:63 B:63
Paleta[243]: R:159 G:63 B:63
Paleta[244]: R:127 G:63 B:63
Paleta[245]: R:95 G:63 B:63
Paleta[246]: R:0 G:4 B:15
Paleta[247]: R:95 G:95 B:91
Paleta[248]: R:127 G:127 B:127
Paleta[249]: R:0 G:255 B:255
Paleta[250]: R:255 G:0 B:255
Paleta[251]: R:0 G:0 B:255
Paleta[252]: R:255 G:255 B:0
Paleta[253]: R:0 G:255 B:0
Paleta[254]: R:255 G:0 B:0
Paleta[255]: R:0 G:0 B:0
Soma linha 0: 441357
Soma linha 1: 440208
Soma linha 2: 439585
Soma linha 3: 442766
Soma linha 4: 445642
Soma linha 5: 446406
Soma linha 6: 451340
Soma linha 7: 457194
Soma linha 8: 460611
Soma linha 9: 462154
Soma linha 10: 466265
Soma linha 11: 464262
Soma linha 12: 465704
Soma linha 13: 468827
Soma linha 14: 473616
Soma linha 15: 478789
Soma linha 16: 482454
Soma linha 17: 485225
Soma linha 18: 488757
Soma linha 19: 491553
Soma linha 20: 492246
Soma linha 21: 494393
Soma linha 22: 503181
Soma linha 23: 513774
Soma linha 24: 512484
Soma linha 25: 510951
Soma linha 26: 519096
Soma linha 27: 527676
Soma linha 28: 526886
Soma linha 29: 533534
Soma linha 30: 537365
Soma linha 31: 534573
Soma linha 32: 540870
Soma linha 33: 544148
Soma linha 34: 543250
Soma linha 35: 547840
Soma linha 36: 546700
Soma linha 37: 551034
Soma linha 38: 549983
Soma linha 39: 550172
Soma linha 40: 548170
Soma linha 41: 544049
Soma linha 42: 542213
Soma linha 43: 541300
Soma linha 44: 539219
Soma linha 45: 544310
Soma linha 46: 541192
Soma linha 47: 541782
Soma linha 48: 539583
Soma linha 49: 536060
Soma linha 50: 536093
Soma linha 51: 537330
Soma linha 52: 537135
Soma linha 53: 537465
Soma linha 54: 537768
Soma linha 55: 534884
Soma linha 56: 534998
Soma linha 57: 536092
Soma linha 58: 536832
Soma linha 59: 538561
Soma linha 60: 535495
Soma linha 61: 530836
Soma linha 62: 524984
Soma linha 63: 523660
Soma linha 64: 525409
Soma linha 65: 522780
Soma linha 66: 516544
Soma linha 67: 513289
Soma linha 68: 507042
Soma linha 69: 509889
Soma linha 70: 507896
Soma linha 71: 500759
Soma linha 72: 498546
Soma linha 73: 496423
Soma linha 74: 495243
Soma linha 75: 486641
Soma linha 76: 489862
Soma linha 77: 488580
Soma linha 78: 481659
Soma linha 79: 483899
Soma linha 80: 480271
Soma linha 81: 477779
Soma linha 82: 472796
Soma linha 83: 471619
Soma linha 84: 468400
Soma linha 85: 468751
Soma linha 86: 470093
Soma linha 87: 469581
Soma linha 88: 464002
Soma linha 89: 467152
Soma linha 90: 455930
Soma linha 91: 457370
Soma linha 92: 463937
Soma linha 93: 461791
Soma linha 94: 462848
Soma linha 95: 459339
Soma linha 96: 459098
Soma linha 97: 457451
Soma linha 98: 456415
Soma linha 99: 456692
Soma linha 100: 458610
Soma linha 101: 455915
Soma linha 102: 453626
Soma linha 103: 455789
Soma linha 104: 455324
Soma linha 105: 456010
Soma linha 106: 456144
Soma linha 107: 454203
Soma linha 108: 453365
Soma linha 109: 452497
Soma linha 110: 452937
Soma linha 111: 457893
Soma linha 112: 454263
Soma linha 113: 456671
Soma linha 114: 459666
Soma linha 115: 457713
Soma linha 116: 456847
Soma linha 117: 456899
Soma linha 118: 460112
Soma linha 119: 459176
Soma linha 120: 460307
Soma linha 121: 459068
Soma linha 122: 465421
Soma linha 123: 465427
Soma linha 124: 468540
Soma linha 125: 469154
Soma linha 126: 467552
Soma linha 127: 471725
Soma linha 128: 475099
Soma linha 129: 475543
Soma linha 130: 476806
Soma linha 131: 477635
Soma linha 132: 478207
Soma linha 133: 480992
Soma linha 134: 480420
Soma linha 135: 481074
Soma linha 136: 480213
Soma linha 137: 478948
Soma linha 138: 481825
Soma linha 139: 483416
Soma linha 140: 483693
Soma linha 141: 484672
Soma linha 142: 485102
Soma linha 143: 482358
Soma linha 144: 483004
Soma linha 145: 483437
Soma linha 146: 484660
Soma linha 147: 481320
Soma linha 148: 479999
Soma linha 149: 480458
Soma linha 150: 482194
Soma linha 151: 483399
Soma linha 152: 478057
Soma linha 153: 480583
Soma linha 154: 479245
Soma linha 155: 479312
Soma linha 156: 477671
Soma linha 157: 478212
Soma linha 158: 481442
Soma linha 159: 478212
Soma linha 160: 480870
Soma linha 161: 481982
Soma linha 162: 479861
Soma linha 163: 477422
Soma linha 164: 478422
Soma linha 165: 478436
Soma linha 166: 479421
Soma linha 167: 483115
Soma linha 168: 483496
Soma linha 169: 479222
Soma linha 170: 481708
Soma linha 171: 484780
Soma linha 172: 483908
Soma linha 173: 482123
Soma linha 174: 482008
Soma linha 175: 482641
Soma linha 176: 484260
Soma linha 177: 479997
Soma linha 178: 481800
Soma linha 179: 481742
Soma linha 180: 478229
Soma linha 181: 477809
Soma linha 182: 478424
Soma linha 183: 477983
Soma linha 184: 479138
Soma linha 185: 478074
Soma linha 186: 479707
Soma linha 187: 480799
Soma linha 188: 483086
Soma linha 189: 486619
Soma linha 190: 489973
Soma linha 191: 486935
Soma linha 192: 489531
Soma linha 193: 493931
Soma linha 194: 491792
Soma linha 195: 488397
Soma linha 196: 490102
Soma linha 197: 485993
Soma linha 198: 484303
Soma linha 199: 487581
Soma linha 200: 490352
Soma linha 201: 491445
Soma linha 202: 492396
Soma linha 203: 493443
Soma linha 204: 496387
Soma linha 205: 497048
Soma linha 206: 495252
Soma linha 207: 493835
Soma linha 208: 492778
Soma linha 209: 493653
Soma linha 210: 490069
Soma linha 211: 492464
Soma linha 212: 493700
Soma linha 213: 496331
Soma linha 214: 496000
Soma linha 215: 499389
Soma linha 216: 497724
Soma linha 217: 494810
Soma linha 218: 490698
Soma linha 219: 495985
Soma linha 220: 492667
Soma linha 221: 492756
Soma linha 222: 491303
Soma linha 223: 493857
Soma linha 224: 494886
Soma linha 225: 491868
Soma linha 226: 492266
Soma linha 227: 489356
Soma linha 228: 489264
Soma linha 229: 483104
Soma linha 230: 482953
Soma linha 231: 479730
Soma linha 232: 478620
Soma linha 233: 478294
Soma linha 234: 475252
Soma linha 235: 475980
Soma linha 236: 470852
Soma linha 237: 471613
Soma linha 238: 472423
Soma linha 239: 468238
Soma linha 240: 472066
Soma linha 241: 472303
Soma linha 242: 472547
Soma linha 243: 468699
Soma linha 244: 466908
Soma linha 245: 461866
Soma linha 246: 462864
Soma linha 247: 463774
Soma linha 248: 463934
Soma linha 249: 466500
Soma linha 250: 467012
Soma linha 251: 467893
Soma linha 252: 466596
Soma linha 253: 471804
Soma linha 254: 471100
Soma linha 255: 472923
Soma linha 256: 473998
Soma linha 257: 471069
Soma linha 258: 474553
Soma linha 259: 472581
Soma linha 260: 474554
Soma linha 261: 472778
Soma linha 262: 476533
Soma linha 263: 475167
Soma linha 264: 475245
Soma linha 265: 473649
Soma linha 266: 473991
Soma linha 267: 474805
Soma linha 268: 479533
Soma linha 269: 481856
Soma linha 270: 482754
Soma linha 271: 481980
Soma linha 272: 480996
Soma linha 273: 478985
Soma linha 274: 478367
Soma linha 275: 483030
Soma linha 276: 488060
Soma linha 277: 488373
Soma linha 278: 484655
Soma linha 279: 488076
Soma linha 280: 488644
Soma linha 281: 488624
Soma linha 282: 485595
Soma linha 283: 480089
Soma linha 284: 475435
Soma linha 285: 480713
Soma linha 286: 480504
Soma linha 287: 480426
Soma linha 288: 481074
Soma linha 289: 479657
Soma linha 290: 477082
Soma linha 291: 478715
Soma linha 292: 480066
Soma linha 293: 482264
Soma linha 294: 488205
Soma linha 295: 485646
Soma linha 296: 486141
Soma linha 297: 483589
Soma linha 298: 479304
Soma linha 299: 480208
Soma linha 300: 480568
Soma linha 301: 477262
Soma linha 302: 476543
Soma linha 303: 475890
Soma linha 304: 472400
Soma linha 305: 471623
Soma linha 306: 471104
Soma linha 307: 467794
Soma linha 308: 461343
Soma linha 309: 456424
Soma linha 310: 451854
Soma linha 311: 451339
Soma linha 312: 453198
Soma linha 313: 454152
Soma linha 314: 452722
Soma linha 315: 451633
Soma linha 316: 450483
Soma linha 317: 457199
Soma linha 318: 459757
Soma linha 319: 461270
Soma linha 320: 462241
Soma linha 321: 461652
Soma linha 322: 463104
Soma linha 323: 459080
Soma linha 324: 456431
Soma linha 325: 455896
Soma linha 326: 452157
Soma linha 327: 449973
Soma linha 328: 447417
Soma linha 329: 447278
Soma linha 330: 447236
Soma linha 331: 444666
Soma linha 332: 447193
Soma linha 333: 447772
Soma linha 334: 448315
Soma linha 335: 445324
Soma linha 336: 442142
Soma linha 337: 444713
Soma linha 338: 447532
Soma linha 339: 450673
Soma linha 340: 450480
Soma linha 341: 446167
Soma linha 342: 441863
Soma linha 343: 440089
Soma linha 344: 436802
Soma linha 345: 440756
Soma linha 346: 444133
Soma linha 347: 445340
Soma linha 348: 445674
Soma linha 349: 440672
Soma linha 350: 436299
Soma linha 351: 432822
Soma linha 352: 434374
Soma linha 353: 435056
Soma linha 354: 436114
Soma linha 355: 436983
Soma linha 356: 436075
Soma linha 357: 437148
Soma linha 358: 438693
Soma linha 359: 439522
Soma linha 360: 440912
Soma linha 361: 441105
Soma linha 362: 439033
Soma linha 363: 439928
Soma linha 364: 436759
Soma linha 365: 435432
Soma linha 366: 429231
Soma linha 367: 429073
Soma linha 368: 426362
Soma linha 369: 434493
Soma linha 370: 442596
Soma linha 371: 438490
Soma linha 372: 439818
Soma linha 373: 435482
Soma linha 374: 433392
Soma linha 375: 425447
Soma linha 376: 426076
Soma linha 377: 421072
Soma linha 378: 423664
Soma linha 379: 425524
Soma linha 380: 428191
Soma linha 381: 430905
Soma linha 382: 440809
Soma linha 383: 439755
Soma linha 384: 437269
Soma linha 385: 433268
Soma linha 386: 432444
Soma linha 387: 433306
Soma linha 388: 437629
Soma linha 389: 439532
Soma linha 390: 439825
Soma linha 391: 441516
Soma linha 392: 437522
Soma linha 393: 440977
Soma linha 394: 444827
Soma linha 395: 447029
Soma linha 396: 446552
Soma linha 397: 447178
Soma linha 398: 447986
Soma linha 399: 451834
Soma linha 400: 452695
Soma linha 401: 452672
Soma linha 402: 453419
Soma linha 403: 445912
Soma linha 404: 446681
Soma linha 405: 452022
Soma linha 406: 449365
Soma linha 407: 450820
Soma linha 408: 452753
Soma linha 409: 456909
Soma linha 410: 458152
Soma linha 411: 458921
Soma linha 412: 454504
Soma linha 413: 448727
Soma linha 414: 448595
Soma linha 415: 447280
Soma linha 416: 443623
Soma linha 417: 438719
Soma linha 418: 440800
Soma linha 419: 438326
Soma linha 420: 438726
Soma linha 421: 443549
Soma linha 422: 444153
Soma linha 423: 443341
Soma linha 424: 442597
Soma linha 425: 442415
Soma linha 426: 442348
Soma linha 427: 438506
Soma linha 428: 440987
Soma linha 429: 445095
Soma linha 430: 448759
Soma linha 431: 453027
Soma linha 432: 453391
Soma linha 433: 455846
Soma linha 434: 455173
Soma linha 435: 457696
Soma linha 436: 456866
Soma linha 437: 453512
Soma linha 438: 452904
Soma linha 439: 449255
Soma linha 440: 447951
Soma linha 441: 447132
Soma linha 442: 445357
Soma linha 443: 442125
Soma linha 444: 444447
Soma linha 445: 443604
Soma linha 446: 445273
Soma linha 447: 443208
Soma linha 448: 446487
Soma linha 449: 449314
Soma linha 450: 453226
Soma linha 451: 455061
Soma linha 452: 462678
Soma linha 453: 461193
Soma linha 454: 456136
Soma linha 455: 459501
Soma linha 456: 455679
Soma linha 457: 457017
Soma linha 458: 456754
Soma linha 459: 454789
Soma linha 460: 453852
Soma linha 461: 455105
Soma linha 462: 454245
Soma linha 463: 457733
Soma linha 464: 455415
Soma linha 465: 455718
Soma linha 466: 455329
Soma linha 467: 457095
Soma linha 468: 458810
Soma linha 469: 454069
Soma linha 470: 456189
Soma linha 471: 451484
Soma linha 472: 448946
Soma linha 473: 444048
Soma linha 474: 444355
Soma linha 475: 441323
Soma linha 476: 447463
Soma linha 477: 451159
Soma linha 478: 444849
Soma linha 479: 445844
Soma linha 480: 442847
Soma linha 481: 443085
Soma linha 482: 449811
Soma linha 483: 448222
Soma linha 484: 443753
Soma linha 485: 442743
Soma linha 486: 443698
Soma linha 487: 445259
Soma linha 488: 445815
Soma linha 489: 448683
Soma linha 490: 451588
Soma linha 491: 456318
Soma linha 492: 461813
Soma linha 493: 464694
Soma linha 494: 469201
Soma linha 495: 473616
Soma linha 496: 476842
Soma linha 497: 476467
Soma linha 498: 479133
Soma linha 499: 481512
Soma linha 500: 483489
Soma linha 501: 482012
Soma linha 502: 481158
Soma linha 503: 478123
Soma linha 504: 477933
Soma linha 505: 477319
Soma linha 506: 478210
Soma linha 507: 474708
Soma linha 508: 472103
Soma linha 509: 469727
Soma linha 510: 465100
Soma linha 511: 461796
Soma linha 512: 457628
Soma linha 513: 456987
Soma linha 514: 451861
Soma linha 515: 449280
Soma linha 516: 447406
Soma linha 517: 442227
Soma linha 518: 436442
Soma linha 519: 431775
Soma linha 520: 428169
Soma linha 521: 420782
Soma linha 522: 416459
Soma linha 523: 414594
Soma linha 524: 411424
Soma linha 525: 405761
Soma linha 526: 404544
Soma linha 527: 398320
Soma linha 528: 393741
Soma linha 529: 391731
Soma linha 530: 391931
Soma linha 531: 389431
Soma linha 532: 387827
Soma linha 533: 386533
Soma linha 534: 383940
Soma linha 535: 383158
Soma linha 536: 380831
Soma linha 537: 379122
Soma linha 538: 377859
Soma linha 539: 377288
Soma linha 540: 378835
Soma linha 541: 378409
Soma linha 542: 377002
Soma linha 543: 376300
Soma linha 544: 374207
Soma linha 545: 374066
Soma linha 546: 372120
Soma linha 547: 367843
Soma linha 548: 367874
Soma linha 549: 370063
Soma linha 550: 372069
Soma linha 551: 369835
Soma linha 552: 369627
Soma linha 553: 367294
Soma linha 554: 365451
Soma linha 555: 363378
Soma linha 556: 360597
Soma linha 557: 363720
Soma linha 558: 361725
Soma linha 559: 359775
Soma linha 560: 357029
Soma linha 561: 355326
Soma linha 562: 354145
Soma linha 563: 352484
Soma linha 564: 349413
Soma linha 565: 347292
Soma linha 566: 346264
Soma linha 567: 345010
Soma linha 568: 346412
Soma linha 569: 345235
Soma linha 570: 339071
Soma linha 571: 335796
Soma linha 572: 334213
Soma linha 573: 330232
Soma linha 574: 326461
Soma linha 575: 323753
Soma linha 576: 322797
Soma linha 577: 323826
Soma linha 578: 324315
Soma linha 579: 325599
Soma linha 580: 326916
Soma linha 581: 325513
Soma linha 582: 326754
Soma linha 583: 326763
Soma linha 584: 326842
Soma linha 585: 328859
Soma linha 586: 327329
Soma linha 587: 328634
Soma linha 588: 328239
Soma linha 589: 325514
Soma linha 590: 326251
Soma linha 591: 322665
Soma linha 592: 325056
Soma linha 593: 326620
Soma linha 594: 325491
Soma linha 595: 325183
Soma linha 596: 325255
Soma linha 597: 325772
Soma linha 598: 321112
Soma linha 599: 320192
Soma linha 600: 319700
Soma linha 601: 319319
Soma linha 602: 320799
Soma linha 603: 321490
Soma linha 604: 317957
Soma linha 605: 317279
Soma linha 606: 317251
Soma linha 607: 318664
Soma linha 608: 318871
Soma linha 609: 317077
Soma linha 610: 316052
Soma linha 611: 318532
Soma linha 612: 320029
Soma linha 613: 310923
Soma linha 614: 310657
Soma linha 615: 309802
Soma linha 616: 311137
Soma linha 617: 310299
Soma linha 618: 315955
Soma linha 619: 314918
Soma linha 620: 312881
Soma linha 621: 309295
Soma linha 622: 307855
Soma linha 623: 307085
Soma linha 624: 305195
Soma linha 625: 302235
Soma linha 626: 314580
Soma linha 627: 312253
Soma linha 628: 318420
Soma linha 629: 318067
Soma linha 630: 314784
Soma linha 631: 315611
Soma linha 632: 314990
Soma linha 633: 312646
Soma linha 634: 310754
Soma linha 635: 312203
Soma linha 636: 312391
Soma linha 637: 314702
Soma linha 638: 312580
Soma linha 639: 314928
Soma linha 640: 318999
Soma linha 641: 315561
Soma linha 642: 316645
Soma linha 643: 318917
Soma linha 644: 320781
Soma linha 645: 325213
Soma linha 646: 325744
Soma linha 647: 323187
Soma linha 648: 323136
Soma linha 649: 322037
Soma linha 650: 325607
Soma linha 651: 325726
Soma linha 652: 332266
Soma linha 653: 332824
Soma linha 654: 336851
Soma linha 655: 336786
Soma linha 656: 334354
Soma linha 657: 332266
Soma linha 658: 330540
Soma linha 659: 329204
Soma linha 660: 329711
Soma linha 661: 328526
Soma linha 662: 331814
Soma linha 663: 331588
Soma linha 664: 329868
Soma linha 665: 328996
Soma linha 666: 329936
Soma linha 667: 326774
Soma linha 668: 328581
Soma linha 669: 328500
Soma linha 670: 327849
Soma linha 671: 325791
Soma linha 672: 326208
Soma linha 673: 321202
Soma linha 674: 320986
Soma linha 675: 324748
Soma linha 676: 323927
Soma linha 677: 329030
Soma linha 678: 332162
Soma linha 679: 332393
Soma linha 680: 333552
Soma linha 681: 329129
Soma linha 682: 330067
Soma linha 683: 331047
Soma linha 684: 335407
Soma linha 685: 336358
Soma linha 686: 334932
Soma linha 687: 333875
Soma linha 688: 335138
Soma linha 689: 336506
Soma linha 690: 330965
Soma linha 691: 332867
Soma linha 692: 335395
Soma linha 693: 332656
Soma linha 694: 335070
Soma linha 695: 334944
Soma linha 696: 337541
Soma linha 697: 339981
Soma linha 698: 342967
Soma linha 699: 341155
Soma linha 700: 340781
Soma linha 701: 340446
Soma linha 702: 338550
Soma linha 703: 335695
Soma linha 704: 336329
Soma linha 705: 335257
Soma linha 706: 335983
Soma linha 707: 332771
Soma linha 708: 330471
Soma linha 709: 332256
Soma linha 710: 330953
Soma linha 711: 330765
Soma linha 712: 329805
Soma linha 713: 331614
Soma linha 714: 328382
Soma linha 715: 327271
Soma linha 716: 328250
Soma linha 717: 331153
Soma linha 718: 330406
Soma linha 719: 328675
Soma linha 720: 333509
Soma linha 721: 331560
Soma linha 722: 337311
Soma linha 723: 336703
Soma linha 724: 339046
Soma linha 725: 338874
Soma linha 726: 337444
Soma linha 727: 338860
Soma linha 728: 339040
Soma linha 729: 343282
Soma linha 730: 348066
Soma linha 731: 346937
Soma linha 732: 349955
Soma linha 733: 348011
Soma linha 734: 344552
Soma linha 735: 343951
Soma linha 736: 344254
Soma linha 737: 349759
Soma linha 738: 347845
Soma linha 739: 349221
Soma linha 740: 349918
Soma linha 741: 347916
Soma linha 742: 347321
Soma linha 743: 349653
Soma linha 744: 357137
Soma linha 745: 355512
Soma linha 746: 356313
Soma linha 747: 356840
Soma linha 748: 356374
Soma linha 749: 356153
Soma linha 750: 359970
Soma linha 751: 361833
Soma linha 752: 356230
Soma linha 753: 359039
Soma linha 754: 362710
Soma linha 755: 363413
Soma linha 756: 365172
Soma linha 757: 364093
Soma linha 758: 359857
Soma linha 759: 363518
Soma linha 760: 360170
Soma linha 761: 362956
Soma linha 762: 362994
Soma linha 763: 361243
Soma linha 764: 361255
Soma linha 765: 360534
Soma linha 766: 359733
Soma linha 767: 359371
Soma linha 768: 360719
Soma linha 769: 361434
Soma linha 770: 361395
Soma linha 771: 359736
Soma linha 772: 358230
Soma linha 773: 360528
Soma linha 774: 361312
Soma linha 775: 363856
Soma linha 776: 359683
Soma linha 777: 358855
Soma linha 778: 356679
Soma linha 779: 360292
Soma linha 780: 361632
Soma linha 781: 362025
Soma linha 782: 360984
Soma linha 783: 360752
Soma linha 784: 365230
Soma linha 785: 362971
Soma linha 786: 362562
Soma linha 787: 360508
Soma linha 788: 358933
Soma linha 789: 362811
Soma linha 790: 361342
Soma linha 791: 365249
Soma linha 792: 364011
Soma linha 793: 360670
Soma linha 794: 364977
Soma linha 795: 360980
Soma linha 796: 359097
Soma linha 797: 356936
Soma linha 798: 355472
Soma linha 799: 353298
Soma linha 800: 357249
Soma linha 801: 362024
Soma linha 802: 358686
Soma linha 803: 356238
Soma linha 804: 356942
Soma linha 805: 359445
Soma linha 806: 360206
Soma linha 807: 359626
Soma linha 808: 360463
Soma linha 809: 358850
Soma linha 810: 362338
Soma linha 811: 359993
Soma linha 812: 358368
Soma linha 813: 358330
Soma linha 814: 357456
Soma linha 815: 358911
Soma linha 816: 359391
Soma linha 817: 359982
Soma linha 818: 357683
Soma linha 819: 357931
Soma linha 820: 356421
Soma linha 821: 356464
Soma linha 822: 354088
Soma linha 823: 357800
Soma linha 824: 357288
Soma linha 825: 357474
Soma linha 826: 356751
Soma linha 827: 352418
Soma linha 828: 351844
Soma linha 829: 354686
Soma linha 830: 354150
Soma linha 831: 357139
Soma linha 832: 357974
Soma linha 833: 358157
Soma linha 834: 359822
Soma linha 835: 358607
Soma linha 836: 356190
Soma linha 837: 356913
Soma linha 838: 356057
Soma linha 839: 355350
Soma linha 840: 353565
Soma linha 841: 354893
Soma linha 842: 357047
Soma linha 843: 355010
Soma linha 844: 349647
Soma linha 845: 351876
Soma linha 846: 352668
Soma linha 847: 349932
Soma linha 848: 347949
Soma linha 849: 350376
Soma linha 850: 355006
Soma linha 851: 351378
Soma linha 852: 346848
Soma linha 853: 348618
Soma linha 854: 350151
Soma linha 855: 345086
Soma linha 856: 345760
Soma linha 857: 350420
Soma linha 858: 347684
Soma linha 859: 349859
Soma linha 860: 349455
Soma linha 861: 351155
Soma linha 862: 347026
Soma linha 863: 346493
Soma linha 864: 345901
Soma linha 865: 344958
Soma linha 866: 347552
Soma linha 867: 348787
Soma linha 868: 346886
Soma linha 869: 345997
Soma linha 870: 345351
Soma linha 871: 347230
Soma linha 872: 347882
Soma linha 873: 349569
Soma linha 874: 350266
Soma linha 875: 349025
Soma linha 876: 350272
Soma linha 877: 351452
Soma linha 878: 351217
Soma linha 879: 348700
Soma linha 880: 347425
Soma linha 881: 349182
Soma linha 882: 350936
Soma linha 883: 352136
Soma linha 884: 351658
Soma linha 885: 347643
Soma linha 886: 350899
Soma linha 887: 348144
Soma linha 888: 347879
Soma linha 889: 351434
Soma linha 890: 351059
Soma linha 891: 350247
Soma linha 892: 351716
Soma linha 893: 354822
Soma linha 894: 353493
Soma linha 895: 353902
Soma linha 896: 351428
Soma linha 897: 354224
Soma linha 898: 358743
Soma linha 899: 362513
Soma linha 900: 356427
Soma linha 901: 356985
Soma linha 902: 355385
Soma linha 903: 354742
Soma linha 904: 356932
Soma linha 905: 356574
Soma linha 906: 354591
Soma linha 907: 354308
Soma linha 908: 351284
Soma linha 909: 351997
Soma linha 910: 353562
Soma linha 911: 353663
Soma linha 912: 354010
Soma linha 913: 350511
Soma linha 914: 349318
Soma linha 915: 350317
Soma linha 916: 347821
Soma linha 917: 346957
Soma linha 918: 347384
Soma linha 919: 344941
Soma linha 920: 344107
Soma linha 921: 344462
Soma linha 922: 343967
Soma linha 923: 343514
Soma linha 924: 343379
Soma linha 925: 342044
Soma linha 926: 341971
Soma linha 927: 340660
Soma linha 928: 339416
Soma linha 929: 338091
Soma linha 930: 335139
Soma linha 931: 333732
Soma linha 932: 336807
Soma linha 933: 337615
Soma linha 934: 335754
Soma linha 935: 330784
Soma linha 936: 328489
Soma linha 937: 327810
Soma linha 938: 325663
Soma linha 939: 323495
Soma linha 940: 325463
Soma linha 941: 328244
Soma linha 942: 326332
Soma linha 943: 325668
Soma linha 944: 326675
Soma linha 945: 327435
Soma linha 946: 327473
Soma linha 947: 324830
Soma linha 948: 325905
Soma linha 949: 326138
Soma linha 950: 324642
Soma linha 951: 326643
Soma linha 952: 327163
Soma linha 953: 327935
Soma linha 954: 326003
Soma linha 955: 323328
Soma linha 956: 322147
Soma linha 957: 322356
Soma linha 958: 325547
Soma linha 959: 323556
Soma linha 960: 328116
Soma linha 961: 321377
Soma linha 962: 324542
Soma linha 963: 321080
Soma linha 964: 320225
Soma linha 965: 319635
Soma linha 966: 314677
Soma linha 967: 316132
Soma linha 968: 317482
Soma linha 969: 318492
Soma linha 970: 320434
Soma linha 971: 321690
Soma linha 972: 322056
Soma linha 973: 320752
Soma linha 974: 321342
Soma linha 975: 322175
Soma linha 976: 320018
Soma linha 977: 326881
Soma linha 978: 326434
Soma linha 979: 325973
Soma linha 980: 322100
Soma linha 981: 318535
Soma linha 982: 319115
Soma linha 983: 318826
Soma linha 984: 318399
Soma linha 985: 319589
Soma linha 986: 318115
Soma linha 987: 320327
Soma linha 988: 320241
Soma linha 989: 320742
Soma linha 990: 323179
Soma linha 991: 319165
Soma linha 992: 322175
Soma linha 993: 320000
Soma linha 994: 320513
Soma linha 995: 320646
Soma linha 996: 324115
Soma linha 997: 323921
Soma linha 998: 322416
Soma linha 999: 321300
Soma linha 1000: 322962
Soma linha 1001: 326826
Soma linha 1002: 328335
Soma linha 1003: 328691
Soma linha 1004: 331588
Soma linha 1005: 335276
Soma linha 1006: 335343
Soma linha 1007: 333405
Soma linha 1008: 332473
Soma linha 1009: 335859
Soma linha 1010: 337477
Soma linha 1011: 337504
Soma linha 1012: 339728
Soma linha 1013: 339140
Soma linha 1014: 340884
Soma linha 1015: 341497
Soma linha 1016: 341570
Soma linha 1017: 343562
Soma linha 1018: 345460
Soma linha 1019: 348129
Soma linha 1020: 348707
Soma linha 1021: 349348
Soma linha 1022: 350062
Soma linha 1023: 350924
Soma linha 1024: 349780
Soma linha 1025: 351737
Soma linha 1026: 355122
Soma linha 1027: 356751
Soma linha 1028: 356450
Soma linha 1029: 357685
Soma linha 1030: 358249
Soma linha 1031: 356332
Soma linha 1032: 354757
Soma linha 1033: 353094
Soma linha 1034: 353811
Soma linha 1035: 355593
Soma linha 1036: 353977
Soma linha 1037: 357612
Soma linha 1038: 357413
Soma linha 1039: 357052
Soma linha 1040: 354207
Soma linha 1041: 352393
Soma linha 1042: 355040
Soma linha 1043: 357145
Soma linha 1044: 354532
Soma linha 1045: 353206
Soma linha 1046: 353376
Soma linha 1047: 353091
Soma linha 1048: 353426
Soma linha 1049: 350026
Soma linha 1050: 353040
Soma linha 1051: 349927
Soma linha 1052: 350783
Soma linha 1053: 352276
Soma linha 1054: 351550
Soma linha 1055: 351651
Soma linha 1056: 354157
Soma linha 1057: 353563
Soma linha 1058: 352836
Soma linha 1059: 353177
Soma linha 1060: 353600
Soma linha 1061: 355690
Soma linha 1062: 354303
Soma linha 1063: 353379
Soma linha 1064: 355695
Soma linha 1065: 356361
Soma linha 1066: 355855
Soma linha 1067: 353267
Soma linha 1068: 357025
Soma linha 1069: 360717
Soma linha 1070: 360844
Soma linha 1071: 361606
Soma linha 1072: 359572
Soma linha 1073: 360204
Soma linha 1074: 361061
Soma linha 1075: 361523
Soma linha 1076: 360606
Soma linha 1077: 361154
Soma linha 1078: 363566
Soma linha 1079: 364422
Soma linha 1080: 363565
Soma linha 1081: 362167
Soma linha 1082: 363432
Soma linha 1083: 364412
Soma linha 1084: 363778
Soma linha 1085: 362919
Soma linha 1086: 362126
Soma linha 1087: 363294
Soma linha 1088: 363836
Soma linha 1089: 363000
Soma linha 1090: 363966
Soma linha 1091: 362826
Soma linha 1092: 362124
Soma linha 1093: 363718
Soma linha 1094: 363265
Soma linha 1095: 361935
Soma linha 1096: 360643
Soma linha 1097: 359724
Soma linha 1098: 361555
Soma linha 1099: 362974
Soma linha 1100: 361540
Soma linha 1101: 360977
Soma linha 1102: 359078
Soma linha 1103: 358419
Soma linha 1104: 359712
Soma linha 1105: 361738
Soma linha 1106: 359876
Soma linha 1107: 359266
Soma linha 1108: 360101
Soma linha 1109: 361821
Soma linha 1110: 360109
Soma linha 1111: 360599
Soma linha 1112: 363347
Soma linha 1113: 361052
Soma linha 1114: 363202
Soma linha 1115: 361336
Soma linha 1116: 363550
Soma linha 1117: 362049
Soma linha 1118: 359906
Soma linha 1119: 361739
Soma linha 1120: 364727
Soma linha 1121: 363296
Soma linha 1122: 363208
Soma linha 1123: 360213
Soma linha 1124: 359411
Soma linha 1125: 361752
Soma linha 1126: 360896
Soma linha 1127: 361816
Soma linha 1128: 358259
Soma linha 1129: 359856
Soma linha 1130: 359225
Soma linha 1131: 359638
Soma linha 1132: 361324
Soma linha 1133: 361783
Soma linha 1134: 360647
Soma linha 1135: 360064
Soma linha 1136: 357134
Soma linha 1137: 357566
Soma linha 1138: 358075
Soma linha 1139: 359506
Soma linha 1140: 360444
Soma linha 1141: 360731
Soma linha 1142: 361158
Soma linha 1143: 360579
Soma linha 1144: 361764
Soma linha 1145: 359478
Soma linha 1146: 363324
Soma linha 1147: 361034
Soma linha 1148: 361067
Soma linha 1149: 363224
Soma linha 1150: 364532
Soma linha 1151: 363911
Soma linha 1152: 364204
Soma linha 1153: 365250
Soma linha 1154: 367718
Soma linha 1155: 367753
Soma linha 1156: 366550
Soma linha 1157: 365805
Soma linha 1158: 365010
Soma linha 1159: 368144
Soma linha 1160: 366173
Soma linha 1161: 365920
Soma linha 1162: 365359
Soma linha 1163: 362607
Soma linha 1164: 364892
Soma linha 1165: 365731
Soma linha 1166: 363984
Soma linha 1167: 364079
Soma linha 1168: 360082
Soma linha 1169: 359747
Soma linha 1170: 356651
Soma linha 1171: 354814
Soma linha 1172: 354513
Soma linha 1173: 351288
Soma linha 1174: 350314
Soma linha 1175: 347584
Soma linha 1176: 347210
Soma linha 1177: 346699
Soma linha 1178: 346989
Soma linha 1179: 344649
Soma linha 1180: 345345
Soma linha 1181: 343794
Soma linha 1182: 342830
Soma linha 1183: 341785
Soma linha 1184: 341985
Soma linha 1185: 343189
Soma linha 1186: 341746
Soma linha 1187: 336151
Soma linha 1188: 336438
Soma linha 1189: 336258
Soma linha 1190: 334963
Soma linha 1191: 337458
Soma linha 1192: 335342
Soma linha 1193: 335237
Soma linha 1194: 335306
Soma linha 1195: 333506
Soma linha 1196: 333291
Soma linha 1197: 334487
Soma linha 1198: 334977
Soma linha 1199: 335966
Soma linha 1200: 332917
Soma linha 1201: 334258
Soma linha 1202: 336181
Soma linha 1203: 335311
Soma linha 1204: 335146
Soma linha 1205: 336500
Soma linha 1206: 337314
Soma linha 1207: 333826
Soma linha 1208: 334304
Soma linha 1209: 334325
Soma linha 1210: 336965
Soma linha 1211: 336031
Soma linha 1212: 335080
Soma linha 1213: 334916
Soma linha 1214: 333743
Soma linha 1215: 334626
Soma linha 1216: 332245
Soma linha 1217: 333785
Soma linha 1218: 335200
Soma linha 1219: 335379
Soma linha 1220: 334858
Soma linha 1221: 334510
Soma linha 1222: 334243
Soma linha 1223: 335896
Soma linha 1224: 332431
Soma linha 1225: 332400
Soma linha 1226: 333202
Soma linha 1227: 331581
Soma linha 1228: 330315
Soma linha 1229: 332041
Soma linha 1230: 329058
Soma linha 1231: 327916
Soma linha 1232: 326805
Soma linha 1233: 325474
Soma linha 1234: 329023
Soma linha 1235: 327647
Soma linha 1236: 325574
Soma linha 1237: 328281
Soma linha 1238: 331620
Soma linha 1239: 329129
Soma linha 1240: 328424
Soma linha 1241: 331309
Soma linha 1242: 333587
Soma linha 1243: 333222
Soma linha 1244: 332487
Soma linha 1245: 333565
Soma linha 1246: 333263
Soma linha 1247: 334543
Soma linha 1248: 335169
Soma linha 1249: 336722
Soma linha 1250: 336155
Soma linha 1251: 333337
Soma linha 1252: 332720
Soma linha 1253: 333059
Soma linha 1254: 333034
Soma linha 1255: 333637
Soma linha 1256: 334984
Soma linha 1257: 335569
Soma linha 1258: 336170
Soma linha 1259: 337016
Soma linha 1260: 334275
Soma linha 1261: 333440
Soma linha 1262: 334812
Soma linha 1263: 333160
Soma linha 1264: 334638
Soma linha 1265: 331706
Soma linha 1266: 332989
Soma linha 1267: 333659
Soma linha 1268: 336235
Soma linha 1269: 336511
Soma linha 1270: 337675
Soma linha 1271: 336641
Soma linha 1272: 338287
Soma linha 1273: 334402
Soma linha 1274: 337807
Soma linha 1275: 336552
Soma linha 1276: 335769
Soma linha 1277: 336614
Soma linha 1278: 335359
Soma linha 1279: 336524
Soma linha 1280: 335063
Soma linha 1281: 335985
Soma linha 1282: 334314
Soma linha 1283: 334337
Soma linha 1284: 336363
Soma linha 1285: 336566
Soma linha 1286: 335512
Soma linha 1287: 336291
Soma linha 1288: 334997
Soma linha 1289: 336093
Soma linha 1290: 337229
Soma linha 1291: 336233
Soma linha 1292: 335568
Soma linha 1293: 335907
Soma linha 1294: 336646
Soma linha 1295: 336000
Soma linha 1296: 337885
Soma linha 1297: 338393
Soma linha 1298: 338986
Soma linha 1299: 335876
Soma linha 1300: 334587
Soma linha 1301: 335752
Soma linha 1302: 335530
Soma linha 1303: 334176
Soma linha 1304: 335814
Soma linha 1305: 333100
Soma linha 1306: 334407
Soma linha 1307: 333480
Soma linha 1308: 332155
Soma linha 1309: 332645
Soma linha 1310: 331273
Soma linha 1311: 332894
Soma linha 1312: 330555
Soma linha 1313: 330078
Soma linha 1314: 328391
Soma linha 1315: 327004
Soma linha 1316: 327177
Soma linha 1317: 327552
Soma linha 1318: 326616
Soma linha 1319: 327869
Soma linha 1320: 328480
Soma linha 1321: 327170
Soma linha 1322: 325557
Soma linha 1323: 325837
Soma linha 1324: 327214
Soma linha 1325: 326545
Soma linha 1326: 329802
Soma linha 1327: 326313
Soma linha 1328: 327619
Soma linha 1329: 327416
Soma linha 1330: 326699
Soma linha 1331: 325149
Soma linha 1332: 323847
Soma linha 1333: 323336
Soma linha 1334: 323106
Soma linha 1335: 322985
Soma linha 1336: 322466
Soma linha 1337: 324793
Soma linha 1338: 322910
Soma linha 1339: 319735
Soma linha 1340: 317876
Soma linha 1341: 319022
Soma linha 1342: 318745
Soma linha 1343: 319204
Soma linha 1344: 318423
Soma linha 1345: 316702
Soma linha 1346: 317637
Soma linha 1347: 317456
Soma linha 1348: 316278
Soma linha 1349: 316511
Soma linha 1350: 314008
Soma linha 1351: 313313
Soma linha 1352: 312734
Soma linha 1353: 311913
Soma linha 1354: 313749
Soma linha 1355: 313062
Soma linha 1356: 311447
Soma linha 1357: 312982
Soma linha 1358: 312844
Soma linha 1359: 313765
Soma linha 1360: 314941
Soma linha 1361: 315091
Soma linha 1362: 314916
Soma linha 1363: 314777
Soma linha 1364: 315258
Soma linha 1365: 315015
Soma linha 1366: 312263
Soma linha 1367: 310973
Soma linha 1368: 310019
Soma linha 1369: 309804
Soma linha 1370: 311136
Soma linha 1371: 313243
Soma linha 1372: 311326
Soma linha 1373: 307851
Soma linha 1374: 307149
Soma linha 1375: 308031
Soma linha 1376: 304107
Soma linha 1377: 303097
Soma linha 1378: 303416
Soma linha 1379: 303710
Soma linha 1380: 302606
Soma linha 1381: 301117
Soma linha 1382: 300595
Soma linha 1383: 300415
Soma linha 1384: 302934
Soma linha 1385: 301811
Soma linha 1386: 302114
Soma linha 1387: 303652
Soma linha 1388: 303131
Soma linha 1389: 303376
Soma linha 1390: 304109
Soma linha 1391: 303972
Soma linha 1392: 306403
Soma linha 1393: 302236
Soma linha 1394: 304473
Soma linha 1395: 302670
Soma linha 1396: 301842
Soma linha 1397: 300736
Soma linha 1398: 298313
Soma linha 1399: 300319
Soma linha 1400: 299255
Soma linha 1401: 299001
Soma linha 1402: 298471
Soma linha 1403: 299404
Soma linha 1404: 297413
Soma linha 1405: 296992
Soma linha 1406: 295416
Soma linha 1407: 298329
Soma linha 1408: 292487
Soma linha 1409: 293752
Soma linha 1410: 294107
Soma linha 1411: 293474
Soma linha 1412: 296145
Soma linha 1413: 296550
Soma linha 1414: 295817
Soma linha 1415: 293931
Soma linha 1416: 296787
Soma linha 1417: 296294
Soma linha 1418: 296928
Soma linha 1419: 297170
Soma linha 1420: 296318
Soma linha 1421: 296837
Soma linha 1422: 295708
Soma linha 1423: 293566
Soma linha 1424: 295855
Soma linha 1425: 294685
Soma linha 1426: 294208
Soma linha 1427: 297167
Soma linha 1428: 295096
Soma linha 1429: 293647
Soma linha 1430: 293262
Soma linha 1431: 297044
Soma linha 1432: 296733
Soma linha 1433: 298025
Soma linha 1434: 299625
Soma linha 1435: 297982
Soma linha 1436: 299412
Soma linha 1437: 299889
Soma linha 1438: 293352
Soma linha 1439: 295581
Soma linha 1440: 292153
Soma linha 1441: 291359
Soma linha 1442: 287887
Soma linha 1443: 286643
Soma linha 1444: 287239
Soma linha 1445: 288783
Soma linha 1446: 288179
Soma linha 1447: 286933
Soma linha 1448: 291779
Soma linha 1449: 291716
Soma linha 1450: 293105
Soma linha 1451: 296655
Soma linha 1452: 297467
Soma linha 1453: 294710
Soma linha 1454: 296908
Soma linha 1455: 301037
Soma linha 1456: 300927
Soma linha 1457: 304630
Soma linha 1458: 302355
Soma linha 1459: 299764
Soma linha 1460: 303544
Soma linha 1461: 308627
Soma linha 1462: 308910
Soma linha 1463: 313308
Soma linha 1464: 314043
Soma linha 1465: 314663
Soma linha 1466: 314415
Soma linha 1467: 313551
Soma linha 1468: 311248
Soma linha 1469: 313302
Soma linha 1470: 319621
Soma linha 1471: 318974
Soma linha 1472: 324098
Soma linha 1473: 324062
Soma linha 1474: 324773
Soma linha 1475: 324717
Soma linha 1476: 325088
Soma linha 1477: 324758
Soma linha 1478: 325138
Soma linha 1479: 322281
Soma linha 1480: 325809
Soma linha 1481: 324334
Soma linha 1482: 324850
Soma linha 1483: 326593
Soma linha 1484: 324645
Soma linha 1485: 325801
Soma linha 1486: 324724
Soma linha 1487: 325541
Soma linha 1488: 325151
Soma linha 1489: 326355
Soma linha 1490: 323095
Soma linha 1491: 324700
Soma linha 1492: 326030
Soma linha 1493: 324109
Soma linha 1494: 322155
Soma linha 1495: 321086
Soma linha 1496: 319053
Soma linha 1497: 317074
Soma linha 1498: 314153
Soma linha 1499: 313425
Soma linha 1500: 312133
Soma linha 1501: 309201
Soma linha 1502: 309632
Soma linha 1503: 306105
Soma linha 1504: 305764
Soma linha 1505: 303662
Soma linha 1506: 303735
Soma linha 1507: 305872
Soma linha 1508: 304426
Soma linha 1509: 304336
Soma linha 1510: 304552
Soma linha 1511: 303555
Soma linha 1512: 301628
Soma linha 1513: 303618
Soma linha 1514: 305575
Soma linha 1515: 307091
Soma linha 1516: 306263
Soma linha 1517: 305793
Soma linha 1518: 306255
Soma linha 1519: 307616
Soma linha 1520: 307836
Soma linha 1521: 308240
Soma linha 1522: 308539
Soma linha 1523: 308597
Soma linha 1524: 306526
Soma linha 1525: 306855
Soma linha 1526: 304398
Soma linha 1527: 307033
Soma linha 1528: 306133
Soma linha 1529: 308088
Soma linha 1530: 310444
Soma linha 1531: 311834
Soma linha 1532: 303430
Soma linha 1533: 296956
Soma linha 1534: 291856
Soma linha 1535: 289652
Soma linha 1536: 292601
Soma linha 1537: 290147
Soma linha 1538: 291785
Soma linha 1539: 290793
Soma linha 1540: 294003
Soma linha 1541: 293311
Soma linha 1542: 293324
Soma linha 1543: 298456
Soma linha 1544: 299997
Soma linha 1545: 297976
Soma linha 1546: 297487
Soma linha 1547: 294166
Soma linha 1548: 297134
Soma linha 1549: 296487
Soma linha 1550: 293761
Soma linha 1551: 294091
Soma linha 1552: 284030
Soma linha 1553: 278565
Soma linha 1554: 271610
Soma linha 1555: 268589
Soma linha 1556: 267067
Soma linha 1557: 266672
Soma linha 1558: 263187
Soma linha 1559: 263651
Soma linha 1560: 259133
Soma linha 1561: 258921
Soma linha 1562: 260151
Soma linha 1563: 262031
Soma linha 1564: 260506
Soma linha 1565: 260869
Soma linha 1566: 261353
Soma linha 1567: 261712
Soma linha 1568: 259561
Soma linha 1569: 259765
Soma linha 1570: 257730
Soma linha 1571: 259727
Soma linha 1572: 259129
Soma linha 1573: 260227
Soma linha 1574: 260243
Soma linha 1575: 256013
Soma linha 1576: 252739
Soma linha 1577: 255787
Soma linha 1578: 253247
Soma linha 1579: 254082
Soma linha 1580: 251239
Soma linha 1581: 252220
Soma linha 1582: 252711
Soma linha 1583: 253506
Soma linha 1584: 249797
Soma linha 1585: 250856
Soma linha 1586: 248789
Soma linha 1587: 249983
Soma linha 1588: 253852
Soma linha 1589: 255050
Soma linha 1590: 255706
Soma linha 1591: 254452
Soma linha 1592: 255278
Soma linha 1593: 256098
Soma linha 1594: 260876
Soma linha 1595: 262795
Soma linha 1596: 263247
Soma linha 1597: 263768
Soma linha 1598: 267469
Soma linha 1599: 269139
Soma linha 1600: 269620
Soma linha 1601: 274981
Soma linha 1602: 280135
Soma linha 1603: 278407
Soma linha 1604: 280004
Soma linha 1605: 282350
Soma linha 1606: 281747
Soma linha 1607: 287494
Soma linha 1608: 287070
Soma linha 1609: 286174
Soma linha 1610: 286452
Soma linha 1611: 287865
Soma linha 1612: 288002
Soma linha 1613: 288618
Soma linha 1614: 289797
Soma linha 1615: 291771
Soma linha 1616: 292610
Soma linha 1617: 296813
Soma linha 1618: 296735
Soma linha 1619: 302807
Soma linha 1620: 302131
Soma linha 1621: 306383
Soma linha 1622: 313138
Soma linha 1623: 318147
Soma linha 1624: 313107
Soma linha 1625: 312935
Soma linha 1626: 308544
Soma linha 1627: 312497
Soma linha 1628: 311289
Soma linha 1629: 305610
Soma linha 1630: 302512
Soma linha 1631: 304888
Soma linha 1632: 305781
Soma linha 1633: 312788
Soma linha 1634: 310535
Soma linha 1635: 306760
Soma linha 1636: 308986
Soma linha 1637: 308240
Soma linha 1638: 308900
Soma linha 1639: 311298
Soma linha 1640: 314065
Soma linha 1641: 315681
Soma linha 1642: 319621
Soma linha 1643: 321827
Soma linha 1644: 323499
Soma linha 1645: 320678
Soma linha 1646: 320363
Soma linha 1647: 320380
Soma linha 1648: 322453
Soma linha 1649: 322117
Soma linha 1650: 319359
Soma linha 1651: 318213
Soma linha 1652: 314791
Soma linha 1653: 314779
Soma linha 1654: 320164
Soma linha 1655: 316163
Soma linha 1656: 314551
Soma linha 1657: 315474
Soma linha 1658: 313994
Soma linha 1659: 315688
Soma linha 1660: 314289
Soma linha 1661: 315567
Soma linha 1662: 312966
Soma linha 1663: 311817
Soma linha 1664: 312296
Soma linha 1665: 311596
Soma linha 1666: 309517
Soma linha 1667: 304687
Soma linha 1668: 301458
Soma linha 1669: 304115
Soma linha 1670: 300416
Soma linha 1671: 302865
Soma linha 1672: 301055
Soma linha 1673: 301199
Soma linha 1674: 305811
Soma linha 1675: 303576
Soma linha 1676: 307374
Soma linha 1677: 308320
Soma linha 1678: 306590
Soma linha 1679: 306246
Soma linha 1680: 311797
Soma linha 1681: 308356
Soma linha 1682: 313093
Soma linha 1683: 308474
Soma linha 1684: 316604
Soma linha 1685: 318421
Soma linha 1686: 319105
Soma linha 1687: 324240
Soma linha 1688: 328026
Soma linha 1689: 328354
Soma linha 1690: 329217
Soma linha 1691: 326759
Soma linha 1692: 323205
Soma linha 1693: 328769
Soma linha 1694: 324307
Soma linha 1695: 320401
Soma linha 1696: 317679
Soma linha 1697: 323529
Soma linha 1698: 324473
Soma linha 1699: 320268
Soma linha 1700: 319908
Soma linha 1701: 326101
Soma linha 1702: 323514
Soma linha 1703: 326872
Soma linha 1704: 322302
Soma linha 1705: 323617
Soma linha 1706: 318691
Soma linha 1707: 320429
Soma linha 1708: 322840
Soma linha 1709: 322454
Soma linha 1710: 318808
Soma linha 1711: 320036
Soma linha 1712: 319444
Soma linha 1713: 321111
Soma linha 1714: 320006
Soma linha 1715: 318699
Soma linha 1716: 318924
Soma linha 1717: 317108
Soma linha 1718: 314848
Soma linha 1719: 315980
Soma linha 1720: 319058
Soma linha 1721: 321246
Soma linha 1722: 320555
Soma linha 1723: 318446
Soma linha 1724: 321880
Soma linha 1725: 326631
Soma linha 1726: 329290
Soma linha 1727: 328275
Soma linha 1728: 327597
Soma linha 1729: 334100
Soma linha 1730: 338425
Soma linha 1731: 341150
Soma linha 1732: 346656
Soma linha 1733: 347981
Soma linha 1734: 352035
Soma linha 1735: 353690
Soma linha 1736: 356017
Soma linha 1737: 358420
Soma linha 1738: 361817
Soma linha 1739: 359500
Soma linha 1740: 368309
Soma linha 1741: 366250
Soma linha 1742: 364488
Soma linha 1743: 367143
Soma linha 1744: 376119
Soma linha 1745: 378707
Soma linha 1746: 384435
Soma linha 1747: 385713
Soma linha 1748: 385742
Soma linha 1749: 384020
Soma linha 1750: 382411
Soma linha 1751: 385108
Soma linha 1752: 389145
Soma linha 1753: 389497
Soma linha 1754: 392500
Soma linha 1755: 387540
Soma linha 1756: 387835
Soma linha 1757: 389959
Soma linha 1758: 394998
Soma linha 1759: 397065
Soma linha 1760: 399247
Soma linha 1761: 399007
Soma linha 1762: 399052
Soma linha 1763: 398632
Soma linha 1764: 400724
Soma linha 1765: 397779
Soma linha 1766: 393041
Soma linha 1767: 392582
Soma linha 1768: 396037
Soma linha 1769: 394354
Soma linha 1770: 398142
Soma linha 1771: 396740
Soma linha 1772: 395615
Soma linha 1773: 396486
Soma linha 1774: 399098
Soma linha 1775: 400053
Soma linha 1776: 404578
Soma linha 1777: 408763
Soma linha 1778: 409780
Soma linha 1779: 410798
Soma linha 1780: 407626
Soma linha 1781: 407945
Soma linha 1782: 408760
Soma linha 1783: 407548
Soma linha 1784: 405812
Soma linha 1785: 405055
Soma linha 1786: 403441
Soma linha 1787: 404397
Soma linha 1788: 400838
Soma linha 1789: 393563
Soma linha 1790: 392343
Soma linha 1791: 394090
Soma linha 1792: 400328
Soma linha 1793: 400972
Soma linha 1794: 399159
Soma linha 1795: 396983
Soma linha 1796: 398465
Soma linha 1797: 396011
Soma linha 1798: 394132
Soma linha 1799: 392924
Soma linha 1800: 392718
Soma linha 1801: 391094
Soma linha 1802: 390373
Soma linha 1803: 388700
Soma linha 1804: 386498
Soma linha 1805: 382984
Soma linha 1806: 382579
Soma linha 1807: 387201
Soma linha 1808: 382702
Soma linha 1809: 380482
Soma linha 1810: 379608
Soma linha 1811: 376274
Soma linha 1812: 375761
Soma linha 1813: 374944
Soma linha 1814: 371115
Soma linha 1815: 377879
Soma linha 1816: 374339
Soma linha 1817: 375491
Soma linha 1818: 381533
Soma linha 1819: 383521
Soma linha 1820: 376300
Soma linha 1821: 377878
Soma linha 1822: 383923
Soma linha 1823: 381618
Soma linha 1824: 381084
Soma linha 1825: 377024
Soma linha 1826: 375399
Soma linha 1827: 375556
Soma linha 1828: 373074
Soma linha 1829: 373294
Soma linha 1830: 378341
Soma linha 1831: 377057
Soma linha 1832: 377317
Soma linha 1833: 376802
Soma linha 1834: 375655
Soma linha 1835: 374396
Soma linha 1836: 375203
Soma linha 1837: 375270
Soma linha 1838: 381833
Soma linha 1839: 382632
Soma linha 1840: 386754
Soma linha 1841: 388843
Soma linha 1842: 387737
Soma linha 1843: 387829
Soma linha 1844: 389290
Soma linha 1845: 394506
Soma linha 1846: 396807
Soma linha 1847: 400182
Soma linha 1848: 402483
Soma linha 1849: 403634
Soma linha 1850: 400863
Soma linha 1851: 402578
Soma linha 1852: 402325
Soma linha 1853: 406152
Soma linha 1854: 402616
Soma linha 1855: 398016
Soma linha 1856: 401182
Soma linha 1857: 398667
Soma linha 1858: 406798
Soma linha 1859: 410320
Soma linha 1860: 415881
Soma linha 1861: 418888
Soma linha 1862: 422309
Soma linha 1863: 430834
Soma linha 1864: 430212
Soma linha 1865: 424304
Soma linha 1866: 429735
Soma linha 1867: 423368
Soma linha 1868: 422418
Soma linha 1869: 424056
Soma linha 1870: 420085
Soma linha 1871: 417297
Soma linha 1872: 422376
Soma linha 1873: 421683
Soma linha 1874: 425838
Soma linha 1875: 431935
Soma linha 1876: 428464
Soma linha 1877: 425609
Soma linha 1878: 427593
Soma linha 1879: 427909
Soma linha 1880: 426672
Soma linha 1881: 427681
Soma linha 1882: 427088
Soma linha 1883: 429788
Soma linha 1884: 432782
Soma linha 1885: 435795
Soma linha 1886: 436875
Soma linha 1887: 439310
Soma linha 1888: 443050
Soma linha 1889: 442556
Soma linha 1890: 453603
Soma linha 1891: 456559
Soma linha 1892: 452389
Soma linha 1893: 449294
Soma linha 1894: 446579
Soma linha 1895: 447651
Soma linha 1896: 452888
Soma linha 1897: 453771
Soma linha 1898: 453044
Soma linha 1899: 458105
Soma linha 1900: 460533
Soma linha 1901: 465187
Soma linha 1902: 468996
Soma linha 1903: 466681
Soma linha 1904: 466688
Soma linha 1905: 463573
Soma linha 1906: 463362
Soma linha 1907: 459615
Soma linha 1908: 458989
Soma linha 1909: 461239
Soma linha 1910: 460566
Soma linha 1911: 456166
Soma linha 1912: 456349
Soma linha 1913: 454709
Soma linha 1914: 453722
Soma linha 1915: 450868
Soma linha 1916: 447247
Soma linha 1917: 449533
Soma linha 1918: 450331
Soma linha 1919: 453359
Soma linha 1920: 451559
Soma linha 1921: 452566
Soma linha 1922: 453799
Soma linha 1923: 455039
Soma linha 1924: 457038
Soma linha 1925: 461566
Soma linha 1926: 459902
Soma linha 1927: 459190
Soma linha 1928: 461309
Soma linha 1929: 460837
Soma linha 1930: 457878
Soma linha 1931: 458373
Soma linha 1932: 458015
Soma linha 1933: 454767
Soma linha 1934: 456857
Soma linha 1935: 458723
Soma linha 1936: 454839
Soma linha 1937: 451353
Soma linha 1938: 455726
Soma linha 1939: 462889
Soma linha 1940: 463536
Soma linha 1941: 465584
Soma linha 1942: 464862
Soma linha 1943: 467324
Soma linha 1944: 468855
Soma linha 1945: 469882
Soma linha 1946: 474795
Soma linha 1947: 476753
Soma linha 1948: 484402
Soma linha 1949: 482499
Soma linha 1950: 489955
Soma linha 1951: 488779
Soma linha 1952: 498299
Soma linha 1953: 504570
Soma linha 1954: 509422
Soma linha 1955: 509939
Soma linha 1956: 514182
Soma linha 1957: 511255
Soma linha 1958: 511535
Soma linha 1959: 508600
Soma linha 1960: 507350
Soma linha 1961: 506464
Soma linha 1962: 505441
Soma linha 1963: 507493
Soma linha 1964: 507770
Soma linha 1965: 504712
Soma linha 1966: 506133
Soma linha 1967: 502610
Soma linha 1968: 498459
Soma linha 1969: 500662
Soma linha 1970: 514475
Soma linha 1971: 524871
Soma linha 1972: 537875
Soma linha 1973: 524393
Soma linha 1974: 515189
Soma linha 1975: 510638
Soma linha 1976: 509340
Soma linha 1977: 511049
Soma linha 1978: 506417
Soma linha 1979: 508359
Soma linha 1980: 506626
Soma linha 1981: 506418
Soma linha 1982: 506861
Soma linha 1983: 504968
Soma linha 1984: 505394
Soma linha 1985: 507006
Soma linha 1986: 504913
Soma linha 1987: 507547
Soma linha 1988: 508290
Soma linha 1989: 511081
Soma linha 1990: 512799
Soma linha 1991: 507724
Soma linha 1992: 506437
Soma linha 1993: 503097
Soma linha 1994: 502852
Soma linha 1995: 508522
Soma linha 1996: 507454
Soma linha 1997: 503401
Soma linha 1998: 503595
Soma linha 1999: 502828
Soma linha 2000: 502491
Soma linha 2001: 500623
Soma linha 2002: 499511
Soma linha 2003: 496454
Soma linha 2004: 492118
Soma linha 2005: 491886
Soma linha 2006: 487571
Soma linha 2007: 488389
Soma linha 2008: 492950
Soma linha 2009: 495667
Soma linha 2010: 499347
Soma linha 2011: 497188
Soma linha 2012: 495818
Soma linha 2013: 492521
Soma linha 2014: 490840
Soma linha 2015: 485754
Soma linha 2016: 484094
Soma linha 2017: 485313
Soma linha 2018: 489719
Soma linha 2019: 490242
Soma linha 2020: 488851
Soma linha 2021: 492656
Soma linha 2022: 489077
Soma linha 2023: 489735
Soma linha 2024: 491307
Soma linha 2025: 490045
Soma linha 2026: 490473
Soma linha 2027: 491847
Soma linha 2028: 494004
Soma linha 2029: 495665
Soma linha 2030: 494018
Soma linha 2031: 490987
Soma linha 2032: 491359
Soma linha 2033: 487498
Soma linha 2034: 485728
Soma linha 2035: 487597
Soma linha 2036: 488991
Soma linha 2037: 488727
Soma linha 2038: 485628
Soma linha 2039: 487953
Soma linha 2040: 479232
Soma linha 2041: 480883
Soma linha 2042: 484344
Soma linha 2043: 485308
Soma linha 2044: 489176
Soma linha 2045: 489180
Soma linha 2046: 486670
Soma linha 2047: 486892
Soma linha 2048: 489667
Soma linha 2049: 489150
Soma linha 2050: 490315
Soma linha 2051: 488782
Soma linha 2052: 490080
Soma linha 2053: 493158
Soma linha 2054: 494448
Soma linha 2055: 494909
Soma linha 2056: 492991
Soma linha 2057: 492898
Soma linha 2058: 494293
Soma linha 2059: 493067
Soma linha 2060: 495392
Soma linha 2061: 491623
Soma linha 2062: 493276
Soma linha 2063: 495792
Soma linha 2064: 493390
Soma linha 2065: 497445
Soma linha 2066: 496419
Soma linha 2067: 495906
Soma linha 2068: 499469
Soma linha 2069: 495218
Soma linha 2070: 498080
Soma linha 2071: 498172
Soma linha 2072: 496186
Soma linha 2073: 493877
Soma linha 2074: 488602
Soma linha 2075: 491447
Soma linha 2076: 491772
Soma linha 2077: 493418
Soma linha 2078: 493956
Soma linha 2079: 493987
Soma linha 2080: 497263
Soma linha 2081: 495863
Soma linha 2082: 497593
Soma linha 2083: 503213
Soma linha 2084: 502985
Soma linha 2085: 497490
Soma linha 2086: 498440
Soma linha 2087: 499281
Soma linha 2088: 502706
Soma linha 2089: 505072
Soma linha 2090: 502022
Soma linha 2091: 497161
Soma linha 2092: 495292
Soma linha 2093: 497333
Soma linha 2094: 498213
Soma linha 2095: 497783
Soma linha 2096: 498762
Soma linha 2097: 500408
Soma linha 2098: 496696
Soma linha 2099: 496216
Soma linha 2100: 492149
Soma linha 2101: 490359
Soma linha 2102: 493305
Soma linha 2103: 492662
Soma linha 2104: 497827
Soma linha 2105: 492125
Soma linha 2106: 489729
Soma linha 2107: 486940
Soma linha 2108: 488220
Soma linha 2109: 483471
Soma linha 2110: 483039
Soma linha 2111: 479373
Soma linha 2112: 480757
Soma linha 2113: 481375
Soma linha 2114: 485194
Soma linha 2115: 480410
Soma linha 2116: 478654
Soma linha 2117: 477580
Soma linha 2118: 477744
Soma linha 2119: 482604
Soma linha 2120: 477972
Soma linha 2121: 482256
Soma linha 2122: 479557
Soma linha 2123: 477992
Soma linha 2124: 472740
Soma linha 2125: 474264
Soma linha 2126: 469929
Soma linha 2127: 471062
Soma linha 2128: 472345
Soma linha 2129: 471965
Soma linha 2130: 475847
Soma linha 2131: 473395
Soma linha 2132: 471831
Soma linha 2133: 469340
Soma linha 2134: 462830
Soma linha 2135: 462109
Soma linha 2136: 461629
Soma linha 2137: 465385
Soma linha 2138: 470232
Soma linha 2139: 463945
Soma linha 2140: 459704
Soma linha 2141: 459499
Soma linha 2142: 462985
Soma linha 2143: 456235
Soma linha 2144: 459840
Soma linha 2145: 459334
Soma linha 2146: 453791
Soma linha 2147: 451393
Soma linha 2148: 450821
Soma linha 2149: 451233
Soma linha 2150: 450245
Soma linha 2151: 448245
Soma linha 2152: 449318
Soma linha 2153: 447285
Soma linha 2154: 446267
Soma linha 2155: 442386
Soma linha 2156: 437874
Soma linha 2157: 435296
Soma linha 2158: 431302
Soma linha 2159: 431427
birdNegativo.bmp
