CABECALHO:
Iniciais: BM
Tamanho do arquivo: 8295478
Reservado: 0
Deslocamento, em bytes, para o inicio da area de dados: 1078
Tamanho em bytes do segundo cabecalho: 40
Resolucao: 3840 x 2160
Numero de planos: 1
Bits por pixel: 8
Compressao usada: 0
Tamanho imagem: 8294400
Resolucao horizontal: 2835 pixel por metro
Resolucao Vertical: 2835 pixel por metro
Numero de cores usadas: 0
Numero de cores importantes: 0
PALETA ORIGINAL:
Paleta[0]: R:255 G:255 B:255
Paleta[1]: R:127 G:255 B:255
Paleta[2]: R:255 G:127 B:255
Paleta[3]: R:127 G:127 B:255
Paleta[4]: R:255 G:255 B:127
Paleta[5]: R:127 G:255 B:127
Paleta[6]: R:255 G:127 B:127
Paleta[7]: R:63 G:63 B:63
Paleta[8]: R:63 G:35 B:63
Paleta[9]: R:89 G:53 B:15
Paleta[10]: R:191 G:223 B:255
Paleta[11]: R:159 G:223 B:255
Paleta[12]: R:127 G:223 B:255
Paleta[13]: R:95 G:223 B:255
Paleta[14]: R:63 G:223 B:255
Paleta[15]: R:31 G:223 B:255
Paleta[16]: R:255 G:191 B:255
Paleta[17]: R:223 G:191 B:255
Paleta[18]: R:191 G:191 B:255
Paleta[19]: R:159 G:191 B:255
Paleta[20]: R:127 G:191 B:255
Paleta[21]: R:95 G:191 B:255
Paleta[22]: R:63 G:191 B:255
Paleta[23]: R:31 G:191 B:255
Paleta[24]: R:255 G:159 B:255
Paleta[25]: R:223 G:159 B:255
Paleta[26]: R:191 G:159 B:255
Paleta[27]: R:159 G:159 B:255
Paleta[28]: R:127 G:159 B:255
Paleta[29]: R:95 G:159 B:255
Paleta[30]: R:63 G:159 B:255
Paleta[31]: R:31 G:159 B:255
Paleta[32]: R:255 G:127 B:255
Paleta[33]: R:223 G:127 B:255
Paleta[34]: R:191 G:127 B:255
Paleta[35]: R:159 G:127 B:255
Paleta[36]: R:127 G:127 B:255
Paleta[37]: R:95 G:127 B:255
Paleta[38]: R:63 G:127 B:255
Paleta[39]: R:31 G:127 B:255
Paleta[40]: R:255 G:95 B:255
Paleta[41]: R:223 G:95 B:255
Paleta[42]: R:191 G:95 B:255
Paleta[43]: R:159 G:95 B:255
Paleta[44]: R:127 G:95 B:255
Paleta[45]: R:95 G:95 B:255
Paleta[46]: R:63 G:95 B:255
Paleta[47]: R:31 G:95 B:255
Paleta[48]: R:255 G:63 B:255
Paleta[49]: R:223 G:63 B:255
Paleta[50]: R:191 G:63 B:255
Paleta[51]: R:159 G:63 B:255
Paleta[52]: R:127 G:63 B:255
Paleta[53]: R:95 G:63 B:255
Paleta[54]: R:63 G:63 B:255
Paleta[55]: R:31 G:63 B:255
Paleta[56]: R:255 G:31 B:255
Paleta[57]: R:223 G:31 B:255
Paleta[58]: R:191 G:31 B:255
Paleta[59]: R:159 G:31 B:255
Paleta[60]: R:127 G:31 B:255
Paleta[61]: R:95 G:31 B:255
Paleta[62]: R:63 G:31 B:255
Paleta[63]: R:31 G:31 B:255
Paleta[64]: R:255 G:255 B:191
Paleta[65]: R:223 G:255 B:191
Paleta[66]: R:191 G:255 B:191
Paleta[67]: R:159 G:255 B:191
Paleta[68]: R:127 G:255 B:191
Paleta[69]: R:95 G:255 B:191
Paleta[70]: R:63 G:255 B:191
Paleta[71]: R:31 G:255 B:191
Paleta[72]: R:255 G:223 B:191
Paleta[73]: R:223 G:223 B:191
Paleta[74]: R:191 G:223 B:191
Paleta[75]: R:159 G:223 B:191
Paleta[76]: R:127 G:223 B:191
Paleta[77]: R:95 G:223 B:191
Paleta[78]: R:63 G:223 B:191
Paleta[79]: R:31 G:223 B:191
Paleta[80]: R:255 G:191 B:191
Paleta[81]: R:223 G:191 B:191
Paleta[82]: R:191 G:191 B:191
Paleta[83]: R:159 G:191 B:191
Paleta[84]: R:127 G:191 B:191
Paleta[85]: R:95 G:191 B:191
Paleta[86]: R:63 G:191 B:191
Paleta[87]: R:31 G:191 B:191
Paleta[88]: R:255 G:159 B:191
Paleta[89]: R:223 G:159 B:191
Paleta[90]: R:191 G:159 B:191
Paleta[91]: R:159 G:159 B:191
Paleta[92]: R:127 G:159 B:191
Paleta[93]: R:95 G:159 B:191
Paleta[94]: R:63 G:159 B:191
Paleta[95]: R:31 G:159 B:191
Paleta[96]: R:255 G:127 B:191
Paleta[97]: R:223 G:127 B:191
Paleta[98]: R:191 G:127 B:191
Paleta[99]: R:159 G:127 B:191
Paleta[100]: R:127 G:127 B:191
Paleta[101]: R:95 G:127 B:191
Paleta[102]: R:63 G:127 B:191
Paleta[103]: R:31 G:127 B:191
Paleta[104]: R:255 G:95 B:191
Paleta[105]: R:223 G:95 B:191
Paleta[106]: R:191 G:95 B:191
Paleta[107]: R:159 G:95 B:191
Paleta[108]: R:127 G:95 B:191
Paleta[109]: R:95 G:95 B:191
Paleta[110]: R:63 G:95 B:191
Paleta[111]: R:31 G:95 B:191
Paleta[112]: R:255 G:63 B:191
Paleta[113]: R:223 G:63 B:191
Paleta[114]: R:191 G:63 B:191
Paleta[115]: R:159 G:63 B:191
Paleta[116]: R:127 G:63 B:191
Paleta[117]: R:95 G:63 B:191
Paleta[118]: R:63 G:63 B:191
Paleta[119]: R:31 G:63 B:191
Paleta[120]: R:255 G:31 B:191
Paleta[121]: R:223 G:31 B:191
Paleta[122]: R:191 G:31 B:191
Paleta[123]: R:159 G:31 B:191
Paleta[124]: R:127 G:31 B:191
Paleta[125]: R:95 G:31 B:191
Paleta[126]: R:63 G:31 B:191
Paleta[127]: R:31 G:31 B:191
Paleta[128]: R:255 G:255 B:127
Paleta[129]: R:223 G:255 B:127
Paleta[130]: R:191 G:255 B:127
Paleta[131]: R:159 G:255 B:127
Paleta[132]: R:127 G:255 B:127
Paleta[133]: R:95 G:255 B:127
Paleta[134]: R:63 G:255 B:127
Paleta[135]: R:31 G:255 B:127
Paleta[136]: R:255 G:223 B:127
Paleta[137]: R:223 G:223 B:127
Paleta[138]: R:191 G:223 B:127
Paleta[139]: R:159 G:223 B:127
Paleta[140]: R:127 G:223 B:127
Paleta[141]: R:95 G:223 B:127
Paleta[142]: R:63 G:223 B:127
Paleta[143]: R:31 G:223 B:127
Paleta[144]: R:255 G:191 B:127
Paleta[145]: R:223 G:191 B:127
Paleta[146]: R:191 G:191 B:127
Paleta[147]: R:159 G:191 B:127
Paleta[148]: R:127 G:191 B:127
Paleta[149]: R:95 G:191 B:127
Paleta[150]: R:63 G:191 B:127
Paleta[151]: R:31 G:191 B:127
Paleta[152]: R:255 G:159 B:127
Paleta[153]: R:223 G:159 B:127
Paleta[154]: R:191 G:159 B:127
Paleta[155]: R:159 G:159 B:127
Paleta[156]: R:127 G:159 B:127
Paleta[157]: R:95 G:159 B:127
Paleta[158]: R:63 G:159 B:127
Paleta[159]: R:31 G:159 B:127
Paleta[160]: R:255 G:127 B:127
Paleta[161]: R:223 G:127 B:127
Paleta[162]: R:191 G:127 B:127
Paleta[163]: R:159 G:127 B:127
Paleta[164]: R:127 G:127 B:127
Paleta[165]: R:95 G:127 B:127
Paleta[166]: R:63 G:127 B:127
Paleta[167]: R:31 G:127 B:127
Paleta[168]: R:255 G:95 B:127
Paleta[169]: R:223 G:95 B:127
Paleta[170]: R:191 G:95 B:127
Paleta[171]: R:159 G:95 B:127
Paleta[172]: R:127 G:95 B:127
Paleta[173]: R:95 G:95 B:127
Paleta[174]: R:63 G:95 B:127
Paleta[175]: R:31 G:95 B:127
Paleta[176]: R:255 G:63 B:127
Paleta[177]: R:223 G:63 B:127
Paleta[178]: R:191 G:63 B:127
Paleta[179]: R:159 G:63 B:127
Paleta[180]: R:127 G:63 B:127
Paleta[181]: R:95 G:63 B:127
Paleta[182]: R:63 G:63 B:127
Paleta[183]: R:31 G:63 B:127
Paleta[184]: R:255 G:31 B:127
Paleta[185]: R:223 G:31 B:127
Paleta[186]: R:191 G:31 B:127
Paleta[187]: R:159 G:31 B:127
Paleta[188]: R:127 G:31 B:127
Paleta[189]: R:95 G:31 B:127
Paleta[190]: R:63 G:31 B:127
Paleta[191]: R:31 G:31 B:127
Paleta[192]: R:255 G:255 B:63
Paleta[193]: R:223 G:255 B:63
Paleta[194]: R:191 G:255 B:63
Paleta[195]: R:159 G:255 B:63
Paleta[196]: R:127 G:255 B:63
Paleta[197]: R:95 G:255 B:63
Paleta[198]: R:63 G:255 B:63
Paleta[199]: R:31 G:255 B:63
Paleta[200]: R:255 G:223 B:63
Paleta[201]: R:223 G:223 B:63
Paleta[202]: R:191 G:223 B:63
Paleta[203]: R:159 G:223 B:63
Paleta[204]: R:127 G:223 B:63
Paleta[205]: R:95 G:223 B:63
Paleta[206]: R:63 G:223 B:63
Paleta[207]: R:31 G:223 B:63
Paleta[208]: R:255 G:191 B:63
Paleta[209]: R:223 G:191 B:63
Paleta[210]: R:191 G:191 B:63
Paleta[211]: R:159 G:191 B:63
Paleta[212]: R:127 G:191 B:63
Paleta[213]: R:95 G:191 B:63
Paleta[214]: R:63 G:191 B:63
Paleta[215]: R:31 G:191 B:63
Paleta[216]: R:255 G:159 B:63
Paleta[217]: R:223 G:159 B:63
Paleta[218]: R:191 G:159 B:63
Paleta[219]: R:159 G:159 B:63
Paleta[220]: R:127 G:159 B:63
Paleta[221]: R:95 G:159 B:63
Paleta[222]: R:63 G:159 B:63
Paleta[223]: R:31 G:159 B:63
Paleta[224]: R:255 G:127 B:63
Paleta[225]: R:223 G:127 B:63
Paleta[226]: R:191 G:127 B:63
Paleta[227]: R:159 G:127 B:63
Paleta[228]: R:127 G:127 B:63
Paleta[229]: R:95 G:127 B:63
Paleta[230]: R:63 G:127 B:63
Paleta[231]: R:31 G:127 B:63
Paleta[232]: R:255 G:95 B:63
Paleta[233]: R:223 G:95 B:63
Paleta[234]: R:191 G:95 B:63
Paleta[235]: R:159 G:95 B:63
Paleta[236]: R:127 G:95 B:63
Paleta[237]: R:95 G:95 B:63
Paleta[238]: R:63 G:95 B:63
Paleta[239]: R:31 G:95 B:63
Paleta[240]: R:255 G:63 B:63
Paleta[241]: R:223 G:63 B:63
Paleta[242]: R:191 G:63 B:63
Paleta[243]: R:159 G:63 B:63
Paleta[244]: R:127 G:63 B:63
Paleta[245]: R:95 G:63 B:63
Paleta[246]: R:0 G:4 B:15
Paleta[247]: R:95 G:95 B:91
Paleta[248]: R:127 G:127 B:127
Paleta[249]: R:0 G:255 B:255
Paleta[250]: R:255 G:0 B:255
Paleta[251]: R:0 G:0 B:255
Paleta[252]: R:255 G:255 B:0
Paleta[253]: R:0 G:255 B:0
Paleta[254]: R:255 G:0 B:0
Paleta[255]: R:0 G:0 B:0
PALETA NOVA:
Paleta[0]: R:0 G:0 B:0
Paleta[1]: R:128 G:0 B:0
Paleta[2]: R:0 G:128 B:0
Paleta[3]: R:128 G:128 B:0
Paleta[4]: R:0 G:0 B:128
Paleta[5]: R:128 G:0 B:128
Paleta[6]: R:0 G:128 B:128
Paleta[7]: R:192 G:192 B:192
Paleta[8]: R:192 G:220 B:192
Paleta[9]: R:166 G:202 B:240
Paleta[10]: R:64 G:32 B:0
Paleta[11]: R:96 G:32 B:0
Paleta[12]: R:128 G:32 B:0
Paleta[13]: R:160 G:32 B:0
Paleta[14]: R:192 G:32 B:0
Paleta[15]: R:224 G:32 B:0
Paleta[16]: R:0 G:64 B:0
Paleta[17]: R:32 G:64 B:0
Paleta[18]: R:64 G:64 B:0
Paleta[19]: R:96 G:64 B:0
Paleta[20]: R:128 G:64 B:0
Paleta[21]: R:160 G:64 B:0
Paleta[22]: R:192 G:64 B:0
Paleta[23]: R:224 G:64 B:0
Paleta[24]: R:0 G:96 B:0
Paleta[25]: R:32 G:96 B:0
Paleta[26]: R:64 G:96 B:0
Paleta[27]: R:96 G:96 B:0
Paleta[28]: R:128 G:96 B:0
Paleta[29]: R:160 G:96 B:0
Paleta[30]: R:192 G:96 B:0
Paleta[31]: R:224 G:96 B:0
Paleta[32]: R:0 G:128 B:0
Paleta[33]: R:32 G:128 B:0
Paleta[34]: R:64 G:128 B:0
Paleta[35]: R:96 G:128 B:0
Paleta[36]: R:128 G:128 B:0
Paleta[37]: R:160 G:128 B:0
Paleta[38]: R:192 G:128 B:0
Paleta[39]: R:224 G:128 B:0
Paleta[40]: R:0 G:160 B:0
Paleta[41]: R:32 G:160 B:0
Paleta[42]: R:64 G:160 B:0
Paleta[43]: R:96 G:160 B:0
Paleta[44]: R:128 G:160 B:0
Paleta[45]: R:160 G:160 B:0
Paleta[46]: R:192 G:160 B:0
Paleta[47]: R:224 G:160 B:0
Paleta[48]: R:0 G:192 B:0
Paleta[49]: R:32 G:192 B:0
Paleta[50]: R:64 G:192 B:0
Paleta[51]: R:96 G:192 B:0
Paleta[52]: R:128 G:192 B:0
Paleta[53]: R:160 G:192 B:0
Paleta[54]: R:192 G:192 B:0
Paleta[55]: R:224 G:192 B:0
Paleta[56]: R:0 G:224 B:0
Paleta[57]: R:32 G:224 B:0
Paleta[58]: R:64 G:224 B:0
Paleta[59]: R:96 G:224 B:0
Paleta[60]: R:128 G:224 B:0
Paleta[61]: R:160 G:224 B:0
Paleta[62]: R:192 G:224 B:0
Paleta[63]: R:224 G:224 B:0
Paleta[64]: R:0 G:0 B:64
Paleta[65]: R:32 G:0 B:64
Paleta[66]: R:64 G:0 B:64
Paleta[67]: R:96 G:0 B:64
Paleta[68]: R:128 G:0 B:64
Paleta[69]: R:160 G:0 B:64
Paleta[70]: R:192 G:0 B:64
Paleta[71]: R:224 G:0 B:64
Paleta[72]: R:0 G:32 B:64
Paleta[73]: R:32 G:32 B:64
Paleta[74]: R:64 G:32 B:64
Paleta[75]: R:96 G:32 B:64
Paleta[76]: R:128 G:32 B:64
Paleta[77]: R:160 G:32 B:64
Paleta[78]: R:192 G:32 B:64
Paleta[79]: R:224 G:32 B:64
Paleta[80]: R:0 G:64 B:64
Paleta[81]: R:32 G:64 B:64
Paleta[82]: R:64 G:64 B:64
Paleta[83]: R:96 G:64 B:64
Paleta[84]: R:128 G:64 B:64
Paleta[85]: R:160 G:64 B:64
Paleta[86]: R:192 G:64 B:64
Paleta[87]: R:224 G:64 B:64
Paleta[88]: R:0 G:96 B:64
Paleta[89]: R:32 G:96 B:64
Paleta[90]: R:64 G:96 B:64
Paleta[91]: R:96 G:96 B:64
Paleta[92]: R:128 G:96 B:64
Paleta[93]: R:160 G:96 B:64
Paleta[94]: R:192 G:96 B:64
Paleta[95]: R:224 G:96 B:64
Paleta[96]: R:0 G:128 B:64
Paleta[97]: R:32 G:128 B:64
Paleta[98]: R:64 G:128 B:64
Paleta[99]: R:96 G:128 B:64
Paleta[100]: R:128 G:128 B:64
Paleta[101]: R:160 G:128 B:64
Paleta[102]: R:192 G:128 B:64
Paleta[103]: R:224 G:128 B:64
Paleta[104]: R:0 G:160 B:64
Paleta[105]: R:32 G:160 B:64
Paleta[106]: R:64 G:160 B:64
Paleta[107]: R:96 G:160 B:64
Paleta[108]: R:128 G:160 B:64
Paleta[109]: R:160 G:160 B:64
Paleta[110]: R:192 G:160 B:64
Paleta[111]: R:224 G:160 B:64
Paleta[112]: R:0 G:192 B:64
Paleta[113]: R:32 G:192 B:64
Paleta[114]: R:64 G:192 B:64
Paleta[115]: R:96 G:192 B:64
Paleta[116]: R:128 G:192 B:64
Paleta[117]: R:160 G:192 B:64
Paleta[118]: R:192 G:192 B:64
Paleta[119]: R:224 G:192 B:64
Paleta[120]: R:0 G:224 B:64
Paleta[121]: R:32 G:224 B:64
Paleta[122]: R:64 G:224 B:64
Paleta[123]: R:96 G:224 B:64
Paleta[124]: R:128 G:224 B:64
Paleta[125]: R:160 G:224 B:64
Paleta[126]: R:192 G:224 B:64
Paleta[127]: R:224 G:224 B:64
Paleta[128]: R:0 G:0 B:128
Paleta[129]: R:32 G:0 B:128
Paleta[130]: R:64 G:0 B:128
Paleta[131]: R:96 G:0 B:128
Paleta[132]: R:128 G:0 B:128
Paleta[133]: R:160 G:0 B:128
Paleta[134]: R:192 G:0 B:128
Paleta[135]: R:224 G:0 B:128
Paleta[136]: R:0 G:32 B:128
Paleta[137]: R:32 G:32 B:128
Paleta[138]: R:64 G:32 B:128
Paleta[139]: R:96 G:32 B:128
Paleta[140]: R:128 G:32 B:128
Paleta[141]: R:160 G:32 B:128
Paleta[142]: R:192 G:32 B:128
Paleta[143]: R:224 G:32 B:128
Paleta[144]: R:0 G:64 B:128
Paleta[145]: R:32 G:64 B:128
Paleta[146]: R:64 G:64 B:128
Paleta[147]: R:96 G:64 B:128
Paleta[148]: R:128 G:64 B:128
Paleta[149]: R:160 G:64 B:128
Paleta[150]: R:192 G:64 B:128
Paleta[151]: R:224 G:64 B:128
Paleta[152]: R:0 G:96 B:128
Paleta[153]: R:32 G:96 B:128
Paleta[154]: R:64 G:96 B:128
Paleta[155]: R:96 G:96 B:128
Paleta[156]: R:128 G:96 B:128
Paleta[157]: R:160 G:96 B:128
Paleta[158]: R:192 G:96 B:128
Paleta[159]: R:224 G:96 B:128
Paleta[160]: R:0 G:128 B:128
Paleta[161]: R:32 G:128 B:128
Paleta[162]: R:64 G:128 B:128
Paleta[163]: R:96 G:128 B:128
Paleta[164]: R:128 G:128 B:128
Paleta[165]: R:160 G:128 B:128
Paleta[166]: R:192 G:128 B:128
Paleta[167]: R:224 G:128 B:128
Paleta[168]: R:0 G:160 B:128
Paleta[169]: R:32 G:160 B:128
Paleta[170]: R:64 G:160 B:128
Paleta[171]: R:96 G:160 B:128
Paleta[172]: R:128 G:160 B:128
Paleta[173]: R:160 G:160 B:128
Paleta[174]: R:192 G:160 B:128
Paleta[175]: R:224 G:160 B:128
Paleta[176]: R:0 G:192 B:128
Paleta[177]: R:32 G:192 B:128
Paleta[178]: R:64 G:192 B:128
Paleta[179]: R:96 G:192 B:128
Paleta[180]: R:128 G:192 B:128
Paleta[181]: R:160 G:192 B:128
Paleta[182]: R:192 G:192 B:128
Paleta[183]: R:224 G:192 B:128
Paleta[184]: R:0 G:224 B:128
Paleta[185]: R:32 G:224 B:128
Paleta[186]: R:64 G:224 B:128
Paleta[187]: R:96 G:224 B:128
Paleta[188]: R:128 G:224 B:128
Paleta[189]: R:160 G:224 B:128
Paleta[190]: R:192 G:224 B:128
Paleta[191]: R:224 G:224 B:128
Paleta[192]: R:0 G:0 B:192
Paleta[193]: R:32 G:0 B:192
Paleta[194]: R:64 G:0 B:192
Paleta[195]: R:96 G:0 B:192
Paleta[196]: R:128 G:0 B:192
Paleta[197]: R:160 G:0 B:192
Paleta[198]: R:192 G:0 B:192
Paleta[199]: R:224 G:0 B:192
Paleta[200]: R:0 G:32 B:192
Paleta[201]: R:32 G:32 B:192
Paleta[202]: R:64 G:32 B:192
Paleta[203]: R:96 G:32 B:192
Paleta[204]: R:128 G:32 B:192
Paleta[205]: R:160 G:32 B:192
Paleta[206]: R:192 G:32 B:192
Paleta[207]: R:224 G:32 B:192
Paleta[208]: R:0 G:64 B:192
Paleta[209]: R:32 G:64 B:192
Paleta[210]: R:64 G:64 B:192
Paleta[211]: R:96 G:64 B:192
Paleta[212]: R:128 G:64 B:192
Paleta[213]: R:160 G:64 B:192
Paleta[214]: R:192 G:64 B:192
Paleta[215]: R:224 G:64 B:192
Paleta[216]: R:0 G:96 B:192
Paleta[217]: R:32 G:96 B:192
Paleta[218]: R:64 G:96 B:192
Paleta[219]: R:96 G:96 B:192
Paleta[220]: R:128 G:96 B:192
Paleta[221]: R:160 G:96 B:192
Paleta[222]: R:192 G:96 B:192
Paleta[223]: R:224 G:96 B:192
Paleta[224]: R:0 G:128 B:192
Paleta[225]: R:32 G:128 B:192
Paleta[226]: R:64 G:128 B:192
Paleta[227]: R:96 G:128 B:192
Paleta[228]: R:128 G:128 B:192
Paleta[229]: R:160 G:128 B:192
Paleta[230]: R:192 G:128 B:192
Paleta[231]: R:224 G:128 B:192
Paleta[232]: R:0 G:160 B:192
Paleta[233]: R:32 G:160 B:192
Paleta[234]: R:64 G:160 B:192
Paleta[235]: R:96 G:160 B:192
Paleta[236]: R:128 G:160 B:192
Paleta[237]: R:160 G:160 B:192
Paleta[238]: R:192 G:160 B:192
Paleta[239]: R:224 G:160 B:192
Paleta[240]: R:0 G:192 B:192
Paleta[241]: R:32 G:192 B:192
Paleta[242]: R:64 G:192 B:192
Paleta[243]: R:96 G:192 B:192
Paleta[244]: R:128 G:192 B:192
Paleta[245]: R:160 G:192 B:192
Paleta[246]: R:255 G:251 B:240
Paleta[247]: R:160 G:160 B:164
Paleta[248]: R:128 G:128 B:128
Paleta[249]: R:255 G:0 B:0
Paleta[250]: R:0 G:255 B:0
Paleta[251]: R:255 G:255 B:0
Paleta[252]: R:0 G:0 B:255
Paleta[253]: R:255 G:0 B:255
Paleta[254]: R:0 G:255 B:255
Paleta[255]: R:255 G:255 B:255
Soma linha 0: 560589
Soma linha 1: 563450
Soma linha 2: 560899
Soma linha 3: 556632
Soma linha 4: 558940
Soma linha 5: 559686
Soma linha 6: 560825
Soma linha 7: 563905
Soma linha 8: 563140
Soma linha 9: 559301
Soma linha 10: 561031
Soma linha 11: 561949
Soma linha 12: 562043
Soma linha 13: 562613
Soma linha 14: 563645
Soma linha 15: 562344
Soma linha 16: 567509
Soma linha 17: 561374
Soma linha 18: 559704
Soma linha 19: 567578
Soma linha 20: 565467
Soma linha 21: 568102
Soma linha 22: 572886
Soma linha 23: 570174
Soma linha 24: 571529
Soma linha 25: 572204
Soma linha 26: 565524
Soma linha 27: 566899
Soma linha 28: 573640
Soma linha 29: 572577
Soma linha 30: 570209
Soma linha 31: 566703
Soma linha 32: 566541
Soma linha 33: 567474
Soma linha 34: 558929
Soma linha 35: 564335
Soma linha 36: 565223
Soma linha 37: 567313
Soma linha 38: 566773
Soma linha 39: 566481
Soma linha 40: 562644
Soma linha 41: 564546
Soma linha 42: 571723
Soma linha 43: 571380
Soma linha 44: 565762
Soma linha 45: 573107
Soma linha 46: 573482
Soma linha 47: 571463
Soma linha 48: 568000
Soma linha 49: 574745
Soma linha 50: 576710
Soma linha 51: 574046
Soma linha 52: 579944
Soma linha 53: 581119
Soma linha 54: 577502
Soma linha 55: 578662
Soma linha 56: 574236
Soma linha 57: 586531
Soma linha 58: 575367
Soma linha 59: 578289
Soma linha 60: 582120
Soma linha 61: 576858
Soma linha 62: 578302
Soma linha 63: 582239
Soma linha 64: 579764
Soma linha 65: 573650
Soma linha 66: 572906
Soma linha 67: 576514
Soma linha 68: 565998
Soma linha 69: 561832
Soma linha 70: 570114
Soma linha 71: 562715
Soma linha 72: 558111
Soma linha 73: 562262
Soma linha 74: 566483
Soma linha 75: 563764
Soma linha 76: 559325
Soma linha 77: 560897
Soma linha 78: 559139
Soma linha 79: 553173
Soma linha 80: 556876
Soma linha 81: 559039
Soma linha 82: 558978
Soma linha 83: 547892
Soma linha 84: 555282
Soma linha 85: 555445
Soma linha 86: 550201
Soma linha 87: 546933
Soma linha 88: 542229
Soma linha 89: 534226
Soma linha 90: 528744
Soma linha 91: 532971
Soma linha 92: 525462
Soma linha 93: 513583
Soma linha 94: 508349
Soma linha 95: 494099
Soma linha 96: 497351
Soma linha 97: 481108
Soma linha 98: 475159
Soma linha 99: 475921
Soma linha 100: 468129
Soma linha 101: 459701
Soma linha 102: 455736
Soma linha 103: 447385
Soma linha 104: 438366
Soma linha 105: 446191
Soma linha 106: 441275
Soma linha 107: 433150
Soma linha 108: 429199
Soma linha 109: 423670
Soma linha 110: 414598
Soma linha 111: 401259
Soma linha 112: 407285
Soma linha 113: 399859
Soma linha 114: 394903
Soma linha 115: 393751
Soma linha 116: 390500
Soma linha 117: 388248
Soma linha 118: 387830
Soma linha 119: 384381
Soma linha 120: 377105
Soma linha 121: 368354
Soma linha 122: 374094
Soma linha 123: 379557
Soma linha 124: 371854
Soma linha 125: 364558
Soma linha 126: 366574
Soma linha 127: 368841
Soma linha 128: 367751
Soma linha 129: 356909
Soma linha 130: 356175
Soma linha 131: 354209
Soma linha 132: 351377
Soma linha 133: 348566
Soma linha 134: 347628
Soma linha 135: 355028
Soma linha 136: 350115
Soma linha 137: 337335
Soma linha 138: 342171
Soma linha 139: 336979
Soma linha 140: 334255
Soma linha 141: 337746
Soma linha 142: 336805
Soma linha 143: 328088
Soma linha 144: 320013
Soma linha 145: 327392
Soma linha 146: 322599
Soma linha 147: 317555
Soma linha 148: 314995
Soma linha 149: 315883
Soma linha 150: 321602
Soma linha 151: 312760
Soma linha 152: 313036
Soma linha 153: 310339
Soma linha 154: 311141
Soma linha 155: 316417
Soma linha 156: 318601
Soma linha 157: 309267
Soma linha 158: 302693
Soma linha 159: 303539
Soma linha 160: 309078
Soma linha 161: 301036
Soma linha 162: 302763
Soma linha 163: 297847
Soma linha 164: 297580
Soma linha 165: 297844
Soma linha 166: 304632
Soma linha 167: 306137
Soma linha 168: 299489
Soma linha 169: 297533
Soma linha 170: 296029
Soma linha 171: 295993
Soma linha 172: 296861
Soma linha 173: 291299
Soma linha 174: 288526
Soma linha 175: 293472
Soma linha 176: 290111
Soma linha 177: 290964
Soma linha 178: 288177
Soma linha 179: 285632
Soma linha 180: 282657
Soma linha 181: 277273
Soma linha 182: 277628
Soma linha 183: 271210
Soma linha 184: 271507
Soma linha 185: 275700
Soma linha 186: 277226
Soma linha 187: 263498
Soma linha 188: 272244
Soma linha 189: 271014
Soma linha 190: 261182
Soma linha 191: 247659
Soma linha 192: 246330
Soma linha 193: 236045
Soma linha 194: 238723
Soma linha 195: 233831
Soma linha 196: 225128
Soma linha 197: 232760
Soma linha 198: 220450
Soma linha 199: 220337
Soma linha 200: 210771
Soma linha 201: 206659
Soma linha 202: 201451
Soma linha 203: 200204
Soma linha 204: 200298
Soma linha 205: 208619
Soma linha 206: 201726
Soma linha 207: 205956
Soma linha 208: 196284
Soma linha 209: 181412
Soma linha 210: 189358
Soma linha 211: 190219
Soma linha 212: 192704
Soma linha 213: 198134
Soma linha 214: 190750
Soma linha 215: 194028
Soma linha 216: 193087
Soma linha 217: 188666
Soma linha 218: 200297
Soma linha 219: 188059
Soma linha 220: 181024
Soma linha 221: 180576
Soma linha 222: 173633
Soma linha 223: 174533
Soma linha 224: 175717
Soma linha 225: 173180
Soma linha 226: 178532
Soma linha 227: 169609
Soma linha 228: 171222
Soma linha 229: 179039
Soma linha 230: 169055
Soma linha 231: 176884
Soma linha 232: 175484
Soma linha 233: 177466
Soma linha 234: 175567
Soma linha 235: 175847
Soma linha 236: 178941
Soma linha 237: 181603
Soma linha 238: 189681
Soma linha 239: 190835
Soma linha 240: 189423
Soma linha 241: 196399
Soma linha 242: 193349
Soma linha 243: 195734
Soma linha 244: 205100
Soma linha 245: 195787
Soma linha 246: 204769
Soma linha 247: 204511
Soma linha 248: 204308
Soma linha 249: 208301
Soma linha 250: 213617
Soma linha 251: 213840
Soma linha 252: 211456
Soma linha 253: 215233
Soma linha 254: 220280
Soma linha 255: 218023
Soma linha 256: 210490
Soma linha 257: 204734
Soma linha 258: 209219
Soma linha 259: 206252
Soma linha 260: 209130
Soma linha 261: 209210
Soma linha 262: 206579
Soma linha 263: 200844
Soma linha 264: 191832
Soma linha 265: 190333
Soma linha 266: 192657
Soma linha 267: 187884
Soma linha 268: 188707
Soma linha 269: 190583
Soma linha 270: 194514
Soma linha 271: 192605
Soma linha 272: 193204
Soma linha 273: 188106
Soma linha 274: 187580
Soma linha 275: 183424
Soma linha 276: 183928
Soma linha 277: 187268
Soma linha 278: 184857
Soma linha 279: 183720
Soma linha 280: 191535
Soma linha 281: 193083
Soma linha 282: 199984
Soma linha 283: 201435
Soma linha 284: 207975
Soma linha 285: 208023
Soma linha 286: 213895
Soma linha 287: 215994
Soma linha 288: 209909
Soma linha 289: 205555
Soma linha 290: 212526
Soma linha 291: 212247
Soma linha 292: 204494
Soma linha 293: 209601
Soma linha 294: 210506
Soma linha 295: 214648
Soma linha 296: 214197
Soma linha 297: 214965
Soma linha 298: 215983
Soma linha 299: 218403
Soma linha 300: 218978
Soma linha 301: 215553
Soma linha 302: 213868
Soma linha 303: 214821
Soma linha 304: 223413
Soma linha 305: 217981
Soma linha 306: 221520
Soma linha 307: 220497
Soma linha 308: 216201
Soma linha 309: 221915
Soma linha 310: 220535
Soma linha 311: 217984
Soma linha 312: 217724
Soma linha 313: 225038
Soma linha 314: 222386
Soma linha 315: 218149
Soma linha 316: 214262
Soma linha 317: 210164
Soma linha 318: 211221
Soma linha 319: 216898
Soma linha 320: 225263
Soma linha 321: 229055
Soma linha 322: 232757
Soma linha 323: 231232
Soma linha 324: 231185
Soma linha 325: 233729
Soma linha 326: 234056
Soma linha 327: 239392
Soma linha 328: 245761
Soma linha 329: 246765
Soma linha 330: 252888
Soma linha 331: 252189
Soma linha 332: 249727
Soma linha 333: 245921
Soma linha 334: 252293
Soma linha 335: 255430
Soma linha 336: 253630
Soma linha 337: 254802
Soma linha 338: 256573
Soma linha 339: 249720
Soma linha 340: 252231
Soma linha 341: 255636
Soma linha 342: 258504
Soma linha 343: 264172
Soma linha 344: 262949
Soma linha 345: 261014
Soma linha 346: 263882
Soma linha 347: 266277
Soma linha 348: 270929
Soma linha 349: 275677
Soma linha 350: 273145
Soma linha 351: 283594
Soma linha 352: 285113
Soma linha 353: 292961
Soma linha 354: 296162
Soma linha 355: 301074
Soma linha 356: 305643
Soma linha 357: 306163
Soma linha 358: 298918
Soma linha 359: 317127
Soma linha 360: 314610
Soma linha 361: 313581
Soma linha 362: 322145
Soma linha 363: 326977
Soma linha 364: 321851
Soma linha 365: 323318
Soma linha 366: 326406
Soma linha 367: 333727
Soma linha 368: 331316
Soma linha 369: 331664
Soma linha 370: 339874
Soma linha 371: 343914
Soma linha 372: 344633
Soma linha 373: 340718
Soma linha 374: 339188
Soma linha 375: 342986
Soma linha 376: 346253
Soma linha 377: 349029
Soma linha 378: 350387
Soma linha 379: 354633
Soma linha 380: 361641
Soma linha 381: 356315
Soma linha 382: 352438
Soma linha 383: 355277
Soma linha 384: 350095
Soma linha 385: 353253
Soma linha 386: 352231
Soma linha 387: 352653
Soma linha 388: 352529
Soma linha 389: 356589
Soma linha 390: 361556
Soma linha 391: 352512
Soma linha 392: 351028
Soma linha 393: 345559
Soma linha 394: 355286
Soma linha 395: 355444
Soma linha 396: 357808
Soma linha 397: 360290
Soma linha 398: 366549
Soma linha 399: 365544
Soma linha 400: 368446
Soma linha 401: 365544
Soma linha 402: 366595
Soma linha 403: 366469
Soma linha 404: 365951
Soma linha 405: 368268
Soma linha 406: 370188
Soma linha 407: 380256
Soma linha 408: 380213
Soma linha 409: 386297
Soma linha 410: 387246
Soma linha 411: 387536
Soma linha 412: 391428
Soma linha 413: 391547
Soma linha 414: 389309
Soma linha 415: 398864
Soma linha 416: 401595
Soma linha 417: 402702
Soma linha 418: 404737
Soma linha 419: 404286
Soma linha 420: 398838
Soma linha 421: 407885
Soma linha 422: 410186
Soma linha 423: 399618
Soma linha 424: 403554
Soma linha 425: 406770
Soma linha 426: 410237
Soma linha 427: 401583
Soma linha 428: 406029
Soma linha 429: 401714
Soma linha 430: 397183
Soma linha 431: 399360
Soma linha 432: 408072
Soma linha 433: 409782
Soma linha 434: 413005
Soma linha 435: 415601
Soma linha 436: 413508
Soma linha 437: 417819
Soma linha 438: 424111
Soma linha 439: 426740
Soma linha 440: 426276
Soma linha 441: 430671
Soma linha 442: 436635
Soma linha 443: 438150
Soma linha 444: 441449
Soma linha 445: 446135
Soma linha 446: 443468
Soma linha 447: 447181
Soma linha 448: 449622
Soma linha 449: 451603
Soma linha 450: 448552
Soma linha 451: 443185
Soma linha 452: 438874
Soma linha 453: 439406
Soma linha 454: 434311
Soma linha 455: 428965
Soma linha 456: 433226
Soma linha 457: 427111
Soma linha 458: 426520
Soma linha 459: 431961
Soma linha 460: 436652
Soma linha 461: 438970
Soma linha 462: 440399
Soma linha 463: 442353
Soma linha 464: 448657
Soma linha 465: 442411
Soma linha 466: 438242
Soma linha 467: 439665
Soma linha 468: 443014
Soma linha 469: 445221
Soma linha 470: 445038
Soma linha 471: 449050
Soma linha 472: 449189
Soma linha 473: 450236
Soma linha 474: 454729
Soma linha 475: 440399
Soma linha 476: 442970
Soma linha 477: 449522
Soma linha 478: 448956
Soma linha 479: 449933
Soma linha 480: 449288
Soma linha 481: 450983
Soma linha 482: 451998
Soma linha 483: 453554
Soma linha 484: 453005
Soma linha 485: 448894
Soma linha 486: 450551
Soma linha 487: 451757
Soma linha 488: 457169
Soma linha 489: 452011
Soma linha 490: 458043
Soma linha 491: 457022
Soma linha 492: 453892
Soma linha 493: 456656
Soma linha 494: 449559
Soma linha 495: 450824
Soma linha 496: 448438
Soma linha 497: 451409
Soma linha 498: 452627
Soma linha 499: 454445
Soma linha 500: 458556
Soma linha 501: 461842
Soma linha 502: 454879
Soma linha 503: 451423
Soma linha 504: 450068
Soma linha 505: 449579
Soma linha 506: 450890
Soma linha 507: 451472
Soma linha 508: 445508
Soma linha 509: 444977
Soma linha 510: 444539
Soma linha 511: 444493
Soma linha 512: 445822
Soma linha 513: 443245
Soma linha 514: 440238
Soma linha 515: 440660
Soma linha 516: 439598
Soma linha 517: 434648
Soma linha 518: 434083
Soma linha 519: 430057
Soma linha 520: 430978
Soma linha 521: 426009
Soma linha 522: 429168
Soma linha 523: 424294
Soma linha 524: 426974
Soma linha 525: 428242
Soma linha 526: 430619
Soma linha 527: 426163
Soma linha 528: 424978
Soma linha 529: 415422
Soma linha 530: 412755
Soma linha 531: 410872
Soma linha 532: 404668
Soma linha 533: 404229
Soma linha 534: 400446
Soma linha 535: 401270
Soma linha 536: 405257
Soma linha 537: 402784
Soma linha 538: 402709
Soma linha 539: 401066
Soma linha 540: 404464
Soma linha 541: 403816
Soma linha 542: 404062
Soma linha 543: 406582
Soma linha 544: 400747
Soma linha 545: 400461
Soma linha 546: 407533
Soma linha 547: 395118
Soma linha 548: 399470
Soma linha 549: 401824
Soma linha 550: 400232
Soma linha 551: 392273
Soma linha 552: 393909
Soma linha 553: 386117
Soma linha 554: 388628
Soma linha 555: 382287
Soma linha 556: 369190
Soma linha 557: 383423
Soma linha 558: 385063
Soma linha 559: 374039
Soma linha 560: 369113
Soma linha 561: 375908
Soma linha 562: 361257
Soma linha 563: 360610
Soma linha 564: 365314
Soma linha 565: 371917
Soma linha 566: 372266
Soma linha 567: 369054
Soma linha 568: 364216
Soma linha 569: 351759
Soma linha 570: 346257
Soma linha 571: 343508
Soma linha 572: 348741
Soma linha 573: 351224
Soma linha 574: 350425
Soma linha 575: 337314
Soma linha 576: 336399
Soma linha 577: 335036
Soma linha 578: 330743
Soma linha 579: 328824
Soma linha 580: 332905
Soma linha 581: 331257
Soma linha 582: 323514
Soma linha 583: 328543
Soma linha 584: 334710
Soma linha 585: 322265
Soma linha 586: 315966
Soma linha 587: 316665
Soma linha 588: 309871
Soma linha 589: 314397
Soma linha 590: 311928
Soma linha 591: 309707
Soma linha 592: 305527
Soma linha 593: 304261
Soma linha 594: 301229
Soma linha 595: 303946
Soma linha 596: 306562
Soma linha 597: 300740
Soma linha 598: 294150
Soma linha 599: 293371
Soma linha 600: 296606
Soma linha 601: 294677
Soma linha 602: 304335
Soma linha 603: 305221
Soma linha 604: 300613
Soma linha 605: 295381
Soma linha 606: 298499
Soma linha 607: 289365
Soma linha 608: 291488
Soma linha 609: 296249
Soma linha 610: 298556
Soma linha 611: 299877
Soma linha 612: 295342
Soma linha 613: 301887
Soma linha 614: 307581
Soma linha 615: 297859
Soma linha 616: 292983
Soma linha 617: 296648
Soma linha 618: 291608
Soma linha 619: 290541
Soma linha 620: 296432
Soma linha 621: 293766
Soma linha 622: 288181
Soma linha 623: 299067
Soma linha 624: 302148
Soma linha 625: 296101
Soma linha 626: 296541
Soma linha 627: 293609
Soma linha 628: 289098
Soma linha 629: 294251
Soma linha 630: 293341
Soma linha 631: 292943
Soma linha 632: 294583
Soma linha 633: 285078
Soma linha 634: 293305
Soma linha 635: 299724
Soma linha 636: 290412
Soma linha 637: 288042
Soma linha 638: 292304
Soma linha 639: 290996
Soma linha 640: 284807
Soma linha 641: 292660
Soma linha 642: 294072
Soma linha 643: 292152
Soma linha 644: 292477
Soma linha 645: 294776
Soma linha 646: 300468
Soma linha 647: 301697
Soma linha 648: 299960
Soma linha 649: 298818
Soma linha 650: 295226
Soma linha 651: 295791
Soma linha 652: 300787
Soma linha 653: 303672
Soma linha 654: 302883
Soma linha 655: 302807
Soma linha 656: 297691
Soma linha 657: 298074
Soma linha 658: 286630
Soma linha 659: 293537
Soma linha 660: 295490
Soma linha 661: 296258
Soma linha 662: 297666
Soma linha 663: 301462
Soma linha 664: 301146
Soma linha 665: 297233
Soma linha 666: 299492
Soma linha 667: 296677
Soma linha 668: 298251
Soma linha 669: 299331
Soma linha 670: 300728
Soma linha 671: 301588
Soma linha 672: 299089
Soma linha 673: 293237
Soma linha 674: 297761
Soma linha 675: 300152
Soma linha 676: 301817
Soma linha 677: 302923
Soma linha 678: 300688
Soma linha 679: 302823
Soma linha 680: 311537
Soma linha 681: 317987
Soma linha 682: 317724
Soma linha 683: 316618
Soma linha 684: 317227
Soma linha 685: 316429
Soma linha 686: 317974
Soma linha 687: 323216
Soma linha 688: 316872
Soma linha 689: 319598
Soma linha 690: 318814
Soma linha 691: 318507
Soma linha 692: 320563
Soma linha 693: 323118
Soma linha 694: 321531
Soma linha 695: 324299
Soma linha 696: 328831
Soma linha 697: 326853
Soma linha 698: 325341
Soma linha 699: 329529
Soma linha 700: 336729
Soma linha 701: 335015
Soma linha 702: 332711
Soma linha 703: 329317
Soma linha 704: 326130
Soma linha 705: 319513
Soma linha 706: 322060
Soma linha 707: 322424
Soma linha 708: 321839
Soma linha 709: 327449
Soma linha 710: 331573
Soma linha 711: 334592
Soma linha 712: 327404
Soma linha 713: 328448
Soma linha 714: 336156
Soma linha 715: 340512
Soma linha 716: 338960
Soma linha 717: 337556
Soma linha 718: 341059
Soma linha 719: 337862
Soma linha 720: 337756
Soma linha 721: 343362
Soma linha 722: 345247
Soma linha 723: 338276
Soma linha 724: 334375
Soma linha 725: 342009
Soma linha 726: 345982
Soma linha 727: 337879
Soma linha 728: 338614
Soma linha 729: 339152
Soma linha 730: 338985
Soma linha 731: 336627
Soma linha 732: 338951
Soma linha 733: 340381
Soma linha 734: 340727
Soma linha 735: 340388
Soma linha 736: 347393
Soma linha 737: 349391
Soma linha 738: 344865
Soma linha 739: 347220
Soma linha 740: 344359
Soma linha 741: 349107
Soma linha 742: 349359
Soma linha 743: 354244
Soma linha 744: 353781
Soma linha 745: 349355
Soma linha 746: 349845
Soma linha 747: 347169
Soma linha 748: 351429
Soma linha 749: 351564
Soma linha 750: 353090
Soma linha 751: 352025
Soma linha 752: 350356
Soma linha 753: 358740
Soma linha 754: 354539
Soma linha 755: 349835
Soma linha 756: 356719
Soma linha 757: 357492
Soma linha 758: 351857
Soma linha 759: 347931
Soma linha 760: 349712
Soma linha 761: 353876
Soma linha 762: 345495
Soma linha 763: 349414
Soma linha 764: 353765
Soma linha 765: 360643
Soma linha 766: 359633
Soma linha 767: 360014
Soma linha 768: 367581
Soma linha 769: 366068
Soma linha 770: 361831
Soma linha 771: 365492
Soma linha 772: 365340
Soma linha 773: 362974
Soma linha 774: 362232
Soma linha 775: 363663
Soma linha 776: 360453
Soma linha 777: 355335
Soma linha 778: 358383
Soma linha 779: 354532
Soma linha 780: 351739
Soma linha 781: 355418
Soma linha 782: 361260
Soma linha 783: 363272
Soma linha 784: 356612
Soma linha 785: 360456
Soma linha 786: 360856
Soma linha 787: 361411
Soma linha 788: 364113
Soma linha 789: 365366
Soma linha 790: 363307
Soma linha 791: 363866
Soma linha 792: 367365
Soma linha 793: 369308
Soma linha 794: 366924
Soma linha 795: 364561
Soma linha 796: 367840
Soma linha 797: 367746
Soma linha 798: 364036
Soma linha 799: 366621
Soma linha 800: 370685
Soma linha 801: 366332
Soma linha 802: 364113
Soma linha 803: 354761
Soma linha 804: 356899
Soma linha 805: 355804
Soma linha 806: 356433
Soma linha 807: 360668
Soma linha 808: 361668
Soma linha 809: 364020
Soma linha 810: 364989
Soma linha 811: 360666
Soma linha 812: 356461
Soma linha 813: 357675
Soma linha 814: 363623
Soma linha 815: 359860
Soma linha 816: 358660
Soma linha 817: 356149
Soma linha 818: 361574
Soma linha 819: 354513
Soma linha 820: 355132
Soma linha 821: 354131
Soma linha 822: 346769
Soma linha 823: 346298
Soma linha 824: 351472
Soma linha 825: 345517
Soma linha 826: 341143
Soma linha 827: 345677
Soma linha 828: 348112
Soma linha 829: 348371
Soma linha 830: 345671
Soma linha 831: 345174
Soma linha 832: 342112
Soma linha 833: 346172
Soma linha 834: 360055
Soma linha 835: 360360
Soma linha 836: 359440
Soma linha 837: 349271
Soma linha 838: 351731
Soma linha 839: 350905
Soma linha 840: 353705
Soma linha 841: 351502
Soma linha 842: 355376
Soma linha 843: 358983
Soma linha 844: 359139
Soma linha 845: 357054
Soma linha 846: 357379
Soma linha 847: 354051
Soma linha 848: 346185
Soma linha 849: 352340
Soma linha 850: 350265
Soma linha 851: 342776
Soma linha 852: 347109
Soma linha 853: 356909
Soma linha 854: 357666
Soma linha 855: 368645
Soma linha 856: 367756
Soma linha 857: 365270
Soma linha 858: 364260
Soma linha 859: 370682
Soma linha 860: 373630
Soma linha 861: 380738
Soma linha 862: 377828
Soma linha 863: 377505
Soma linha 864: 382941
Soma linha 865: 380542
Soma linha 866: 380667
Soma linha 867: 385133
Soma linha 868: 390742
Soma linha 869: 396555
Soma linha 870: 395554
Soma linha 871: 394595
Soma linha 872: 395912
Soma linha 873: 398974
Soma linha 874: 389296
Soma linha 875: 395576
Soma linha 876: 402436
Soma linha 877: 407109
Soma linha 878: 395698
Soma linha 879: 393351
Soma linha 880: 386729
Soma linha 881: 401777
Soma linha 882: 395761
Soma linha 883: 397061
Soma linha 884: 393920
Soma linha 885: 393701
Soma linha 886: 400128
Soma linha 887: 399576
Soma linha 888: 394949
Soma linha 889: 389727
Soma linha 890: 384006
Soma linha 891: 381083
Soma linha 892: 375323
Soma linha 893: 390349
Soma linha 894: 396308
Soma linha 895: 389630
Soma linha 896: 391740
Soma linha 897: 390377
Soma linha 898: 390110
Soma linha 899: 393495
Soma linha 900: 384713
Soma linha 901: 397194
Soma linha 902: 390358
Soma linha 903: 391079
Soma linha 904: 389848
Soma linha 905: 383638
Soma linha 906: 390820
Soma linha 907: 383086
Soma linha 908: 379031
Soma linha 909: 377294
Soma linha 910: 373992
Soma linha 911: 370560
Soma linha 912: 371922
Soma linha 913: 366947
Soma linha 914: 366500
Soma linha 915: 379701
Soma linha 916: 379674
Soma linha 917: 376611
Soma linha 918: 379796
Soma linha 919: 386964
Soma linha 920: 386719
Soma linha 921: 374534
Soma linha 922: 376813
Soma linha 923: 379424
Soma linha 924: 363745
Soma linha 925: 377826
Soma linha 926: 384908
Soma linha 927: 378590
Soma linha 928: 386837
Soma linha 929: 385958
Soma linha 930: 375872
Soma linha 931: 380432
Soma linha 932: 380984
Soma linha 933: 382484
Soma linha 934: 384854
Soma linha 935: 385106
Soma linha 936: 377222
Soma linha 937: 374792
Soma linha 938: 372806
Soma linha 939: 367619
Soma linha 940: 374659
Soma linha 941: 373690
Soma linha 942: 375667
Soma linha 943: 374353
Soma linha 944: 378646
Soma linha 945: 369370
Soma linha 946: 370097
Soma linha 947: 369089
Soma linha 948: 371377
Soma linha 949: 373892
Soma linha 950: 371992
Soma linha 951: 365259
Soma linha 952: 359710
Soma linha 953: 363480
Soma linha 954: 355610
Soma linha 955: 356670
Soma linha 956: 360969
Soma linha 957: 366476
Soma linha 958: 370157
Soma linha 959: 369151
Soma linha 960: 367769
Soma linha 961: 362451
Soma linha 962: 372092
Soma linha 963: 375492
Soma linha 964: 379140
Soma linha 965: 378666
Soma linha 966: 379647
Soma linha 967: 375439
Soma linha 968: 378564
Soma linha 969: 381455
Soma linha 970: 387550
Soma linha 971: 383076
Soma linha 972: 386767
Soma linha 973: 392876
Soma linha 974: 393473
Soma linha 975: 398662
Soma linha 976: 401907
Soma linha 977: 394039
Soma linha 978: 396841
Soma linha 979: 395721
Soma linha 980: 399457
Soma linha 981: 397249
Soma linha 982: 393267
Soma linha 983: 390396
Soma linha 984: 398938
Soma linha 985: 397557
Soma linha 986: 390527
Soma linha 987: 392357
Soma linha 988: 395157
Soma linha 989: 393526
Soma linha 990: 399476
Soma linha 991: 402482
Soma linha 992: 405949
Soma linha 993: 402902
Soma linha 994: 408904
Soma linha 995: 402401
Soma linha 996: 398295
Soma linha 997: 402001
Soma linha 998: 408060
Soma linha 999: 412655
Soma linha 1000: 414373
Soma linha 1001: 411641
Soma linha 1002: 408427
Soma linha 1003: 405971
Soma linha 1004: 412533
Soma linha 1005: 408426
Soma linha 1006: 410197
Soma linha 1007: 403396
Soma linha 1008: 397140
Soma linha 1009: 395149
Soma linha 1010: 404272
Soma linha 1011: 407436
Soma linha 1012: 411546
Soma linha 1013: 403065
Soma linha 1014: 401413
Soma linha 1015: 411445
Soma linha 1016: 410199
Soma linha 1017: 408452
Soma linha 1018: 400077
Soma linha 1019: 405274
Soma linha 1020: 404664
Soma linha 1021: 398785
Soma linha 1022: 404260
Soma linha 1023: 409451
Soma linha 1024: 401942
Soma linha 1025: 404642
Soma linha 1026: 408038
Soma linha 1027: 406443
Soma linha 1028: 405158
Soma linha 1029: 406454
Soma linha 1030: 413711
Soma linha 1031: 418035
Soma linha 1032: 409257
Soma linha 1033: 417438
Soma linha 1034: 410812
Soma linha 1035: 409075
Soma linha 1036: 417513
Soma linha 1037: 417181
Soma linha 1038: 412918
Soma linha 1039: 415804
Soma linha 1040: 420163
Soma linha 1041: 420900
Soma linha 1042: 423949
Soma linha 1043: 415168
Soma linha 1044: 414656
Soma linha 1045: 406474
Soma linha 1046: 412132
Soma linha 1047: 406554
Soma linha 1048: 402008
Soma linha 1049: 388569
Soma linha 1050: 389870
Soma linha 1051: 393380
Soma linha 1052: 398564
Soma linha 1053: 386923
Soma linha 1054: 381368
Soma linha 1055: 375370
Soma linha 1056: 376182
Soma linha 1057: 378566
Soma linha 1058: 375976
Soma linha 1059: 377347
Soma linha 1060: 367594
Soma linha 1061: 366859
Soma linha 1062: 373938
Soma linha 1063: 371418
Soma linha 1064: 372238
Soma linha 1065: 375617
Soma linha 1066: 381852
Soma linha 1067: 374908
Soma linha 1068: 380006
Soma linha 1069: 380526
Soma linha 1070: 386560
Soma linha 1071: 382826
Soma linha 1072: 383115
Soma linha 1073: 389845
Soma linha 1074: 390044
Soma linha 1075: 390259
Soma linha 1076: 390165
Soma linha 1077: 385107
Soma linha 1078: 385568
Soma linha 1079: 389046
Soma linha 1080: 388488
Soma linha 1081: 379870
Soma linha 1082: 377185
Soma linha 1083: 372630
Soma linha 1084: 371520
Soma linha 1085: 379407
Soma linha 1086: 371531
Soma linha 1087: 372486
Soma linha 1088: 357927
Soma linha 1089: 357470
Soma linha 1090: 359888
Soma linha 1091: 361097
Soma linha 1092: 364206
Soma linha 1093: 367202
Soma linha 1094: 362866
Soma linha 1095: 359803
Soma linha 1096: 359388
Soma linha 1097: 361507
Soma linha 1098: 363272
Soma linha 1099: 360159
Soma linha 1100: 372031
Soma linha 1101: 370485
Soma linha 1102: 372882
Soma linha 1103: 373638
Soma linha 1104: 379661
Soma linha 1105: 378221
Soma linha 1106: 371824
Soma linha 1107: 376036
Soma linha 1108: 376161
Soma linha 1109: 372751
Soma linha 1110: 368565
Soma linha 1111: 370827
Soma linha 1112: 364553
Soma linha 1113: 367192
Soma linha 1114: 373032
Soma linha 1115: 378977
Soma linha 1116: 369630
Soma linha 1117: 367097
Soma linha 1118: 368914
Soma linha 1119: 368648
Soma linha 1120: 368517
Soma linha 1121: 363968
Soma linha 1122: 369744
Soma linha 1123: 370977
Soma linha 1124: 365074
Soma linha 1125: 369888
Soma linha 1126: 367680
Soma linha 1127: 375184
Soma linha 1128: 368114
Soma linha 1129: 360418
Soma linha 1130: 358811
Soma linha 1131: 356555
Soma linha 1132: 362025
Soma linha 1133: 365336
Soma linha 1134: 370059
Soma linha 1135: 365903
Soma linha 1136: 368648
Soma linha 1137: 373672
Soma linha 1138: 372245
Soma linha 1139: 367842
Soma linha 1140: 364378
Soma linha 1141: 363272
Soma linha 1142: 366438
Soma linha 1143: 367081
Soma linha 1144: 363248
Soma linha 1145: 365211
Soma linha 1146: 367504
Soma linha 1147: 369817
Soma linha 1148: 371784
Soma linha 1149: 364960
Soma linha 1150: 359646
Soma linha 1151: 362509
Soma linha 1152: 363530
Soma linha 1153: 359615
Soma linha 1154: 363735
Soma linha 1155: 360140
Soma linha 1156: 364374
Soma linha 1157: 363376
Soma linha 1158: 363777
Soma linha 1159: 363573
Soma linha 1160: 363522
Soma linha 1161: 356240
Soma linha 1162: 360222
Soma linha 1163: 357998
Soma linha 1164: 362390
Soma linha 1165: 362587
Soma linha 1166: 366056
Soma linha 1167: 359125
Soma linha 1168: 357686
Soma linha 1169: 364108
Soma linha 1170: 360513
Soma linha 1171: 362375
Soma linha 1172: 361066
Soma linha 1173: 359696
Soma linha 1174: 359823
Soma linha 1175: 362689
Soma linha 1176: 359952
Soma linha 1177: 362992
Soma linha 1178: 367060
Soma linha 1179: 361780
Soma linha 1180: 360470
Soma linha 1181: 360772
Soma linha 1182: 364479
Soma linha 1183: 362300
Soma linha 1184: 356649
Soma linha 1185: 355281
Soma linha 1186: 356470
Soma linha 1187: 358308
Soma linha 1188: 356920
Soma linha 1189: 360560
Soma linha 1190: 360231
Soma linha 1191: 353785
Soma linha 1192: 356257
Soma linha 1193: 357165
Soma linha 1194: 357850
Soma linha 1195: 357897
Soma linha 1196: 352830
Soma linha 1197: 348540
Soma linha 1198: 349511
Soma linha 1199: 354215
Soma linha 1200: 354046
Soma linha 1201: 353251
Soma linha 1202: 352569
Soma linha 1203: 348705
Soma linha 1204: 351549
Soma linha 1205: 351275
Soma linha 1206: 346218
Soma linha 1207: 344130
Soma linha 1208: 342592
Soma linha 1209: 342302
Soma linha 1210: 343891
Soma linha 1211: 346174
Soma linha 1212: 344127
Soma linha 1213: 345229
Soma linha 1214: 343767
Soma linha 1215: 339070
Soma linha 1216: 336476
Soma linha 1217: 335857
Soma linha 1218: 336254
Soma linha 1219: 338974
Soma linha 1220: 339663
Soma linha 1221: 341640
Soma linha 1222: 340720
Soma linha 1223: 338539
Soma linha 1224: 338947
Soma linha 1225: 337458
Soma linha 1226: 337241
Soma linha 1227: 339707
Soma linha 1228: 338995
Soma linha 1229: 339674
Soma linha 1230: 338195
Soma linha 1231: 336734
Soma linha 1232: 336424
Soma linha 1233: 333120
Soma linha 1234: 334882
Soma linha 1235: 336248
Soma linha 1236: 335601
Soma linha 1237: 336691
Soma linha 1238: 337518
Soma linha 1239: 334306
Soma linha 1240: 330313
Soma linha 1241: 330915
Soma linha 1242: 330925
Soma linha 1243: 329412
Soma linha 1244: 326721
Soma linha 1245: 326483
Soma linha 1246: 325882
Soma linha 1247: 325919
Soma linha 1248: 328280
Soma linha 1249: 332697
Soma linha 1250: 330320
Soma linha 1251: 328938
Soma linha 1252: 326780
Soma linha 1253: 327566
Soma linha 1254: 324288
Soma linha 1255: 326625
Soma linha 1256: 325179
Soma linha 1257: 323940
Soma linha 1258: 324482
Soma linha 1259: 325576
Soma linha 1260: 329641
Soma linha 1261: 331360
Soma linha 1262: 333592
Soma linha 1263: 329668
Soma linha 1264: 332220
Soma linha 1265: 329226
Soma linha 1266: 330228
Soma linha 1267: 329616
Soma linha 1268: 330172
Soma linha 1269: 326495
Soma linha 1270: 325654
Soma linha 1271: 326509
Soma linha 1272: 329694
Soma linha 1273: 330676
Soma linha 1274: 328465
Soma linha 1275: 327016
Soma linha 1276: 330423
Soma linha 1277: 330741
Soma linha 1278: 332748
Soma linha 1279: 330106
Soma linha 1280: 329051
Soma linha 1281: 327538
Soma linha 1282: 329423
Soma linha 1283: 329893
Soma linha 1284: 327921
Soma linha 1285: 324843
Soma linha 1286: 325536
Soma linha 1287: 324033
Soma linha 1288: 322546
Soma linha 1289: 322779
Soma linha 1290: 326210
Soma linha 1291: 330039
Soma linha 1292: 331800
Soma linha 1293: 328560
Soma linha 1294: 327208
Soma linha 1295: 330335
Soma linha 1296: 331906
Soma linha 1297: 333711
Soma linha 1298: 331830
Soma linha 1299: 329917
Soma linha 1300: 330280
Soma linha 1301: 331586
Soma linha 1302: 333273
Soma linha 1303: 330611
Soma linha 1304: 330991
Soma linha 1305: 331756
Soma linha 1306: 333699
Soma linha 1307: 332617
Soma linha 1308: 325976
Soma linha 1309: 327369
Soma linha 1310: 332157
Soma linha 1311: 335204
Soma linha 1312: 337174
Soma linha 1313: 337501
Soma linha 1314: 335743
Soma linha 1315: 337668
Soma linha 1316: 341250
Soma linha 1317: 342185
Soma linha 1318: 341175
Soma linha 1319: 340955
Soma linha 1320: 339242
Soma linha 1321: 339088
Soma linha 1322: 343791
Soma linha 1323: 347469
Soma linha 1324: 347290
Soma linha 1325: 346846
Soma linha 1326: 347877
Soma linha 1327: 342998
Soma linha 1328: 339480
Soma linha 1329: 337154
Soma linha 1330: 342669
Soma linha 1331: 342902
Soma linha 1332: 339911
Soma linha 1333: 338056
Soma linha 1334: 336528
Soma linha 1335: 334660
Soma linha 1336: 336328
Soma linha 1337: 332820
Soma linha 1338: 333496
Soma linha 1339: 332237
Soma linha 1340: 329721
Soma linha 1341: 332399
Soma linha 1342: 334008
Soma linha 1343: 335235
Soma linha 1344: 338869
Soma linha 1345: 335577
Soma linha 1346: 336829
Soma linha 1347: 339588
Soma linha 1348: 340464
Soma linha 1349: 339841
Soma linha 1350: 334082
Soma linha 1351: 331363
Soma linha 1352: 326569
Soma linha 1353: 326456
Soma linha 1354: 321681
Soma linha 1355: 326116
Soma linha 1356: 332213
Soma linha 1357: 331713
Soma linha 1358: 327884
Soma linha 1359: 322559
Soma linha 1360: 322803
Soma linha 1361: 326793
Soma linha 1362: 323871
Soma linha 1363: 323149
Soma linha 1364: 324320
Soma linha 1365: 320253
Soma linha 1366: 318562
Soma linha 1367: 319028
Soma linha 1368: 313402
Soma linha 1369: 311930
Soma linha 1370: 310972
Soma linha 1371: 309439
Soma linha 1372: 308249
Soma linha 1373: 312100
Soma linha 1374: 306293
Soma linha 1375: 306726
Soma linha 1376: 311017
Soma linha 1377: 311735
Soma linha 1378: 310187
Soma linha 1379: 301672
Soma linha 1380: 300374
Soma linha 1381: 303111
Soma linha 1382: 297559
Soma linha 1383: 300886
Soma linha 1384: 299081
Soma linha 1385: 298183
Soma linha 1386: 295621
Soma linha 1387: 291356
Soma linha 1388: 292395
Soma linha 1389: 290731
Soma linha 1390: 289217
Soma linha 1391: 286969
Soma linha 1392: 288593
Soma linha 1393: 287743
Soma linha 1394: 287030
Soma linha 1395: 285827
Soma linha 1396: 287673
Soma linha 1397: 292369
Soma linha 1398: 290264
Soma linha 1399: 283078
Soma linha 1400: 281598
Soma linha 1401: 280280
Soma linha 1402: 279847
Soma linha 1403: 277198
Soma linha 1404: 275591
Soma linha 1405: 276571
Soma linha 1406: 277325
Soma linha 1407: 275185
Soma linha 1408: 272227
Soma linha 1409: 271981
Soma linha 1410: 275131
Soma linha 1411: 270474
Soma linha 1412: 265216
Soma linha 1413: 269327
Soma linha 1414: 272823
Soma linha 1415: 269616
Soma linha 1416: 268371
Soma linha 1417: 265701
Soma linha 1418: 258682
Soma linha 1419: 255656
Soma linha 1420: 254732
Soma linha 1421: 255031
Soma linha 1422: 253018
Soma linha 1423: 253455
Soma linha 1424: 260317
Soma linha 1425: 257224
Soma linha 1426: 251761
Soma linha 1427: 250109
Soma linha 1428: 246590
Soma linha 1429: 242981
Soma linha 1430: 246137
Soma linha 1431: 248411
Soma linha 1432: 249007
Soma linha 1433: 247413
Soma linha 1434: 243425
Soma linha 1435: 239214
Soma linha 1436: 241255
Soma linha 1437: 238754
Soma linha 1438: 236563
Soma linha 1439: 234768
Soma linha 1440: 235004
Soma linha 1441: 233123
Soma linha 1442: 231938
Soma linha 1443: 228984
Soma linha 1444: 228733
Soma linha 1445: 223542
Soma linha 1446: 219598
Soma linha 1447: 221433
Soma linha 1448: 223261
Soma linha 1449: 225956
Soma linha 1450: 228280
Soma linha 1451: 226243
Soma linha 1452: 229324
Soma linha 1453: 228727
Soma linha 1454: 229336
Soma linha 1455: 225659
Soma linha 1456: 227467
Soma linha 1457: 227540
Soma linha 1458: 230030
Soma linha 1459: 232834
Soma linha 1460: 236194
Soma linha 1461: 235704
Soma linha 1462: 237618
Soma linha 1463: 235616
Soma linha 1464: 244505
Soma linha 1465: 243776
Soma linha 1466: 239154
Soma linha 1467: 238357
Soma linha 1468: 242121
Soma linha 1469: 245845
Soma linha 1470: 243825
Soma linha 1471: 248086
Soma linha 1472: 247687
Soma linha 1473: 240629
Soma linha 1474: 240333
Soma linha 1475: 237051
Soma linha 1476: 235654
Soma linha 1477: 229458
Soma linha 1478: 231329
Soma linha 1479: 231362
Soma linha 1480: 228185
Soma linha 1481: 223146
Soma linha 1482: 223828
Soma linha 1483: 223260
Soma linha 1484: 223379
Soma linha 1485: 229492
Soma linha 1486: 238748
Soma linha 1487: 265064
Soma linha 1488: 290835
Soma linha 1489: 285949
Soma linha 1490: 288594
Soma linha 1491: 326559
Soma linha 1492: 373217
Soma linha 1493: 407496
Soma linha 1494: 424485
Soma linha 1495: 429044
Soma linha 1496: 442274
Soma linha 1497: 472394
Soma linha 1498: 485084
Soma linha 1499: 458263
Soma linha 1500: 448680
Soma linha 1501: 459891
Soma linha 1502: 474406
Soma linha 1503: 481312
Soma linha 1504: 453788
Soma linha 1505: 434444
Soma linha 1506: 445054
Soma linha 1507: 479260
Soma linha 1508: 460291
Soma linha 1509: 441183
Soma linha 1510: 417635
Soma linha 1511: 417724
Soma linha 1512: 399638
Soma linha 1513: 389791
Soma linha 1514: 386939
Soma linha 1515: 376220
Soma linha 1516: 373371
Soma linha 1517: 382451
Soma linha 1518: 379994
Soma linha 1519: 374186
Soma linha 1520: 371223
Soma linha 1521: 364967
Soma linha 1522: 369140
Soma linha 1523: 356446
Soma linha 1524: 356390
Soma linha 1525: 351910
Soma linha 1526: 351175
Soma linha 1527: 347755
Soma linha 1528: 349680
Soma linha 1529: 344113
Soma linha 1530: 345689
Soma linha 1531: 347778
Soma linha 1532: 343462
Soma linha 1533: 338663
Soma linha 1534: 334102
Soma linha 1535: 329621
Soma linha 1536: 330162
Soma linha 1537: 328130
Soma linha 1538: 325356
Soma linha 1539: 323656
Soma linha 1540: 318331
Soma linha 1541: 313665
Soma linha 1542: 307621
Soma linha 1543: 307439
Soma linha 1544: 299351
Soma linha 1545: 295232
Soma linha 1546: 295368
Soma linha 1547: 294865
Soma linha 1548: 290377
Soma linha 1549: 288674
Soma linha 1550: 285452
Soma linha 1551: 286842
Soma linha 1552: 288999
Soma linha 1553: 282815
Soma linha 1554: 283851
Soma linha 1555: 281169
Soma linha 1556: 280270
Soma linha 1557: 282756
Soma linha 1558: 285770
Soma linha 1559: 278895
Soma linha 1560: 274225
Soma linha 1561: 281640
Soma linha 1562: 285130
Soma linha 1563: 280536
Soma linha 1564: 279454
Soma linha 1565: 277643
Soma linha 1566: 271546
Soma linha 1567: 266535
Soma linha 1568: 267766
Soma linha 1569: 269027
Soma linha 1570: 270201
Soma linha 1571: 265133
Soma linha 1572: 264238
Soma linha 1573: 264880
Soma linha 1574: 263262
Soma linha 1575: 265950
Soma linha 1576: 267210
Soma linha 1577: 265685
Soma linha 1578: 262567
Soma linha 1579: 259116
Soma linha 1580: 257220
Soma linha 1581: 257436
Soma linha 1582: 254472
Soma linha 1583: 258279
Soma linha 1584: 263197
Soma linha 1585: 263482
Soma linha 1586: 263559
Soma linha 1587: 260763
Soma linha 1588: 259113
Soma linha 1589: 262765
Soma linha 1590: 260064
Soma linha 1591: 260843
Soma linha 1592: 266809
Soma linha 1593: 263140
Soma linha 1594: 260500
Soma linha 1595: 258564
Soma linha 1596: 259257
Soma linha 1597: 259493
Soma linha 1598: 258682
Soma linha 1599: 255505
Soma linha 1600: 256908
Soma linha 1601: 254398
Soma linha 1602: 260401
Soma linha 1603: 268624
Soma linha 1604: 266441
Soma linha 1605: 260353
Soma linha 1606: 254761
Soma linha 1607: 255576
Soma linha 1608: 262205
Soma linha 1609: 262231
Soma linha 1610: 258200
Soma linha 1611: 257340
Soma linha 1612: 269610
Soma linha 1613: 274507
Soma linha 1614: 267146
Soma linha 1615: 270141
Soma linha 1616: 274639
Soma linha 1617: 277233
Soma linha 1618: 270400
Soma linha 1619: 274757
Soma linha 1620: 267119
Soma linha 1621: 259833
Soma linha 1622: 264691
Soma linha 1623: 271669
Soma linha 1624: 281271
Soma linha 1625: 284230
Soma linha 1626: 285273
Soma linha 1627: 282530
Soma linha 1628: 289664
Soma linha 1629: 291590
Soma linha 1630: 297273
Soma linha 1631: 296483
Soma linha 1632: 284948
Soma linha 1633: 288366
Soma linha 1634: 299397
Soma linha 1635: 303119
Soma linha 1636: 301374
Soma linha 1637: 301963
Soma linha 1638: 305387
Soma linha 1639: 310294
Soma linha 1640: 314849
Soma linha 1641: 320478
Soma linha 1642: 327898
Soma linha 1643: 318997
Soma linha 1644: 315445
Soma linha 1645: 321447
Soma linha 1646: 318066
Soma linha 1647: 314305
Soma linha 1648: 307321
Soma linha 1649: 307828
Soma linha 1650: 312413
Soma linha 1651: 314193
Soma linha 1652: 319817
Soma linha 1653: 321340
Soma linha 1654: 315484
Soma linha 1655: 313226
Soma linha 1656: 319366
Soma linha 1657: 316176
Soma linha 1658: 327741
Soma linha 1659: 321193
Soma linha 1660: 319168
Soma linha 1661: 319093
Soma linha 1662: 316064
Soma linha 1663: 310645
Soma linha 1664: 316081
Soma linha 1665: 309969
Soma linha 1666: 313126
Soma linha 1667: 323079
Soma linha 1668: 325712
Soma linha 1669: 324221
Soma linha 1670: 320656
Soma linha 1671: 326342
Soma linha 1672: 324535
Soma linha 1673: 321686
Soma linha 1674: 324665
Soma linha 1675: 317565
Soma linha 1676: 323117
Soma linha 1677: 319384
Soma linha 1678: 318357
Soma linha 1679: 326179
Soma linha 1680: 327828
Soma linha 1681: 323490
Soma linha 1682: 319002
Soma linha 1683: 322721
Soma linha 1684: 322261
Soma linha 1685: 327313
Soma linha 1686: 329780
Soma linha 1687: 318582
Soma linha 1688: 325721
Soma linha 1689: 322887
Soma linha 1690: 322604
Soma linha 1691: 334445
Soma linha 1692: 324873
Soma linha 1693: 330488
Soma linha 1694: 342380
Soma linha 1695: 345165
Soma linha 1696: 341099
Soma linha 1697: 327421
Soma linha 1698: 328975
Soma linha 1699: 337274
Soma linha 1700: 335963
Soma linha 1701: 345542
Soma linha 1702: 347212
Soma linha 1703: 344667
Soma linha 1704: 346073
Soma linha 1705: 341328
Soma linha 1706: 349093
Soma linha 1707: 347266
Soma linha 1708: 352135
Soma linha 1709: 348889
Soma linha 1710: 340926
Soma linha 1711: 348452
Soma linha 1712: 346021
Soma linha 1713: 344226
Soma linha 1714: 354735
Soma linha 1715: 347834
Soma linha 1716: 337454
Soma linha 1717: 345208
Soma linha 1718: 347109
Soma linha 1719: 342438
Soma linha 1720: 332469
Soma linha 1721: 335024
Soma linha 1722: 337999
Soma linha 1723: 346674
Soma linha 1724: 353886
Soma linha 1725: 348594
Soma linha 1726: 348196
Soma linha 1727: 362329
Soma linha 1728: 365597
Soma linha 1729: 362708
Soma linha 1730: 342025
Soma linha 1731: 343683
Soma linha 1732: 338600
Soma linha 1733: 339420
Soma linha 1734: 342750
Soma linha 1735: 347884
Soma linha 1736: 356838
Soma linha 1737: 357744
Soma linha 1738: 357457
Soma linha 1739: 358266
Soma linha 1740: 344845
Soma linha 1741: 343831
Soma linha 1742: 352769
Soma linha 1743: 343444
Soma linha 1744: 341967
Soma linha 1745: 336553
Soma linha 1746: 331241
Soma linha 1747: 329572
Soma linha 1748: 327815
Soma linha 1749: 328643
Soma linha 1750: 327937
Soma linha 1751: 337634
Soma linha 1752: 336406
Soma linha 1753: 344160
Soma linha 1754: 351302
Soma linha 1755: 353790
Soma linha 1756: 359206
Soma linha 1757: 360464
Soma linha 1758: 367841
Soma linha 1759: 361062
Soma linha 1760: 372058
Soma linha 1761: 382385
Soma linha 1762: 384821
Soma linha 1763: 385603
Soma linha 1764: 388476
Soma linha 1765: 399364
Soma linha 1766: 389976
Soma linha 1767: 390618
Soma linha 1768: 405157
Soma linha 1769: 406363
Soma linha 1770: 406492
Soma linha 1771: 392309
Soma linha 1772: 392541
Soma linha 1773: 381653
Soma linha 1774: 385431
Soma linha 1775: 412510
Soma linha 1776: 401715
Soma linha 1777: 389701
Soma linha 1778: 392535
Soma linha 1779: 394029
Soma linha 1780: 383536
Soma linha 1781: 402845
Soma linha 1782: 399555
Soma linha 1783: 384852
Soma linha 1784: 382865
Soma linha 1785: 385745
Soma linha 1786: 382500
Soma linha 1787: 385146
Soma linha 1788: 380364
Soma linha 1789: 379080
Soma linha 1790: 377612
Soma linha 1791: 381706
Soma linha 1792: 379234
Soma linha 1793: 381019
Soma linha 1794: 390747
Soma linha 1795: 380455
Soma linha 1796: 378458
Soma linha 1797: 371416
Soma linha 1798: 387665
Soma linha 1799: 404809
Soma linha 1800: 386652
Soma linha 1801: 379509
Soma linha 1802: 389998
Soma linha 1803: 414202
Soma linha 1804: 425554
Soma linha 1805: 426649
Soma linha 1806: 410317
Soma linha 1807: 402432
Soma linha 1808: 407170
Soma linha 1809: 418461
Soma linha 1810: 415829
Soma linha 1811: 422756
Soma linha 1812: 405956
Soma linha 1813: 397639
Soma linha 1814: 410662
Soma linha 1815: 419602
Soma linha 1816: 419711
Soma linha 1817: 422010
Soma linha 1818: 421673
Soma linha 1819: 424948
Soma linha 1820: 428423
Soma linha 1821: 427419
Soma linha 1822: 423312
Soma linha 1823: 439818
Soma linha 1824: 453654
Soma linha 1825: 452252
Soma linha 1826: 438645
Soma linha 1827: 414253
Soma linha 1828: 415232
Soma linha 1829: 421954
Soma linha 1830: 438130
Soma linha 1831: 447381
Soma linha 1832: 444693
Soma linha 1833: 432773
Soma linha 1834: 415521
Soma linha 1835: 398861
Soma linha 1836: 400582
Soma linha 1837: 405123
Soma linha 1838: 426814
Soma linha 1839: 434390
Soma linha 1840: 430255
Soma linha 1841: 411401
Soma linha 1842: 402396
Soma linha 1843: 391303
Soma linha 1844: 395942
Soma linha 1845: 400950
Soma linha 1846: 395482
Soma linha 1847: 386860
Soma linha 1848: 375771
Soma linha 1849: 362552
Soma linha 1850: 365632
Soma linha 1851: 377789
Soma linha 1852: 400489
Soma linha 1853: 402702
Soma linha 1854: 403871
Soma linha 1855: 403942
Soma linha 1856: 399750
Soma linha 1857: 390031
Soma linha 1858: 380158
Soma linha 1859: 379966
Soma linha 1860: 374032
Soma linha 1861: 367722
Soma linha 1862: 366112
Soma linha 1863: 380887
Soma linha 1864: 395143
Soma linha 1865: 401360
Soma linha 1866: 404111
Soma linha 1867: 407196
Soma linha 1868: 423868
Soma linha 1869: 433225
Soma linha 1870: 433789
Soma linha 1871: 434145
Soma linha 1872: 418951
Soma linha 1873: 407221
Soma linha 1874: 395777
Soma linha 1875: 401319
Soma linha 1876: 415433
Soma linha 1877: 429739
Soma linha 1878: 452161
Soma linha 1879: 456093
Soma linha 1880: 461161
Soma linha 1881: 450519
Soma linha 1882: 452364
Soma linha 1883: 443287
Soma linha 1884: 439665
Soma linha 1885: 430693
Soma linha 1886: 428922
Soma linha 1887: 421909
Soma linha 1888: 413451
Soma linha 1889: 414728
Soma linha 1890: 417740
Soma linha 1891: 422482
Soma linha 1892: 426551
Soma linha 1893: 443218
Soma linha 1894: 432954
Soma linha 1895: 427227
Soma linha 1896: 416657
Soma linha 1897: 395505
Soma linha 1898: 381452
Soma linha 1899: 365919
Soma linha 1900: 363198
Soma linha 1901: 368064
Soma linha 1902: 385651
Soma linha 1903: 397005
Soma linha 1904: 404691
Soma linha 1905: 398690
Soma linha 1906: 393024
Soma linha 1907: 378877
Soma linha 1908: 368584
Soma linha 1909: 372626
Soma linha 1910: 362705
Soma linha 1911: 368012
Soma linha 1912: 385045
Soma linha 1913: 389043
Soma linha 1914: 390846
Soma linha 1915: 385179
Soma linha 1916: 370135
Soma linha 1917: 387776
Soma linha 1918: 399079
Soma linha 1919: 402377
Soma linha 1920: 403827
Soma linha 1921: 409099
Soma linha 1922: 409623
Soma linha 1923: 399292
Soma linha 1924: 389354
Soma linha 1925: 384421
Soma linha 1926: 362871
Soma linha 1927: 362966
Soma linha 1928: 363847
Soma linha 1929: 370594
Soma linha 1930: 357812
Soma linha 1931: 355311
Soma linha 1932: 359041
Soma linha 1933: 355692
Soma linha 1934: 355273
Soma linha 1935: 347395
Soma linha 1936: 338733
Soma linha 1937: 346751
Soma linha 1938: 353581
Soma linha 1939: 357609
Soma linha 1940: 372331
Soma linha 1941: 391058
Soma linha 1942: 393170
Soma linha 1943: 402739
Soma linha 1944: 377412
Soma linha 1945: 369275
Soma linha 1946: 371913
Soma linha 1947: 362468
Soma linha 1948: 350154
Soma linha 1949: 332739
Soma linha 1950: 329951
Soma linha 1951: 335336
Soma linha 1952: 342971
Soma linha 1953: 334665
Soma linha 1954: 334205
Soma linha 1955: 327997
Soma linha 1956: 335253
Soma linha 1957: 337890
Soma linha 1958: 344166
Soma linha 1959: 346859
Soma linha 1960: 350529
Soma linha 1961: 353261
Soma linha 1962: 349701
Soma linha 1963: 340310
Soma linha 1964: 356276
Soma linha 1965: 361917
Soma linha 1966: 365724
Soma linha 1967: 378257
Soma linha 1968: 377079
Soma linha 1969: 364688
Soma linha 1970: 372373
Soma linha 1971: 397380
Soma linha 1972: 403171
Soma linha 1973: 405154
Soma linha 1974: 386435
Soma linha 1975: 381093
Soma linha 1976: 370423
Soma linha 1977: 379887
Soma linha 1978: 377086
Soma linha 1979: 377730
Soma linha 1980: 373484
Soma linha 1981: 378195
Soma linha 1982: 374205
Soma linha 1983: 372750
Soma linha 1984: 362446
Soma linha 1985: 354591
Soma linha 1986: 364070
Soma linha 1987: 367183
Soma linha 1988: 360068
Soma linha 1989: 364608
Soma linha 1990: 377594
Soma linha 1991: 390505
Soma linha 1992: 379237
Soma linha 1993: 376647
Soma linha 1994: 382729
Soma linha 1995: 382360
Soma linha 1996: 378376
Soma linha 1997: 379455
Soma linha 1998: 389091
Soma linha 1999: 381327
Soma linha 2000: 391814
Soma linha 2001: 389923
Soma linha 2002: 391619
Soma linha 2003: 379504
Soma linha 2004: 371098
Soma linha 2005: 362529
Soma linha 2006: 359837
Soma linha 2007: 360525
Soma linha 2008: 356641
Soma linha 2009: 354773
Soma linha 2010: 357574
Soma linha 2011: 356295
Soma linha 2012: 355889
Soma linha 2013: 359901
Soma linha 2014: 364184
Soma linha 2015: 363162
Soma linha 2016: 352962
Soma linha 2017: 360439
Soma linha 2018: 359667
Soma linha 2019: 368944
Soma linha 2020: 371122
Soma linha 2021: 368407
Soma linha 2022: 370689
Soma linha 2023: 358375
Soma linha 2024: 367288
Soma linha 2025: 363265
Soma linha 2026: 366080
Soma linha 2027: 359499
Soma linha 2028: 353041
Soma linha 2029: 358562
Soma linha 2030: 361229
Soma linha 2031: 358336
Soma linha 2032: 353493
Soma linha 2033: 338716
Soma linha 2034: 337840
Soma linha 2035: 340705
Soma linha 2036: 350435
Soma linha 2037: 347186
Soma linha 2038: 340944
Soma linha 2039: 348587
Soma linha 2040: 346448
Soma linha 2041: 357929
Soma linha 2042: 353937
Soma linha 2043: 345027
Soma linha 2044: 344345
Soma linha 2045: 355978
Soma linha 2046: 355849
Soma linha 2047: 353843
Soma linha 2048: 351892
Soma linha 2049: 346163
Soma linha 2050: 345834
Soma linha 2051: 350099
Soma linha 2052: 359813
Soma linha 2053: 365389
Soma linha 2054: 356832
Soma linha 2055: 369206
Soma linha 2056: 372550
Soma linha 2057: 370916
Soma linha 2058: 385581
Soma linha 2059: 377431
Soma linha 2060: 365933
Soma linha 2061: 362541
Soma linha 2062: 371080
Soma linha 2063: 383339
Soma linha 2064: 369621
Soma linha 2065: 372614
Soma linha 2066: 370753
Soma linha 2067: 361045
Soma linha 2068: 367657
Soma linha 2069: 373348
Soma linha 2070: 379675
Soma linha 2071: 377751
Soma linha 2072: 374481
Soma linha 2073: 381982
Soma linha 2074: 370318
Soma linha 2075: 379114
Soma linha 2076: 378871
Soma linha 2077: 384205
Soma linha 2078: 382704
Soma linha 2079: 383516
Soma linha 2080: 381608
Soma linha 2081: 382461
Soma linha 2082: 374632
Soma linha 2083: 379665
Soma linha 2084: 379304
Soma linha 2085: 369726
Soma linha 2086: 356120
Soma linha 2087: 348591
Soma linha 2088: 359773
Soma linha 2089: 355716
Soma linha 2090: 353953
Soma linha 2091: 350313
Soma linha 2092: 353098
Soma linha 2093: 353780
Soma linha 2094: 359409
Soma linha 2095: 367659
Soma linha 2096: 376325
Soma linha 2097: 372343
Soma linha 2098: 366935
Soma linha 2099: 370122
Soma linha 2100: 365024
Soma linha 2101: 370784
Soma linha 2102: 368284
Soma linha 2103: 362928
Soma linha 2104: 349698
Soma linha 2105: 346630
Soma linha 2106: 345030
Soma linha 2107: 344411
Soma linha 2108: 348991
Soma linha 2109: 344473
Soma linha 2110: 339218
Soma linha 2111: 334996
Soma linha 2112: 331793
Soma linha 2113: 321797
Soma linha 2114: 316317
Soma linha 2115: 318430
Soma linha 2116: 317324
Soma linha 2117: 330093
Soma linha 2118: 332715
Soma linha 2119: 323974
Soma linha 2120: 325066
Soma linha 2121: 326488
Soma linha 2122: 333549
Soma linha 2123: 336446
Soma linha 2124: 337885
Soma linha 2125: 327834
Soma linha 2126: 325728
Soma linha 2127: 328959
Soma linha 2128: 342548
Soma linha 2129: 343901
Soma linha 2130: 352488
Soma linha 2131: 350028
Soma linha 2132: 358426
Soma linha 2133: 367119
Soma linha 2134: 369232
Soma linha 2135: 371315
Soma linha 2136: 381211
Soma linha 2137: 370425
Soma linha 2138: 376237
Soma linha 2139: 383743
Soma linha 2140: 382547
Soma linha 2141: 369698
Soma linha 2142: 374200
Soma linha 2143: 364769
Soma linha 2144: 370753
Soma linha 2145: 368387
Soma linha 2146: 369642
Soma linha 2147: 370843
Soma linha 2148: 375930
Soma linha 2149: 377243
Soma linha 2150: 387162
Soma linha 2151: 381985
Soma linha 2152: 388275
Soma linha 2153: 393007
Soma linha 2154: 382219
Soma linha 2155: 376003
Soma linha 2156: 374960
Soma linha 2157: 383852
Soma linha 2158: 381660
Soma linha 2159: 377742
paisagemNegativo.bmp
