CABECALHO:
Iniciais: BM
Tamanho do arquivo: 8848438
Reservado: 0
Deslocamento, em bytes, para o inicio da area de dados: 1078
Tamanho em bytes do segundo cabecalho: 40
Resolucao: 4096 x 2160
Numero de planos: 1
Bits por pixel: 8
Compressao usada: 0
Tamanho imagem: 8847360
Resolucao horizontal: 3780 pixel por metro
Resolucao Vertical: 3780 pixel por metro
Numero de cores usadas: 0
Numero de cores importantes: 0
PALETA ORIGINAL:
Paleta[0]: R:255 G:255 B:255
Paleta[1]: R:127 G:255 B:255
Paleta[2]: R:255 G:127 B:255
Paleta[3]: R:127 G:127 B:255
Paleta[4]: R:255 G:255 B:127
Paleta[5]: R:127 G:255 B:127
Paleta[6]: R:255 G:127 B:127
Paleta[7]: R:63 G:63 B:63
Paleta[8]: R:63 G:35 B:63
Paleta[9]: R:89 G:53 B:15
Paleta[10]: R:191 G:223 B:255
Paleta[11]: R:159 G:223 B:255
Paleta[12]: R:127 G:223 B:255
Paleta[13]: R:95 G:223 B:255
Paleta[14]: R:63 G:223 B:255
Paleta[15]: R:31 G:223 B:255
Paleta[16]: R:255 G:191 B:255
Paleta[17]: R:223 G:191 B:255
Paleta[18]: R:191 G:191 B:255
Paleta[19]: R:159 G:191 B:255
Paleta[20]: R:127 G:191 B:255
Paleta[21]: R:95 G:191 B:255
Paleta[22]: R:63 G:191 B:255
Paleta[23]: R:31 G:191 B:255
Paleta[24]: R:255 G:159 B:255
Paleta[25]: R:223 G:159 B:255
Paleta[26]: R:191 G:159 B:255
Paleta[27]: R:159 G:159 B:255
Paleta[28]: R:127 G:159 B:255
Paleta[29]: R:95 G:159 B:255
Paleta[30]: R:63 G:159 B:255
Paleta[31]: R:31 G:159 B:255
Paleta[32]: R:255 G:127 B:255
Paleta[33]: R:223 G:127 B:255
Paleta[34]: R:191 G:127 B:255
Paleta[35]: R:159 G:127 B:255
Paleta[36]: R:127 G:127 B:255
Paleta[37]: R:95 G:127 B:255
Paleta[38]: R:63 G:127 B:255
Paleta[39]: R:31 G:127 B:255
Paleta[40]: R:255 G:95 B:255
Paleta[41]: R:223 G:95 B:255
Paleta[42]: R:191 G:95 B:255
Paleta[43]: R:159 G:95 B:255
Paleta[44]: R:127 G:95 B:255
Paleta[45]: R:95 G:95 B:255
Paleta[46]: R:63 G:95 B:255
Paleta[47]: R:31 G:95 B:255
Paleta[48]: R:255 G:63 B:255
Paleta[49]: R:223 G:63 B:255
Paleta[50]: R:191 G:63 B:255
Paleta[51]: R:159 G:63 B:255
Paleta[52]: R:127 G:63 B:255
Paleta[53]: R:95 G:63 B:255
Paleta[54]: R:63 G:63 B:255
Paleta[55]: R:31 G:63 B:255
Paleta[56]: R:255 G:31 B:255
Paleta[57]: R:223 G:31 B:255
Paleta[58]: R:191 G:31 B:255
Paleta[59]: R:159 G:31 B:255
Paleta[60]: R:127 G:31 B:255
Paleta[61]: R:95 G:31 B:255
Paleta[62]: R:63 G:31 B:255
Paleta[63]: R:31 G:31 B:255
Paleta[64]: R:255 G:255 B:191
Paleta[65]: R:223 G:255 B:191
Paleta[66]: R:191 G:255 B:191
Paleta[67]: R:159 G:255 B:191
Paleta[68]: R:127 G:255 B:191
Paleta[69]: R:95 G:255 B:191
Paleta[70]: R:63 G:255 B:191
Paleta[71]: R:31 G:255 B:191
Paleta[72]: R:255 G:223 B:191
Paleta[73]: R:223 G:223 B:191
Paleta[74]: R:191 G:223 B:191
Paleta[75]: R:159 G:223 B:191
Paleta[76]: R:127 G:223 B:191
Paleta[77]: R:95 G:223 B:191
Paleta[78]: R:63 G:223 B:191
Paleta[79]: R:31 G:223 B:191
Paleta[80]: R:255 G:191 B:191
Paleta[81]: R:223 G:191 B:191
Paleta[82]: R:191 G:191 B:191
Paleta[83]: R:159 G:191 B:191
Paleta[84]: R:127 G:191 B:191
Paleta[85]: R:95 G:191 B:191
Paleta[86]: R:63 G:191 B:191
Paleta[87]: R:31 G:191 B:191
Paleta[88]: R:255 G:159 B:191
Paleta[89]: R:223 G:159 B:191
Paleta[90]: R:191 G:159 B:191
Paleta[91]: R:159 G:159 B:191
Paleta[92]: R:127 G:159 B:191
Paleta[93]: R:95 G:159 B:191
Paleta[94]: R:63 G:159 B:191
Paleta[95]: R:31 G:159 B:191
Paleta[96]: R:255 G:127 B:191
Paleta[97]: R:223 G:127 B:191
Paleta[98]: R:191 G:127 B:191
Paleta[99]: R:159 G:127 B:191
Paleta[100]: R:127 G:127 B:191
Paleta[101]: R:95 G:127 B:191
Paleta[102]: R:63 G:127 B:191
Paleta[103]: R:31 G:127 B:191
Paleta[104]: R:255 G:95 B:191
Paleta[105]: R:223 G:95 B:191
Paleta[106]: R:191 G:95 B:191
Paleta[107]: R:159 G:95 B:191
Paleta[108]: R:127 G:95 B:191
Paleta[109]: R:95 G:95 B:191
Paleta[110]: R:63 G:95 B:191
Paleta[111]: R:31 G:95 B:191
Paleta[112]: R:255 G:63 B:191
Paleta[113]: R:223 G:63 B:191
Paleta[114]: R:191 G:63 B:191
Paleta[115]: R:159 G:63 B:191
Paleta[116]: R:127 G:63 B:191
Paleta[117]: R:95 G:63 B:191
Paleta[118]: R:63 G:63 B:191
Paleta[119]: R:31 G:63 B:191
Paleta[120]: R:255 G:31 B:191
Paleta[121]: R:223 G:31 B:191
Paleta[122]: R:191 G:31 B:191
Paleta[123]: R:159 G:31 B:191
Paleta[124]: R:127 G:31 B:191
Paleta[125]: R:95 G:31 B:191
Paleta[126]: R:63 G:31 B:191
Paleta[127]: R:31 G:31 B:191
Paleta[128]: R:255 G:255 B:127
Paleta[129]: R:223 G:255 B:127
Paleta[130]: R:191 G:255 B:127
Paleta[131]: R:159 G:255 B:127
Paleta[132]: R:127 G:255 B:127
Paleta[133]: R:95 G:255 B:127
Paleta[134]: R:63 G:255 B:127
Paleta[135]: R:31 G:255 B:127
Paleta[136]: R:255 G:223 B:127
Paleta[137]: R:223 G:223 B:127
Paleta[138]: R:191 G:223 B:127
Paleta[139]: R:159 G:223 B:127
Paleta[140]: R:127 G:223 B:127
Paleta[141]: R:95 G:223 B:127
Paleta[142]: R:63 G:223 B:127
Paleta[143]: R:31 G:223 B:127
Paleta[144]: R:255 G:191 B:127
Paleta[145]: R:223 G:191 B:127
Paleta[146]: R:191 G:191 B:127
Paleta[147]: R:159 G:191 B:127
Paleta[148]: R:127 G:191 B:127
Paleta[149]: R:95 G:191 B:127
Paleta[150]: R:63 G:191 B:127
Paleta[151]: R:31 G:191 B:127
Paleta[152]: R:255 G:159 B:127
Paleta[153]: R:223 G:159 B:127
Paleta[154]: R:191 G:159 B:127
Paleta[155]: R:159 G:159 B:127
Paleta[156]: R:127 G:159 B:127
Paleta[157]: R:95 G:159 B:127
Paleta[158]: R:63 G:159 B:127
Paleta[159]: R:31 G:159 B:127
Paleta[160]: R:255 G:127 B:127
Paleta[161]: R:223 G:127 B:127
Paleta[162]: R:191 G:127 B:127
Paleta[163]: R:159 G:127 B:127
Paleta[164]: R:127 G:127 B:127
Paleta[165]: R:95 G:127 B:127
Paleta[166]: R:63 G:127 B:127
Paleta[167]: R:31 G:127 B:127
Paleta[168]: R:255 G:95 B:127
Paleta[169]: R:223 G:95 B:127
Paleta[170]: R:191 G:95 B:127
Paleta[171]: R:159 G:95 B:127
Paleta[172]: R:127 G:95 B:127
Paleta[173]: R:95 G:95 B:127
Paleta[174]: R:63 G:95 B:127
Paleta[175]: R:31 G:95 B:127
Paleta[176]: R:255 G:63 B:127
Paleta[177]: R:223 G:63 B:127
Paleta[178]: R:191 G:63 B:127
Paleta[179]: R:159 G:63 B:127
Paleta[180]: R:127 G:63 B:127
Paleta[181]: R:95 G:63 B:127
Paleta[182]: R:63 G:63 B:127
Paleta[183]: R:31 G:63 B:127
Paleta[184]: R:255 G:31 B:127
Paleta[185]: R:223 G:31 B:127
Paleta[186]: R:191 G:31 B:127
Paleta[187]: R:159 G:31 B:127
Paleta[188]: R:127 G:31 B:127
Paleta[189]: R:95 G:31 B:127
Paleta[190]: R:63 G:31 B:127
Paleta[191]: R:31 G:31 B:127
Paleta[192]: R:255 G:255 B:63
Paleta[193]: R:223 G:255 B:63
Paleta[194]: R:191 G:255 B:63
Paleta[195]: R:159 G:255 B:63
Paleta[196]: R:127 G:255 B:63
Paleta[197]: R:95 G:255 B:63
Paleta[198]: R:63 G:255 B:63
Paleta[199]: R:31 G:255 B:63
Paleta[200]: R:255 G:223 B:63
Paleta[201]: R:223 G:223 B:63
Paleta[202]: R:191 G:223 B:63
Paleta[203]: R:159 G:223 B:63
Paleta[204]: R:127 G:223 B:63
Paleta[205]: R:95 G:223 B:63
Paleta[206]: R:63 G:223 B:63
Paleta[207]: R:31 G:223 B:63
Paleta[208]: R:255 G:191 B:63
Paleta[209]: R:223 G:191 B:63
Paleta[210]: R:191 G:191 B:63
Paleta[211]: R:159 G:191 B:63
Paleta[212]: R:127 G:191 B:63
Paleta[213]: R:95 G:191 B:63
Paleta[214]: R:63 G:191 B:63
Paleta[215]: R:31 G:191 B:63
Paleta[216]: R:255 G:159 B:63
Paleta[217]: R:223 G:159 B:63
Paleta[218]: R:191 G:159 B:63
Paleta[219]: R:159 G:159 B:63
Paleta[220]: R:127 G:159 B:63
Paleta[221]: R:95 G:159 B:63
Paleta[222]: R:63 G:159 B:63
Paleta[223]: R:31 G:159 B:63
Paleta[224]: R:255 G:127 B:63
Paleta[225]: R:223 G:127 B:63
Paleta[226]: R:191 G:127 B:63
Paleta[227]: R:159 G:127 B:63
Paleta[228]: R:127 G:127 B:63
Paleta[229]: R:95 G:127 B:63
Paleta[230]: R:63 G:127 B:63
Paleta[231]: R:31 G:127 B:63
Paleta[232]: R:255 G:95 B:63
Paleta[233]: R:223 G:95 B:63
Paleta[234]: R:191 G:95 B:63
Paleta[235]: R:159 G:95 B:63
Paleta[236]: R:127 G:95 B:63
Paleta[237]: R:95 G:95 B:63
Paleta[238]: R:63 G:95 B:63
Paleta[239]: R:31 G:95 B:63
Paleta[240]: R:255 G:63 B:63
Paleta[241]: R:223 G:63 B:63
Paleta[242]: R:191 G:63 B:63
Paleta[243]: R:159 G:63 B:63
Paleta[244]: R:127 G:63 B:63
Paleta[245]: R:95 G:63 B:63
Paleta[246]: R:0 G:4 B:15
Paleta[247]: R:95 G:95 B:91
Paleta[248]: R:127 G:127 B:127
Paleta[249]: R:0 G:255 B:255
Paleta[250]: R:255 G:0 B:255
Paleta[251]: R:0 G:0 B:255
Paleta[252]: R:255 G:255 B:0
Paleta[253]: R:0 G:255 B:0
Paleta[254]: R:255 G:0 B:0
Paleta[255]: R:0 G:0 B:0
PALETA NOVA:
Paleta[0]: R:0 G:0 B:0
Paleta[1]: R:128 G:0 B:0
Paleta[2]: R:0 G:128 B:0
Paleta[3]: R:128 G:128 B:0
Paleta[4]: R:0 G:0 B:128
Paleta[5]: R:128 G:0 B:128
Paleta[6]: R:0 G:128 B:128
Paleta[7]: R:192 G:192 B:192
Paleta[8]: R:192 G:220 B:192
Paleta[9]: R:166 G:202 B:240
Paleta[10]: R:64 G:32 B:0
Paleta[11]: R:96 G:32 B:0
Paleta[12]: R:128 G:32 B:0
Paleta[13]: R:160 G:32 B:0
Paleta[14]: R:192 G:32 B:0
Paleta[15]: R:224 G:32 B:0
Paleta[16]: R:0 G:64 B:0
Paleta[17]: R:32 G:64 B:0
Paleta[18]: R:64 G:64 B:0
Paleta[19]: R:96 G:64 B:0
Paleta[20]: R:128 G:64 B:0
Paleta[21]: R:160 G:64 B:0
Paleta[22]: R:192 G:64 B:0
Paleta[23]: R:224 G:64 B:0
Paleta[24]: R:0 G:96 B:0
Paleta[25]: R:32 G:96 B:0
Paleta[26]: R:64 G:96 B:0
Paleta[27]: R:96 G:96 B:0
Paleta[28]: R:128 G:96 B:0
Paleta[29]: R:160 G:96 B:0
Paleta[30]: R:192 G:96 B:0
Paleta[31]: R:224 G:96 B:0
Paleta[32]: R:0 G:128 B:0
Paleta[33]: R:32 G:128 B:0
Paleta[34]: R:64 G:128 B:0
Paleta[35]: R:96 G:128 B:0
Paleta[36]: R:128 G:128 B:0
Paleta[37]: R:160 G:128 B:0
Paleta[38]: R:192 G:128 B:0
Paleta[39]: R:224 G:128 B:0
Paleta[40]: R:0 G:160 B:0
Paleta[41]: R:32 G:160 B:0
Paleta[42]: R:64 G:160 B:0
Paleta[43]: R:96 G:160 B:0
Paleta[44]: R:128 G:160 B:0
Paleta[45]: R:160 G:160 B:0
Paleta[46]: R:192 G:160 B:0
Paleta[47]: R:224 G:160 B:0
Paleta[48]: R:0 G:192 B:0
Paleta[49]: R:32 G:192 B:0
Paleta[50]: R:64 G:192 B:0
Paleta[51]: R:96 G:192 B:0
Paleta[52]: R:128 G:192 B:0
Paleta[53]: R:160 G:192 B:0
Paleta[54]: R:192 G:192 B:0
Paleta[55]: R:224 G:192 B:0
Paleta[56]: R:0 G:224 B:0
Paleta[57]: R:32 G:224 B:0
Paleta[58]: R:64 G:224 B:0
Paleta[59]: R:96 G:224 B:0
Paleta[60]: R:128 G:224 B:0
Paleta[61]: R:160 G:224 B:0
Paleta[62]: R:192 G:224 B:0
Paleta[63]: R:224 G:224 B:0
Paleta[64]: R:0 G:0 B:64
Paleta[65]: R:32 G:0 B:64
Paleta[66]: R:64 G:0 B:64
Paleta[67]: R:96 G:0 B:64
Paleta[68]: R:128 G:0 B:64
Paleta[69]: R:160 G:0 B:64
Paleta[70]: R:192 G:0 B:64
Paleta[71]: R:224 G:0 B:64
Paleta[72]: R:0 G:32 B:64
Paleta[73]: R:32 G:32 B:64
Paleta[74]: R:64 G:32 B:64
Paleta[75]: R:96 G:32 B:64
Paleta[76]: R:128 G:32 B:64
Paleta[77]: R:160 G:32 B:64
Paleta[78]: R:192 G:32 B:64
Paleta[79]: R:224 G:32 B:64
Paleta[80]: R:0 G:64 B:64
Paleta[81]: R:32 G:64 B:64
Paleta[82]: R:64 G:64 B:64
Paleta[83]: R:96 G:64 B:64
Paleta[84]: R:128 G:64 B:64
Paleta[85]: R:160 G:64 B:64
Paleta[86]: R:192 G:64 B:64
Paleta[87]: R:224 G:64 B:64
Paleta[88]: R:0 G:96 B:64
Paleta[89]: R:32 G:96 B:64
Paleta[90]: R:64 G:96 B:64
Paleta[91]: R:96 G:96 B:64
Paleta[92]: R:128 G:96 B:64
Paleta[93]: R:160 G:96 B:64
Paleta[94]: R:192 G:96 B:64
Paleta[95]: R:224 G:96 B:64
Paleta[96]: R:0 G:128 B:64
Paleta[97]: R:32 G:128 B:64
Paleta[98]: R:64 G:128 B:64
Paleta[99]: R:96 G:128 B:64
Paleta[100]: R:128 G:128 B:64
Paleta[101]: R:160 G:128 B:64
Paleta[102]: R:192 G:128 B:64
Paleta[103]: R:224 G:128 B:64
Paleta[104]: R:0 G:160 B:64
Paleta[105]: R:32 G:160 B:64
Paleta[106]: R:64 G:160 B:64
Paleta[107]: R:96 G:160 B:64
Paleta[108]: R:128 G:160 B:64
Paleta[109]: R:160 G:160 B:64
Paleta[110]: R:192 G:160 B:64
Paleta[111]: R:224 G:160 B:64
Paleta[112]: R:0 G:192 B:64
Paleta[113]: R:32 G:192 B:64
Paleta[114]: R:64 G:192 B:64
Paleta[115]: R:96 G:192 B:64
Paleta[116]: R:128 G:192 B:64
Paleta[117]: R:160 G:192 B:64
Paleta[118]: R:192 G:192 B:64
Paleta[119]: R:224 G:192 B:64
Paleta[120]: R:0 G:224 B:64
Paleta[121]: R:32 G:224 B:64
Paleta[122]: R:64 G:224 B:64
Paleta[123]: R:96 G:224 B:64
Paleta[124]: R:128 G:224 B:64
Paleta[125]: R:160 G:224 B:64
Paleta[126]: R:192 G:224 B:64
Paleta[127]: R:224 G:224 B:64
Paleta[128]: R:0 G:0 B:128
Paleta[129]: R:32 G:0 B:128
Paleta[130]: R:64 G:0 B:128
Paleta[131]: R:96 G:0 B:128
Paleta[132]: R:128 G:0 B:128
Paleta[133]: R:160 G:0 B:128
Paleta[134]: R:192 G:0 B:128
Paleta[135]: R:224 G:0 B:128
Paleta[136]: R:0 G:32 B:128
Paleta[137]: R:32 G:32 B:128
Paleta[138]: R:64 G:32 B:128
Paleta[139]: R:96 G:32 B:128
Paleta[140]: R:128 G:32 B:128
Paleta[141]: R:160 G:32 B:128
Paleta[142]: R:192 G:32 B:128
Paleta[143]: R:224 G:32 B:128
Paleta[144]: R:0 G:64 B:128
Paleta[145]: R:32 G:64 B:128
Paleta[146]: R:64 G:64 B:128
Paleta[147]: R:96 G:64 B:128
Paleta[148]: R:128 G:64 B:128
Paleta[149]: R:160 G:64 B:128
Paleta[150]: R:192 G:64 B:128
Paleta[151]: R:224 G:64 B:128
Paleta[152]: R:0 G:96 B:128
Paleta[153]: R:32 G:96 B:128
Paleta[154]: R:64 G:96 B:128
Paleta[155]: R:96 G:96 B:128
Paleta[156]: R:128 G:96 B:128
Paleta[157]: R:160 G:96 B:128
Paleta[158]: R:192 G:96 B:128
Paleta[159]: R:224 G:96 B:128
Paleta[160]: R:0 G:128 B:128
Paleta[161]: R:32 G:128 B:128
Paleta[162]: R:64 G:128 B:128
Paleta[163]: R:96 G:128 B:128
Paleta[164]: R:128 G:128 B:128
Paleta[165]: R:160 G:128 B:128
Paleta[166]: R:192 G:128 B:128
Paleta[167]: R:224 G:128 B:128
Paleta[168]: R:0 G:160 B:128
Paleta[169]: R:32 G:160 B:128
Paleta[170]: R:64 G:160 B:128
Paleta[171]: R:96 G:160 B:128
Paleta[172]: R:128 G:160 B:128
Paleta[173]: R:160 G:160 B:128
Paleta[174]: R:192 G:160 B:128
Paleta[175]: R:224 G:160 B:128
Paleta[176]: R:0 G:192 B:128
Paleta[177]: R:32 G:192 B:128
Paleta[178]: R:64 G:192 B:128
Paleta[179]: R:96 G:192 B:128
Paleta[180]: R:128 G:192 B:128
Paleta[181]: R:160 G:192 B:128
Paleta[182]: R:192 G:192 B:128
Paleta[183]: R:224 G:192 B:128
Paleta[184]: R:0 G:224 B:128
Paleta[185]: R:32 G:224 B:128
Paleta[186]: R:64 G:224 B:128
Paleta[187]: R:96 G:224 B:128
Paleta[188]: R:128 G:224 B:128
Paleta[189]: R:160 G:224 B:128
Paleta[190]: R:192 G:224 B:128
Paleta[191]: R:224 G:224 B:128
Paleta[192]: R:0 G:0 B:192
Paleta[193]: R:32 G:0 B:192
Paleta[194]: R:64 G:0 B:192
Paleta[195]: R:96 G:0 B:192
Paleta[196]: R:128 G:0 B:192
Paleta[197]: R:160 G:0 B:192
Paleta[198]: R:192 G:0 B:192
Paleta[199]: R:224 G:0 B:192
Paleta[200]: R:0 G:32 B:192
Paleta[201]: R:32 G:32 B:192
Paleta[202]: R:64 G:32 B:192
Paleta[203]: R:96 G:32 B:192
Paleta[204]: R:128 G:32 B:192
Paleta[205]: R:160 G:32 B:192
Paleta[206]: R:192 G:32 B:192
Paleta[207]: R:224 G:32 B:192
Paleta[208]: R:0 G:64 B:192
Paleta[209]: R:32 G:64 B:192
Paleta[210]: R:64 G:64 B:192
Paleta[211]: R:96 G:64 B:192
Paleta[212]: R:128 G:64 B:192
Paleta[213]: R:160 G:64 B:192
Paleta[214]: R:192 G:64 B:192
Paleta[215]: R:224 G:64 B:192
Paleta[216]: R:0 G:96 B:192
Paleta[217]: R:32 G:96 B:192
Paleta[218]: R:64 G:96 B:192
Paleta[219]: R:96 G:96 B:192
Paleta[220]: R:128 G:96 B:192
Paleta[221]: R:160 G:96 B:192
Paleta[222]: R:192 G:96 B:192
Paleta[223]: R:224 G:96 B:192
Paleta[224]: R:0 G:128 B:192
Paleta[225]: R:32 G:128 B:192
Paleta[226]: R:64 G:128 B:192
Paleta[227]: R:96 G:128 B:192
Paleta[228]: R:128 G:128 B:192
Paleta[229]: R:160 G:128 B:192
Paleta[230]: R:192 G:128 B:192
Paleta[231]: R:224 G:128 B:192
Paleta[232]: R:0 G:160 B:192
Paleta[233]: R:32 G:160 B:192
Paleta[234]: R:64 G:160 B:192
Paleta[235]: R:96 G:160 B:192
Paleta[236]: R:128 G:160 B:192
Paleta[237]: R:160 G:160 B:192
Paleta[238]: R:192 G:160 B:192
Paleta[239]: R:224 G:160 B:192
Paleta[240]: R:0 G:192 B:192
Paleta[241]: R:32 G:192 B:192
Paleta[242]: R:64 G:192 B:192
Paleta[243]: R:96 G:192 B:192
Paleta[244]: R:128 G:192 B:192
Paleta[245]: R:160 G:192 B:192
Paleta[246]: R:255 G:251 B:240
Paleta[247]: R:160 G:160 B:164
Paleta[248]: R:128 G:128 B:128
Paleta[249]: R:255 G:0 B:0
Paleta[250]: R:0 G:255 B:0
Paleta[251]: R:255 G:255 B:0
Paleta[252]: R:0 G:0 B:255
Paleta[253]: R:255 G:0 B:255
Paleta[254]: R:0 G:255 B:255
Paleta[255]: R:255 G:255 B:255
Soma linha 0: 811115
Soma linha 1: 812608
Soma linha 2: 814774
Soma linha 3: 805489
Soma linha 4: 779563
Soma linha 5: 759016
Soma linha 6: 760066
Soma linha 7: 762011
Soma linha 8: 753525
Soma linha 9: 749676
Soma linha 10: 736489
Soma linha 11: 729362
Soma linha 12: 713352
Soma linha 13: 707366
Soma linha 14: 704274
Soma linha 15: 702665
Soma linha 16: 709178
Soma linha 17: 707964
Soma linha 18: 702188
Soma linha 19: 704790
Soma linha 20: 699990
Soma linha 21: 698568
Soma linha 22: 689252
Soma linha 23: 687050
Soma linha 24: 672556
Soma linha 25: 672368
Soma linha 26: 666438
Soma linha 27: 671284
Soma linha 28: 663533
Soma linha 29: 660986
Soma linha 30: 658423
Soma linha 31: 657025
Soma linha 32: 661039
Soma linha 33: 658763
Soma linha 34: 650231
Soma linha 35: 647324
Soma linha 36: 631655
Soma linha 37: 627764
Soma linha 38: 621260
Soma linha 39: 620536
Soma linha 40: 625322
Soma linha 41: 624398
Soma linha 42: 623071
Soma linha 43: 620357
Soma linha 44: 617363
Soma linha 45: 618933
Soma linha 46: 620274
Soma linha 47: 620964
Soma linha 48: 635462
Soma linha 49: 631288
Soma linha 50: 634068
Soma linha 51: 634165
Soma linha 52: 641931
Soma linha 53: 639560
Soma linha 54: 635457
Soma linha 55: 636861
Soma linha 56: 622081
Soma linha 57: 627082
Soma linha 58: 631046
Soma linha 59: 639050
Soma linha 60: 625514
Soma linha 61: 622176
Soma linha 62: 618574
Soma linha 63: 612355
Soma linha 64: 596670
Soma linha 65: 596935
Soma linha 66: 601707
Soma linha 67: 613872
Soma linha 68: 621405
Soma linha 69: 620725
Soma linha 70: 621180
Soma linha 71: 612626
Soma linha 72: 604759
Soma linha 73: 604119
Soma linha 74: 598785
Soma linha 75: 603825
Soma linha 76: 609648
Soma linha 77: 609140
Soma linha 78: 603160
Soma linha 79: 596940
Soma linha 80: 572308
Soma linha 81: 570104
Soma linha 82: 566644
Soma linha 83: 567566
Soma linha 84: 565226
Soma linha 85: 561954
Soma linha 86: 556496
Soma linha 87: 556538
Soma linha 88: 549123
Soma linha 89: 545138
Soma linha 90: 530892
Soma linha 91: 526569
Soma linha 92: 504348
Soma linha 93: 504752
Soma linha 94: 491605
Soma linha 95: 484494
Soma linha 96: 484527
Soma linha 97: 482026
Soma linha 98: 476203
Soma linha 99: 466921
Soma linha 100: 451750
Soma linha 101: 452936
Soma linha 102: 455090
Soma linha 103: 454132
Soma linha 104: 455189
Soma linha 105: 455868
Soma linha 106: 453653
Soma linha 107: 453952
Soma linha 108: 456019
Soma linha 109: 461224
Soma linha 110: 460004
Soma linha 111: 459698
Soma linha 112: 464399
Soma linha 113: 466009
Soma linha 114: 466545
Soma linha 115: 471856
Soma linha 116: 475894
Soma linha 117: 479364
Soma linha 118: 482987
Soma linha 119: 482582
Soma linha 120: 489135
Soma linha 121: 488671
Soma linha 122: 484264
Soma linha 123: 489661
Soma linha 124: 488377
Soma linha 125: 484822
Soma linha 126: 482625
Soma linha 127: 480388
Soma linha 128: 487788
Soma linha 129: 488241
Soma linha 130: 493071
Soma linha 131: 493670
Soma linha 132: 490677
Soma linha 133: 486270
Soma linha 134: 491512
Soma linha 135: 492431
Soma linha 136: 487759
Soma linha 137: 488709
Soma linha 138: 485585
Soma linha 139: 485827
Soma linha 140: 480344
Soma linha 141: 478810
Soma linha 142: 480527
Soma linha 143: 479780
Soma linha 144: 484460
Soma linha 145: 484764
Soma linha 146: 484868
Soma linha 147: 484417
Soma linha 148: 480124
Soma linha 149: 480176
Soma linha 150: 483441
Soma linha 151: 482654
Soma linha 152: 477744
Soma linha 153: 477545
Soma linha 154: 474593
Soma linha 155: 475620
Soma linha 156: 479612
Soma linha 157: 476625
Soma linha 158: 470956
Soma linha 159: 468465
Soma linha 160: 466668
Soma linha 161: 469046
Soma linha 162: 466035
Soma linha 163: 466294
Soma linha 164: 464363
Soma linha 165: 461333
Soma linha 166: 458948
Soma linha 167: 458764
Soma linha 168: 460296
Soma linha 169: 450951
Soma linha 170: 447657
Soma linha 171: 446258
Soma linha 172: 442725
Soma linha 173: 439727
Soma linha 174: 434473
Soma linha 175: 424260
Soma linha 176: 418231
Soma linha 177: 424680
Soma linha 178: 418605
Soma linha 179: 409795
Soma linha 180: 407223
Soma linha 181: 399356
Soma linha 182: 391057
Soma linha 183: 390343
Soma linha 184: 369383
Soma linha 185: 368714
Soma linha 186: 367559
Soma linha 187: 366879
Soma linha 188: 359305
Soma linha 189: 355763
Soma linha 190: 355968
Soma linha 191: 356883
Soma linha 192: 350769
Soma linha 193: 346935
Soma linha 194: 341111
Soma linha 195: 340364
Soma linha 196: 339163
Soma linha 197: 338783
Soma linha 198: 332653
Soma linha 199: 334347
Soma linha 200: 340537
Soma linha 201: 339156
Soma linha 202: 344224
Soma linha 203: 349430
Soma linha 204: 345467
Soma linha 205: 349557
Soma linha 206: 357188
Soma linha 207: 364581
Soma linha 208: 363680
Soma linha 209: 360888
Soma linha 210: 377731
Soma linha 211: 385832
Soma linha 212: 388270
Soma linha 213: 390697
Soma linha 214: 395923
Soma linha 215: 398295
Soma linha 216: 411139
Soma linha 217: 413731
Soma linha 218: 421655
Soma linha 219: 425496
Soma linha 220: 432599
Soma linha 221: 433715
Soma linha 222: 438706
Soma linha 223: 439463
Soma linha 224: 443844
Soma linha 225: 452170
Soma linha 226: 452031
Soma linha 227: 454748
Soma linha 228: 453525
Soma linha 229: 459650
Soma linha 230: 466359
Soma linha 231: 467650
Soma linha 232: 464070
Soma linha 233: 464085
Soma linha 234: 472846
Soma linha 235: 482117
Soma linha 236: 489944
Soma linha 237: 495164
Soma linha 238: 496491
Soma linha 239: 497714
Soma linha 240: 501919
Soma linha 241: 506074
Soma linha 242: 507011
Soma linha 243: 509461
Soma linha 244: 511609
Soma linha 245: 518024
Soma linha 246: 520663
Soma linha 247: 519970
Soma linha 248: 517324
Soma linha 249: 517337
Soma linha 250: 515165
Soma linha 251: 514439
Soma linha 252: 514285
Soma linha 253: 515995
Soma linha 254: 516585
Soma linha 255: 517313
Soma linha 256: 518951
Soma linha 257: 517536
Soma linha 258: 518436
Soma linha 259: 516641
Soma linha 260: 515701
Soma linha 261: 513787
Soma linha 262: 514951
Soma linha 263: 513397
Soma linha 264: 507610
Soma linha 265: 508328
Soma linha 266: 509008
Soma linha 267: 510880
Soma linha 268: 514284
Soma linha 269: 511138
Soma linha 270: 514433
Soma linha 271: 514411
Soma linha 272: 517630
Soma linha 273: 517284
Soma linha 274: 515351
Soma linha 275: 521369
Soma linha 276: 523471
Soma linha 277: 530432
Soma linha 278: 528845
Soma linha 279: 533582
Soma linha 280: 531042
Soma linha 281: 531970
Soma linha 282: 537915
Soma linha 283: 541651
Soma linha 284: 545168
Soma linha 285: 549701
Soma linha 286: 555605
Soma linha 287: 556018
Soma linha 288: 561489
Soma linha 289: 561410
Soma linha 290: 566509
Soma linha 291: 569151
Soma linha 292: 570787
Soma linha 293: 568672
Soma linha 294: 572632
Soma linha 295: 573268
Soma linha 296: 573050
Soma linha 297: 573552
Soma linha 298: 576446
Soma linha 299: 577401
Soma linha 300: 583072
Soma linha 301: 591001
Soma linha 302: 598761
Soma linha 303: 602758
Soma linha 304: 605615
Soma linha 305: 605820
Soma linha 306: 608068
Soma linha 307: 609304
Soma linha 308: 609881
Soma linha 309: 611718
Soma linha 310: 616888
Soma linha 311: 617598
Soma linha 312: 636993
Soma linha 313: 637447
Soma linha 314: 636519
Soma linha 315: 636288
Soma linha 316: 643825
Soma linha 317: 647016
Soma linha 318: 649072
Soma linha 319: 650460
Soma linha 320: 652831
Soma linha 321: 655147
Soma linha 322: 656028
Soma linha 323: 654649
Soma linha 324: 648246
Soma linha 325: 650034
Soma linha 326: 654147
Soma linha 327: 654608
Soma linha 328: 658747
Soma linha 329: 659440
Soma linha 330: 659671
Soma linha 331: 659234
Soma linha 332: 660053
Soma linha 333: 661230
Soma linha 334: 660870
Soma linha 335: 662205
Soma linha 336: 665677
Soma linha 337: 667733
Soma linha 338: 670851
Soma linha 339: 671533
Soma linha 340: 671654
Soma linha 341: 670308
Soma linha 342: 670132
Soma linha 343: 669046
Soma linha 344: 657756
Soma linha 345: 656258
Soma linha 346: 641774
Soma linha 347: 636888
Soma linha 348: 632482
Soma linha 349: 631460
Soma linha 350: 629609
Soma linha 351: 625341
Soma linha 352: 621319
Soma linha 353: 619918
Soma linha 354: 619896
Soma linha 355: 615713
Soma linha 356: 613820
Soma linha 357: 610930
Soma linha 358: 608286
Soma linha 359: 602525
Soma linha 360: 601374
Soma linha 361: 593720
Soma linha 362: 585038
Soma linha 363: 578590
Soma linha 364: 576011
Soma linha 365: 576238
Soma linha 366: 574958
Soma linha 367: 579169
Soma linha 368: 589012
Soma linha 369: 589731
Soma linha 370: 589235
Soma linha 371: 585893
Soma linha 372: 584613
Soma linha 373: 587450
Soma linha 374: 590707
Soma linha 375: 592727
Soma linha 376: 596728
Soma linha 377: 599052
Soma linha 378: 600262
Soma linha 379: 600392
Soma linha 380: 595437
Soma linha 381: 598774
Soma linha 382: 597615
Soma linha 383: 597972
Soma linha 384: 588595
Soma linha 385: 590134
Soma linha 386: 596823
Soma linha 387: 617684
Soma linha 388: 624153
Soma linha 389: 632164
Soma linha 390: 635923
Soma linha 391: 637288
Soma linha 392: 642106
Soma linha 393: 645134
Soma linha 394: 640881
Soma linha 395: 636977
Soma linha 396: 630241
Soma linha 397: 634958
Soma linha 398: 643253
Soma linha 399: 643582
Soma linha 400: 636067
Soma linha 401: 634942
Soma linha 402: 632800
Soma linha 403: 633414
Soma linha 404: 637223
Soma linha 405: 632751
Soma linha 406: 641684
Soma linha 407: 644051
Soma linha 408: 640958
Soma linha 409: 640449
Soma linha 410: 638518
Soma linha 411: 632081
Soma linha 412: 628055
Soma linha 413: 628793
Soma linha 414: 621541
Soma linha 415: 623450
Soma linha 416: 621441
Soma linha 417: 618192
Soma linha 418: 620056
Soma linha 419: 614538
Soma linha 420: 619068
Soma linha 421: 615375
Soma linha 422: 612219
Soma linha 423: 607669
Soma linha 424: 599715
Soma linha 425: 599331
Soma linha 426: 598572
Soma linha 427: 594227
Soma linha 428: 600885
Soma linha 429: 596664
Soma linha 430: 592437
Soma linha 431: 591207
Soma linha 432: 585922
Soma linha 433: 583321
Soma linha 434: 580255
Soma linha 435: 576905
Soma linha 436: 573070
Soma linha 437: 572808
Soma linha 438: 569206
Soma linha 439: 570673
Soma linha 440: 571427
Soma linha 441: 570450
Soma linha 442: 568870
Soma linha 443: 566233
Soma linha 444: 567337
Soma linha 445: 565505
Soma linha 446: 565999
Soma linha 447: 564844
Soma linha 448: 563731
Soma linha 449: 562549
Soma linha 450: 559314
Soma linha 451: 561306
Soma linha 452: 562037
Soma linha 453: 560628
Soma linha 454: 556261
Soma linha 455: 562577
Soma linha 456: 556276
Soma linha 457: 556060
Soma linha 458: 556386
Soma linha 459: 556537
Soma linha 460: 554408
Soma linha 461: 555338
Soma linha 462: 562061
Soma linha 463: 563019
Soma linha 464: 557261
Soma linha 465: 555590
Soma linha 466: 549822
Soma linha 467: 549349
Soma linha 468: 549637
Soma linha 469: 551571
Soma linha 470: 550537
Soma linha 471: 550110
Soma linha 472: 543832
Soma linha 473: 546599
Soma linha 474: 550189
Soma linha 475: 552550
Soma linha 476: 555837
Soma linha 477: 556737
Soma linha 478: 555896
Soma linha 479: 557350
Soma linha 480: 559376
Soma linha 481: 562413
Soma linha 482: 559603
Soma linha 483: 547107
Soma linha 484: 537121
Soma linha 485: 533678
Soma linha 486: 539642
Soma linha 487: 543366
Soma linha 488: 540414
Soma linha 489: 541801
Soma linha 490: 543865
Soma linha 491: 544717
Soma linha 492: 539193
Soma linha 493: 532551
Soma linha 494: 525784
Soma linha 495: 527192
Soma linha 496: 537827
Soma linha 497: 536589
Soma linha 498: 541655
Soma linha 499: 540634
Soma linha 500: 541916
Soma linha 501: 543985
Soma linha 502: 538633
Soma linha 503: 534965
Soma linha 504: 535549
Soma linha 505: 531971
Soma linha 506: 527039
Soma linha 507: 529561
Soma linha 508: 531941
Soma linha 509: 534058
Soma linha 510: 532914
Soma linha 511: 532248
Soma linha 512: 522100
Soma linha 513: 519549
Soma linha 514: 517307
Soma linha 515: 524852
Soma linha 516: 521831
Soma linha 517: 526967
Soma linha 518: 523542
Soma linha 519: 525468
Soma linha 520: 532968
Soma linha 521: 536285
Soma linha 522: 534585
Soma linha 523: 530436
Soma linha 524: 517353
Soma linha 525: 517273
Soma linha 526: 516627
Soma linha 527: 512991
Soma linha 528: 520610
Soma linha 529: 522092
Soma linha 530: 525703
Soma linha 531: 526584
Soma linha 532: 527402
Soma linha 533: 520466
Soma linha 534: 510892
Soma linha 535: 513934
Soma linha 536: 515409
Soma linha 537: 516307
Soma linha 538: 511472
Soma linha 539: 513081
Soma linha 540: 515484
Soma linha 541: 518554
Soma linha 542: 518989
Soma linha 543: 517926
Soma linha 544: 516983
Soma linha 545: 523168
Soma linha 546: 525270
Soma linha 547: 520341
Soma linha 548: 521820
Soma linha 549: 522789
Soma linha 550: 525179
Soma linha 551: 528174
Soma linha 552: 529107
Soma linha 553: 522256
Soma linha 554: 517809
Soma linha 555: 516521
Soma linha 556: 516545
Soma linha 557: 515988
Soma linha 558: 516573
Soma linha 559: 515557
Soma linha 560: 510818
Soma linha 561: 510981
Soma linha 562: 510574
Soma linha 563: 507611
Soma linha 564: 505614
Soma linha 565: 508447
Soma linha 566: 507920
Soma linha 567: 507445
Soma linha 568: 483910
Soma linha 569: 482117
Soma linha 570: 474701
Soma linha 571: 471859
Soma linha 572: 466577
Soma linha 573: 464937
Soma linha 574: 463337
Soma linha 575: 464752
Soma linha 576: 464412
Soma linha 577: 469317
Soma linha 578: 475816
Soma linha 579: 478708
Soma linha 580: 483837
Soma linha 581: 488080
Soma linha 582: 492629
Soma linha 583: 492344
Soma linha 584: 487015
Soma linha 585: 486979
Soma linha 586: 476152
Soma linha 587: 476054
Soma linha 588: 467128
Soma linha 589: 465191
Soma linha 590: 463584
Soma linha 591: 465382
Soma linha 592: 456389
Soma linha 593: 455677
Soma linha 594: 449434
Soma linha 595: 444422
Soma linha 596: 433002
Soma linha 597: 429440
Soma linha 598: 425678
Soma linha 599: 422313
Soma linha 600: 417892
Soma linha 601: 411415
Soma linha 602: 401938
Soma linha 603: 398167
Soma linha 604: 399403
Soma linha 605: 398238
Soma linha 606: 398643
Soma linha 607: 399855
Soma linha 608: 390602
Soma linha 609: 390062
Soma linha 610: 386318
Soma linha 611: 384029
Soma linha 612: 384747
Soma linha 613: 390315
Soma linha 614: 393815
Soma linha 615: 400182
Soma linha 616: 400703
Soma linha 617: 397991
Soma linha 618: 398439
Soma linha 619: 403101
Soma linha 620: 409693
Soma linha 621: 412291
Soma linha 622: 421378
Soma linha 623: 426345
Soma linha 624: 438170
Soma linha 625: 442662
Soma linha 626: 443951
Soma linha 627: 447113
Soma linha 628: 448940
Soma linha 629: 449485
Soma linha 630: 451678
Soma linha 631: 452370
Soma linha 632: 461497
Soma linha 633: 460199
Soma linha 634: 461599
Soma linha 635: 465548
Soma linha 636: 465506
Soma linha 637: 464242
Soma linha 638: 466922
Soma linha 639: 467623
Soma linha 640: 467257
Soma linha 641: 468553
Soma linha 642: 473387
Soma linha 643: 476260
Soma linha 644: 472833
Soma linha 645: 477549
Soma linha 646: 480658
Soma linha 647: 484686
Soma linha 648: 483105
Soma linha 649: 486265
Soma linha 650: 488431
Soma linha 651: 490373
Soma linha 652: 486812
Soma linha 653: 485046
Soma linha 654: 480960
Soma linha 655: 482585
Soma linha 656: 481205
Soma linha 657: 484532
Soma linha 658: 486160
Soma linha 659: 489723
Soma linha 660: 487861
Soma linha 661: 488820
Soma linha 662: 495282
Soma linha 663: 495495
Soma linha 664: 501894
Soma linha 665: 502815
Soma linha 666: 502484
Soma linha 667: 501629
Soma linha 668: 506034
Soma linha 669: 508931
Soma linha 670: 512558
Soma linha 671: 510834
Soma linha 672: 519119
Soma linha 673: 518498
Soma linha 674: 521019
Soma linha 675: 527725
Soma linha 676: 531602
Soma linha 677: 540123
Soma linha 678: 547916
Soma linha 679: 551742
Soma linha 680: 543083
Soma linha 681: 551320
Soma linha 682: 560257
Soma linha 683: 567362
Soma linha 684: 574229
Soma linha 685: 579788
Soma linha 686: 581513
Soma linha 687: 584097
Soma linha 688: 594730
Soma linha 689: 597515
Soma linha 690: 598830
Soma linha 691: 600960
Soma linha 692: 606631
Soma linha 693: 611192
Soma linha 694: 613404
Soma linha 695: 622420
Soma linha 696: 644665
Soma linha 697: 652336
Soma linha 698: 660741
Soma linha 699: 677794
Soma linha 700: 683582
Soma linha 701: 689423
Soma linha 702: 694273
Soma linha 703: 694961
Soma linha 704: 689228
Soma linha 705: 682190
Soma linha 706: 681254
Soma linha 707: 694034
Soma linha 708: 692518
Soma linha 709: 697043
Soma linha 710: 694081
Soma linha 711: 694815
Soma linha 712: 687430
Soma linha 713: 688706
Soma linha 714: 687683
Soma linha 715: 686340
Soma linha 716: 681643
Soma linha 717: 683811
Soma linha 718: 685048
Soma linha 719: 681716
Soma linha 720: 661702
Soma linha 721: 655357
Soma linha 722: 640865
Soma linha 723: 636871
Soma linha 724: 626832
Soma linha 725: 625983
Soma linha 726: 621451
Soma linha 727: 618463
Soma linha 728: 620071
Soma linha 729: 619650
Soma linha 730: 602776
Soma linha 731: 602523
Soma linha 732: 605396
Soma linha 733: 595896
Soma linha 734: 590221
Soma linha 735: 590271
Soma linha 736: 606757
Soma linha 737: 590190
Soma linha 738: 586063
Soma linha 739: 573742
Soma linha 740: 558252
Soma linha 741: 550445
Soma linha 742: 543136
Soma linha 743: 543198
Soma linha 744: 539940
Soma linha 745: 537594
Soma linha 746: 531868
Soma linha 747: 528287
Soma linha 748: 522075
Soma linha 749: 516593
Soma linha 750: 502309
Soma linha 751: 498264
Soma linha 752: 488521
Soma linha 753: 491145
Soma linha 754: 480201
Soma linha 755: 472108
Soma linha 756: 464723
Soma linha 757: 459236
Soma linha 758: 448048
Soma linha 759: 444485
Soma linha 760: 442813
Soma linha 761: 443529
Soma linha 762: 437810
Soma linha 763: 436155
Soma linha 764: 425456
Soma linha 765: 425217
Soma linha 766: 424938
Soma linha 767: 425171
Soma linha 768: 421631
Soma linha 769: 422340
Soma linha 770: 420677
Soma linha 771: 417050
Soma linha 772: 413243
Soma linha 773: 411789
Soma linha 774: 399926
Soma linha 775: 390909
Soma linha 776: 393811
Soma linha 777: 379269
Soma linha 778: 368063
Soma linha 779: 343696
Soma linha 780: 336770
Soma linha 781: 315503
Soma linha 782: 306205
Soma linha 783: 297092
Soma linha 784: 294423
Soma linha 785: 280380
Soma linha 786: 266560
Soma linha 787: 260928
Soma linha 788: 256147
Soma linha 789: 243393
Soma linha 790: 216837
Soma linha 791: 209243
Soma linha 792: 212633
Soma linha 793: 210272
Soma linha 794: 203109
Soma linha 795: 197889
Soma linha 796: 183618
Soma linha 797: 181950
Soma linha 798: 182912
Soma linha 799: 184542
Soma linha 800: 182078
Soma linha 801: 177973
Soma linha 802: 178876
Soma linha 803: 178874
Soma linha 804: 173807
Soma linha 805: 184770
Soma linha 806: 179346
Soma linha 807: 172047
Soma linha 808: 170865
Soma linha 809: 168244
Soma linha 810: 166343
Soma linha 811: 164135
Soma linha 812: 164130
Soma linha 813: 161493
Soma linha 814: 159343
Soma linha 815: 156241
Soma linha 816: 150041
Soma linha 817: 146709
Soma linha 818: 144014
Soma linha 819: 140666
Soma linha 820: 141391
Soma linha 821: 134709
Soma linha 822: 131133
Soma linha 823: 130583
Soma linha 824: 122222
Soma linha 825: 121772
Soma linha 826: 120034
Soma linha 827: 118780
Soma linha 828: 124235
Soma linha 829: 118910
Soma linha 830: 118118
Soma linha 831: 120778
Soma linha 832: 139671
Soma linha 833: 141563
Soma linha 834: 147180
Soma linha 835: 155198
Soma linha 836: 161576
Soma linha 837: 166112
Soma linha 838: 167492
Soma linha 839: 168765
Soma linha 840: 170553
Soma linha 841: 170868
Soma linha 842: 174909
Soma linha 843: 179347
Soma linha 844: 183632
Soma linha 845: 183896
Soma linha 846: 191019
Soma linha 847: 195748
Soma linha 848: 196046
Soma linha 849: 196037
Soma linha 850: 200908
Soma linha 851: 202898
Soma linha 852: 212468
Soma linha 853: 225002
Soma linha 854: 227099
Soma linha 855: 232264
Soma linha 856: 240065
Soma linha 857: 239740
Soma linha 858: 260307
Soma linha 859: 280220
Soma linha 860: 302254
Soma linha 861: 314690
Soma linha 862: 331197
Soma linha 863: 335818
Soma linha 864: 361101
Soma linha 865: 370314
Soma linha 866: 372838
Soma linha 867: 380569
Soma linha 868: 382144
Soma linha 869: 386580
Soma linha 870: 398525
Soma linha 871: 400127
Soma linha 872: 417524
Soma linha 873: 418106
Soma linha 874: 423936
Soma linha 875: 430988
Soma linha 876: 440205
Soma linha 877: 439227
Soma linha 878: 449702
Soma linha 879: 457490
Soma linha 880: 465447
Soma linha 881: 469768
Soma linha 882: 479376
Soma linha 883: 483787
Soma linha 884: 491817
Soma linha 885: 493631
Soma linha 886: 506724
Soma linha 887: 511692
Soma linha 888: 523096
Soma linha 889: 522626
Soma linha 890: 531790
Soma linha 891: 538998
Soma linha 892: 556533
Soma linha 893: 579822
Soma linha 894: 577700
Soma linha 895: 576599
Soma linha 896: 606624
Soma linha 897: 620578
Soma linha 898: 627818
Soma linha 899: 633715
Soma linha 900: 619041
Soma linha 901: 613512
Soma linha 902: 605043
Soma linha 903: 605786
Soma linha 904: 606992
Soma linha 905: 610671
Soma linha 906: 612524
Soma linha 907: 618968
Soma linha 908: 621695
Soma linha 909: 625009
Soma linha 910: 638235
Soma linha 911: 640266
Soma linha 912: 645327
Soma linha 913: 651325
Soma linha 914: 656522
Soma linha 915: 660394
Soma linha 916: 665811
Soma linha 917: 674544
Soma linha 918: 679372
Soma linha 919: 682788
Soma linha 920: 693957
Soma linha 921: 696943
Soma linha 922: 698114
Soma linha 923: 698194
Soma linha 924: 689931
Soma linha 925: 688541
Soma linha 926: 692573
Soma linha 927: 694626
Soma linha 928: 693448
Soma linha 929: 693522
Soma linha 930: 691982
Soma linha 931: 689787
Soma linha 932: 678629
Soma linha 933: 680446
Soma linha 934: 666396
Soma linha 935: 669401
Soma linha 936: 666508
Soma linha 937: 673465
Soma linha 938: 675146
Soma linha 939: 679708
Soma linha 940: 687794
Soma linha 941: 686747
Soma linha 942: 684684
Soma linha 943: 678770
Soma linha 944: 672652
Soma linha 945: 664651
Soma linha 946: 669489
Soma linha 947: 668962
Soma linha 948: 663090
Soma linha 949: 667565
Soma linha 950: 666545
Soma linha 951: 667215
Soma linha 952: 669173
Soma linha 953: 675488
Soma linha 954: 691998
Soma linha 955: 700002
Soma linha 956: 700047
Soma linha 957: 706162
Soma linha 958: 714296
Soma linha 959: 717715
Soma linha 960: 720727
Soma linha 961: 724274
Soma linha 962: 723109
Soma linha 963: 728237
Soma linha 964: 731459
Soma linha 965: 741673
Soma linha 966: 739300
Soma linha 967: 741999
Soma linha 968: 739584
Soma linha 969: 743203
Soma linha 970: 744649
Soma linha 971: 741553
Soma linha 972: 733851
Soma linha 973: 726970
Soma linha 974: 721863
Soma linha 975: 720798
Soma linha 976: 716311
Soma linha 977: 715971
Soma linha 978: 701889
Soma linha 979: 702766
Soma linha 980: 701263
Soma linha 981: 696659
Soma linha 982: 686312
Soma linha 983: 676773
Soma linha 984: 661312
Soma linha 985: 659573
Soma linha 986: 655748
Soma linha 987: 652822
Soma linha 988: 665782
Soma linha 989: 662675
Soma linha 990: 665840
Soma linha 991: 662202
Soma linha 992: 653247
Soma linha 993: 642701
Soma linha 994: 643143
Soma linha 995: 647377
Soma linha 996: 648242
Soma linha 997: 645520
Soma linha 998: 650660
Soma linha 999: 663456
Soma linha 1000: 667022
Soma linha 1001: 691188
Soma linha 1002: 702170
Soma linha 1003: 716566
Soma linha 1004: 735380
Soma linha 1005: 742547
Soma linha 1006: 752453
Soma linha 1007: 760322
Soma linha 1008: 776533
Soma linha 1009: 779390
Soma linha 1010: 784874
Soma linha 1011: 786286
Soma linha 1012: 785279
Soma linha 1013: 786658
Soma linha 1014: 797851
Soma linha 1015: 800469
Soma linha 1016: 819981
Soma linha 1017: 822815
Soma linha 1018: 827302
Soma linha 1019: 831414
Soma linha 1020: 827752
Soma linha 1021: 827890
Soma linha 1022: 823890
Soma linha 1023: 821988
Soma linha 1024: 815835
Soma linha 1025: 809540
Soma linha 1026: 807068
Soma linha 1027: 804570
Soma linha 1028: 803870
Soma linha 1029: 806844
Soma linha 1030: 799624
Soma linha 1031: 803470
Soma linha 1032: 800291
Soma linha 1033: 798125
Soma linha 1034: 794010
Soma linha 1035: 784807
Soma linha 1036: 780776
Soma linha 1037: 773882
Soma linha 1038: 745405
Soma linha 1039: 722970
Soma linha 1040: 701935
Soma linha 1041: 693102
Soma linha 1042: 692662
Soma linha 1043: 689508
Soma linha 1044: 696934
Soma linha 1045: 694082
Soma linha 1046: 693424
Soma linha 1047: 694035
Soma linha 1048: 691148
Soma linha 1049: 685851
Soma linha 1050: 676430
Soma linha 1051: 674600
Soma linha 1052: 671187
Soma linha 1053: 669237
Soma linha 1054: 670578
Soma linha 1055: 668606
Soma linha 1056: 668757
Soma linha 1057: 666057
Soma linha 1058: 665539
Soma linha 1059: 664065
Soma linha 1060: 661262
Soma linha 1061: 658734
Soma linha 1062: 657192
Soma linha 1063: 655552
Soma linha 1064: 655793
Soma linha 1065: 654830
Soma linha 1066: 655956
Soma linha 1067: 655058
Soma linha 1068: 644208
Soma linha 1069: 641432
Soma linha 1070: 637576
Soma linha 1071: 635819
Soma linha 1072: 631039
Soma linha 1073: 627897
Soma linha 1074: 625690
Soma linha 1075: 624269
Soma linha 1076: 619144
Soma linha 1077: 607082
Soma linha 1078: 609014
Soma linha 1079: 617752
Soma linha 1080: 602560
Soma linha 1081: 604057
Soma linha 1082: 602169
Soma linha 1083: 596789
Soma linha 1084: 590775
Soma linha 1085: 584160
Soma linha 1086: 571421
Soma linha 1087: 565180
Soma linha 1088: 558716
Soma linha 1089: 547621
Soma linha 1090: 534798
Soma linha 1091: 522167
Soma linha 1092: 505224
Soma linha 1093: 477659
Soma linha 1094: 444135
Soma linha 1095: 444665
Soma linha 1096: 448023
Soma linha 1097: 432090
Soma linha 1098: 428313
Soma linha 1099: 415708
Soma linha 1100: 424057
Soma linha 1101: 412669
Soma linha 1102: 422734
Soma linha 1103: 423261
Soma linha 1104: 410604
Soma linha 1105: 406681
Soma linha 1106: 415651
Soma linha 1107: 413156
Soma linha 1108: 414406
Soma linha 1109: 410498
Soma linha 1110: 400526
Soma linha 1111: 392667
Soma linha 1112: 375559
Soma linha 1113: 369428
Soma linha 1114: 356977
Soma linha 1115: 349676
Soma linha 1116: 339076
Soma linha 1117: 330395
Soma linha 1118: 314502
Soma linha 1119: 303721
Soma linha 1120: 292238
Soma linha 1121: 282603
Soma linha 1122: 267760
Soma linha 1123: 261650
Soma linha 1124: 239010
Soma linha 1125: 236606
Soma linha 1126: 229959
Soma linha 1127: 219565
Soma linha 1128: 211997
Soma linha 1129: 205470
Soma linha 1130: 200287
Soma linha 1131: 194481
Soma linha 1132: 191030
Soma linha 1133: 188806
Soma linha 1134: 187459
Soma linha 1135: 185758
Soma linha 1136: 199137
Soma linha 1137: 197121
Soma linha 1138: 195363
Soma linha 1139: 191022
Soma linha 1140: 187722
Soma linha 1141: 186110
Soma linha 1142: 184490
Soma linha 1143: 185448
Soma linha 1144: 177364
Soma linha 1145: 174487
Soma linha 1146: 167925
Soma linha 1147: 166622
Soma linha 1148: 159759
Soma linha 1149: 158100
Soma linha 1150: 154829
Soma linha 1151: 156011
Soma linha 1152: 155239
Soma linha 1153: 156228
Soma linha 1154: 153249
Soma linha 1155: 156218
Soma linha 1156: 154483
Soma linha 1157: 159353
Soma linha 1158: 157805
Soma linha 1159: 162346
Soma linha 1160: 162666
Soma linha 1161: 166683
Soma linha 1162: 168885
Soma linha 1163: 176660
Soma linha 1164: 183046
Soma linha 1165: 186721
Soma linha 1166: 194752
Soma linha 1167: 180113
Soma linha 1168: 190426
Soma linha 1169: 182429
Soma linha 1170: 185729
Soma linha 1171: 184042
Soma linha 1172: 189629
Soma linha 1173: 192411
Soma linha 1174: 197808
Soma linha 1175: 204200
Soma linha 1176: 207580
Soma linha 1177: 204319
Soma linha 1178: 208903
Soma linha 1179: 213154
Soma linha 1180: 219574
Soma linha 1181: 223819
Soma linha 1182: 220523
Soma linha 1183: 230546
Soma linha 1184: 227522
Soma linha 1185: 229700
Soma linha 1186: 242323
Soma linha 1187: 257448
Soma linha 1188: 269440
Soma linha 1189: 274435
Soma linha 1190: 280437
Soma linha 1191: 287557
Soma linha 1192: 287643
Soma linha 1193: 287861
Soma linha 1194: 287847
Soma linha 1195: 288653
Soma linha 1196: 294237
Soma linha 1197: 287954
Soma linha 1198: 285204
Soma linha 1199: 284236
Soma linha 1200: 276403
Soma linha 1201: 270903
Soma linha 1202: 272956
Soma linha 1203: 270266
Soma linha 1204: 270495
Soma linha 1205: 273002
Soma linha 1206: 276933
Soma linha 1207: 280804
Soma linha 1208: 282830
Soma linha 1209: 287475
Soma linha 1210: 288181
Soma linha 1211: 297609
Soma linha 1212: 292989
Soma linha 1213: 295895
Soma linha 1214: 298129
Soma linha 1215: 308156
Soma linha 1216: 321623
Soma linha 1217: 333222
Soma linha 1218: 328773
Soma linha 1219: 337781
Soma linha 1220: 344696
Soma linha 1221: 358072
Soma linha 1222: 370112
Soma linha 1223: 378956
Soma linha 1224: 378882
Soma linha 1225: 371319
Soma linha 1226: 375715
Soma linha 1227: 372391
Soma linha 1228: 371856
Soma linha 1229: 369347
Soma linha 1230: 385774
Soma linha 1231: 377176
Soma linha 1232: 381374
Soma linha 1233: 376458
Soma linha 1234: 374252
Soma linha 1235: 359728
Soma linha 1236: 353231
Soma linha 1237: 334032
Soma linha 1238: 325668
Soma linha 1239: 323537
Soma linha 1240: 316835
Soma linha 1241: 313315
Soma linha 1242: 327084
Soma linha 1243: 332064
Soma linha 1244: 331057
Soma linha 1245: 339313
Soma linha 1246: 333142
Soma linha 1247: 347543
Soma linha 1248: 346102
Soma linha 1249: 353488
Soma linha 1250: 357844
Soma linha 1251: 382252
Soma linha 1252: 388277
Soma linha 1253: 390877
Soma linha 1254: 390332
Soma linha 1255: 410590
Soma linha 1256: 420840
Soma linha 1257: 411956
Soma linha 1258: 407956
Soma linha 1259: 398690
Soma linha 1260: 395003
Soma linha 1261: 395272
Soma linha 1262: 379669
Soma linha 1263: 366124
Soma linha 1264: 354393
Soma linha 1265: 346784
Soma linha 1266: 351647
Soma linha 1267: 344428
Soma linha 1268: 341450
Soma linha 1269: 331641
Soma linha 1270: 328814
Soma linha 1271: 324589
Soma linha 1272: 323859
Soma linha 1273: 322350
Soma linha 1274: 320714
Soma linha 1275: 318913
Soma linha 1276: 318709
Soma linha 1277: 322656
Soma linha 1278: 306886
Soma linha 1279: 314438
Soma linha 1280: 308521
Soma linha 1281: 312219
Soma linha 1282: 312480
Soma linha 1283: 322057
Soma linha 1284: 316991
Soma linha 1285: 325365
Soma linha 1286: 326287
Soma linha 1287: 323876
Soma linha 1288: 319230
Soma linha 1289: 321422
Soma linha 1290: 325447
Soma linha 1291: 322631
Soma linha 1292: 329216
Soma linha 1293: 322390
Soma linha 1294: 333720
Soma linha 1295: 323881
Soma linha 1296: 327910
Soma linha 1297: 323863
Soma linha 1298: 321609
Soma linha 1299: 316566
Soma linha 1300: 319933
Soma linha 1301: 314412
Soma linha 1302: 306157
Soma linha 1303: 306356
Soma linha 1304: 297637
Soma linha 1305: 293796
Soma linha 1306: 305601
Soma linha 1307: 305149
Soma linha 1308: 287040
Soma linha 1309: 292321
Soma linha 1310: 298742
Soma linha 1311: 310622
Soma linha 1312: 319135
Soma linha 1313: 333029
Soma linha 1314: 336500
Soma linha 1315: 335579
Soma linha 1316: 334392
Soma linha 1317: 343526
Soma linha 1318: 348047
Soma linha 1319: 352303
Soma linha 1320: 350786
Soma linha 1321: 370199
Soma linha 1322: 373166
Soma linha 1323: 375939
Soma linha 1324: 379223
Soma linha 1325: 366912
Soma linha 1326: 357449
Soma linha 1327: 364414
Soma linha 1328: 361622
Soma linha 1329: 370948
Soma linha 1330: 370776
Soma linha 1331: 387058
Soma linha 1332: 390758
Soma linha 1333: 400087
Soma linha 1334: 399129
Soma linha 1335: 401577
Soma linha 1336: 417831
Soma linha 1337: 420081
Soma linha 1338: 411355
Soma linha 1339: 409179
Soma linha 1340: 391185
Soma linha 1341: 381538
Soma linha 1342: 388811
Soma linha 1343: 385108
Soma linha 1344: 391385
Soma linha 1345: 392958
Soma linha 1346: 407597
Soma linha 1347: 409579
Soma linha 1348: 418795
Soma linha 1349: 428076
Soma linha 1350: 427583
Soma linha 1351: 402896
Soma linha 1352: 405962
Soma linha 1353: 391858
Soma linha 1354: 390420
Soma linha 1355: 382369
Soma linha 1356: 384281
Soma linha 1357: 385773
Soma linha 1358: 387279
Soma linha 1359: 381658
Soma linha 1360: 376720
Soma linha 1361: 380271
Soma linha 1362: 381026
Soma linha 1363: 373921
Soma linha 1364: 366613
Soma linha 1365: 358529
Soma linha 1366: 358812
Soma linha 1367: 358299
Soma linha 1368: 352036
Soma linha 1369: 348796
Soma linha 1370: 334438
Soma linha 1371: 329986
Soma linha 1372: 314171
Soma linha 1373: 311579
Soma linha 1374: 315946
Soma linha 1375: 306914
Soma linha 1376: 316070
Soma linha 1377: 294456
Soma linha 1378: 306741
Soma linha 1379: 302922
Soma linha 1380: 307604
Soma linha 1381: 302859
Soma linha 1382: 306592
Soma linha 1383: 309631
Soma linha 1384: 308288
Soma linha 1385: 305957
Soma linha 1386: 306787
Soma linha 1387: 306082
Soma linha 1388: 309437
Soma linha 1389: 303027
Soma linha 1390: 299768
Soma linha 1391: 299875
Soma linha 1392: 307013
Soma linha 1393: 307984
Soma linha 1394: 321009
Soma linha 1395: 313004
Soma linha 1396: 305520
Soma linha 1397: 304751
Soma linha 1398: 303506
Soma linha 1399: 316694
Soma linha 1400: 320318
Soma linha 1401: 320016
Soma linha 1402: 317357
Soma linha 1403: 317989
Soma linha 1404: 333003
Soma linha 1405: 325285
Soma linha 1406: 334207
Soma linha 1407: 322558
Soma linha 1408: 337891
Soma linha 1409: 334656
Soma linha 1410: 337436
Soma linha 1411: 341261
Soma linha 1412: 340548
Soma linha 1413: 318915
Soma linha 1414: 321547
Soma linha 1415: 321726
Soma linha 1416: 322485
Soma linha 1417: 326886
Soma linha 1418: 323086
Soma linha 1419: 330973
Soma linha 1420: 329300
Soma linha 1421: 331794
Soma linha 1422: 334543
Soma linha 1423: 332242
Soma linha 1424: 333152
Soma linha 1425: 329914
Soma linha 1426: 317489
Soma linha 1427: 315199
Soma linha 1428: 312380
Soma linha 1429: 304008
Soma linha 1430: 304859
Soma linha 1431: 308875
Soma linha 1432: 308718
Soma linha 1433: 311976
Soma linha 1434: 312418
Soma linha 1435: 313071
Soma linha 1436: 304185
Soma linha 1437: 297596
Soma linha 1438: 298665
Soma linha 1439: 293204
Soma linha 1440: 284675
Soma linha 1441: 274095
Soma linha 1442: 265231
Soma linha 1443: 257665
Soma linha 1444: 256639
Soma linha 1445: 265489
Soma linha 1446: 267233
Soma linha 1447: 280748
Soma linha 1448: 282052
Soma linha 1449: 263849
Soma linha 1450: 274565
Soma linha 1451: 273648
Soma linha 1452: 289512
Soma linha 1453: 301102
Soma linha 1454: 303836
Soma linha 1455: 302359
Soma linha 1456: 311629
Soma linha 1457: 314261
Soma linha 1458: 323355
Soma linha 1459: 323948
Soma linha 1460: 336444
Soma linha 1461: 335521
Soma linha 1462: 330419
Soma linha 1463: 334988
Soma linha 1464: 345695
Soma linha 1465: 347426
Soma linha 1466: 345828
Soma linha 1467: 350545
Soma linha 1468: 344415
Soma linha 1469: 344556
Soma linha 1470: 344453
Soma linha 1471: 346835
Soma linha 1472: 344475
Soma linha 1473: 337800
Soma linha 1474: 339414
Soma linha 1475: 331021
Soma linha 1476: 334511
Soma linha 1477: 323388
Soma linha 1478: 318655
Soma linha 1479: 323050
Soma linha 1480: 322936
Soma linha 1481: 326321
Soma linha 1482: 323129
Soma linha 1483: 332716
Soma linha 1484: 333634
Soma linha 1485: 341462
Soma linha 1486: 345375
Soma linha 1487: 349844
Soma linha 1488: 352471
Soma linha 1489: 355798
Soma linha 1490: 360056
Soma linha 1491: 362313
Soma linha 1492: 362081
Soma linha 1493: 361633
Soma linha 1494: 336291
Soma linha 1495: 341892
Soma linha 1496: 330249
Soma linha 1497: 333743
Soma linha 1498: 315033
Soma linha 1499: 315401
Soma linha 1500: 324129
Soma linha 1501: 321164
Soma linha 1502: 318084
Soma linha 1503: 315155
Soma linha 1504: 323640
Soma linha 1505: 311219
Soma linha 1506: 316461
Soma linha 1507: 322363
Soma linha 1508: 327199
Soma linha 1509: 329795
Soma linha 1510: 335428
Soma linha 1511: 328952
Soma linha 1512: 330108
Soma linha 1513: 331419
Soma linha 1514: 332295
Soma linha 1515: 339018
Soma linha 1516: 329878
Soma linha 1517: 346926
Soma linha 1518: 342447
Soma linha 1519: 343043
Soma linha 1520: 337480
Soma linha 1521: 341002
Soma linha 1522: 332215
Soma linha 1523: 334815
Soma linha 1524: 326445
Soma linha 1525: 333386
Soma linha 1526: 336659
Soma linha 1527: 339726
Soma linha 1528: 337855
Soma linha 1529: 338267
Soma linha 1530: 331082
Soma linha 1531: 333426
Soma linha 1532: 324106
Soma linha 1533: 323844
Soma linha 1534: 325626
Soma linha 1535: 326044
Soma linha 1536: 329902
Soma linha 1537: 327877
Soma linha 1538: 331062
Soma linha 1539: 322780
Soma linha 1540: 325902
Soma linha 1541: 318427
Soma linha 1542: 319472
Soma linha 1543: 325955
Soma linha 1544: 324124
Soma linha 1545: 329043
Soma linha 1546: 326270
Soma linha 1547: 332750
Soma linha 1548: 327125
Soma linha 1549: 332675
Soma linha 1550: 326507
Soma linha 1551: 331775
Soma linha 1552: 323651
Soma linha 1553: 332434
Soma linha 1554: 330448
Soma linha 1555: 328682
Soma linha 1556: 325627
Soma linha 1557: 325469
Soma linha 1558: 315597
Soma linha 1559: 317503
Soma linha 1560: 322183
Soma linha 1561: 319978
Soma linha 1562: 317694
Soma linha 1563: 316447
Soma linha 1564: 310631
Soma linha 1565: 306670
Soma linha 1566: 304500
Soma linha 1567: 296895
Soma linha 1568: 301570
Soma linha 1569: 302451
Soma linha 1570: 301626
Soma linha 1571: 298101
Soma linha 1572: 298807
Soma linha 1573: 289015
Soma linha 1574: 288369
Soma linha 1575: 290143
Soma linha 1576: 288587
Soma linha 1577: 280395
Soma linha 1578: 279144
Soma linha 1579: 279866
Soma linha 1580: 273437
Soma linha 1581: 280154
Soma linha 1582: 273565
Soma linha 1583: 275780
Soma linha 1584: 264115
Soma linha 1585: 273153
Soma linha 1586: 266392
Soma linha 1587: 267138
Soma linha 1588: 250304
Soma linha 1589: 249479
Soma linha 1590: 233615
Soma linha 1591: 234283
Soma linha 1592: 226775
Soma linha 1593: 226503
Soma linha 1594: 232604
Soma linha 1595: 233389
Soma linha 1596: 237315
Soma linha 1597: 231909
Soma linha 1598: 225907
Soma linha 1599: 219192
Soma linha 1600: 222410
Soma linha 1601: 214645
Soma linha 1602: 220959
Soma linha 1603: 213502
Soma linha 1604: 214420
Soma linha 1605: 208012
Soma linha 1606: 210727
Soma linha 1607: 210915
Soma linha 1608: 212337
Soma linha 1609: 212687
Soma linha 1610: 215299
Soma linha 1611: 216638
Soma linha 1612: 215385
Soma linha 1613: 218855
Soma linha 1614: 218893
Soma linha 1615: 217719
Soma linha 1616: 214407
Soma linha 1617: 213815
Soma linha 1618: 208253
Soma linha 1619: 208483
Soma linha 1620: 196523
Soma linha 1621: 198226
Soma linha 1622: 201951
Soma linha 1623: 200851
Soma linha 1624: 209786
Soma linha 1625: 209443
Soma linha 1626: 212908
Soma linha 1627: 211091
Soma linha 1628: 221996
Soma linha 1629: 218711
Soma linha 1630: 224060
Soma linha 1631: 219394
Soma linha 1632: 225977
Soma linha 1633: 215012
Soma linha 1634: 217817
Soma linha 1635: 212222
Soma linha 1636: 218918
Soma linha 1637: 220091
Soma linha 1638: 220821
Soma linha 1639: 214668
Soma linha 1640: 212055
Soma linha 1641: 207332
Soma linha 1642: 204744
Soma linha 1643: 199595
Soma linha 1644: 199472
Soma linha 1645: 203319
Soma linha 1646: 196680
Soma linha 1647: 201529
Soma linha 1648: 200149
Soma linha 1649: 199445
Soma linha 1650: 195972
Soma linha 1651: 194071
Soma linha 1652: 184912
Soma linha 1653: 185311
Soma linha 1654: 181126
Soma linha 1655: 181854
Soma linha 1656: 179690
Soma linha 1657: 180897
Soma linha 1658: 184007
Soma linha 1659: 176752
Soma linha 1660: 175930
Soma linha 1661: 176076
Soma linha 1662: 177415
Soma linha 1663: 177826
Soma linha 1664: 174693
Soma linha 1665: 163703
Soma linha 1666: 166625
Soma linha 1667: 168265
Soma linha 1668: 165890
Soma linha 1669: 164119
Soma linha 1670: 162853
Soma linha 1671: 162494
Soma linha 1672: 160613
Soma linha 1673: 167793
Soma linha 1674: 166831
Soma linha 1675: 174886
Soma linha 1676: 173565
Soma linha 1677: 183334
Soma linha 1678: 173340
Soma linha 1679: 182632
Soma linha 1680: 183814
Soma linha 1681: 200095
Soma linha 1682: 213086
Soma linha 1683: 216790
Soma linha 1684: 217067
Soma linha 1685: 217904
Soma linha 1686: 203393
Soma linha 1687: 206569
Soma linha 1688: 203970
Soma linha 1689: 204573
Soma linha 1690: 218632
Soma linha 1691: 214713
Soma linha 1692: 235968
Soma linha 1693: 225951
Soma linha 1694: 246376
Soma linha 1695: 230213
Soma linha 1696: 243837
Soma linha 1697: 243776
Soma linha 1698: 268838
Soma linha 1699: 277282
Soma linha 1700: 292712
Soma linha 1701: 282499
Soma linha 1702: 291671
Soma linha 1703: 280424
Soma linha 1704: 281870
Soma linha 1705: 272119
Soma linha 1706: 270835
Soma linha 1707: 276817
Soma linha 1708: 268795
Soma linha 1709: 287376
Soma linha 1710: 280206
Soma linha 1711: 280983
Soma linha 1712: 260682
Soma linha 1713: 267764
Soma linha 1714: 249379
Soma linha 1715: 259868
Soma linha 1716: 252226
Soma linha 1717: 258653
Soma linha 1718: 235850
Soma linha 1719: 235853
Soma linha 1720: 261441
Soma linha 1721: 264639
Soma linha 1722: 252873
Soma linha 1723: 242153
Soma linha 1724: 251438
Soma linha 1725: 238094
Soma linha 1726: 249027
Soma linha 1727: 238391
Soma linha 1728: 254885
Soma linha 1729: 245550
Soma linha 1730: 264279
Soma linha 1731: 261571
Soma linha 1732: 266771
Soma linha 1733: 274207
Soma linha 1734: 278396
Soma linha 1735: 293677
Soma linha 1736: 292528
Soma linha 1737: 320967
Soma linha 1738: 317669
Soma linha 1739: 346766
Soma linha 1740: 337149
Soma linha 1741: 366666
Soma linha 1742: 361231
Soma linha 1743: 390283
Soma linha 1744: 384901
Soma linha 1745: 395602
Soma linha 1746: 382788
Soma linha 1747: 400903
Soma linha 1748: 405492
Soma linha 1749: 414617
Soma linha 1750: 416260
Soma linha 1751: 417078
Soma linha 1752: 417029
Soma linha 1753: 416995
Soma linha 1754: 458063
Soma linha 1755: 448580
Soma linha 1756: 479938
Soma linha 1757: 472616
Soma linha 1758: 498670
Soma linha 1759: 482164
Soma linha 1760: 516093
Soma linha 1761: 502209
Soma linha 1762: 536231
Soma linha 1763: 522458
Soma linha 1764: 547213
Soma linha 1765: 558195
Soma linha 1766: 563813
Soma linha 1767: 563847
Soma linha 1768: 564317
Soma linha 1769: 584926
Soma linha 1770: 580768
Soma linha 1771: 595059
Soma linha 1772: 579845
Soma linha 1773: 613886
Soma linha 1774: 591094
Soma linha 1775: 630922
Soma linha 1776: 614712
Soma linha 1777: 655904
Soma linha 1778: 605616
Soma linha 1779: 645428
Soma linha 1780: 633239
Soma linha 1781: 649447
Soma linha 1782: 632726
Soma linha 1783: 631487
Soma linha 1784: 655341
Soma linha 1785: 655219
Soma linha 1786: 670613
Soma linha 1787: 643170
Soma linha 1788: 705155
Soma linha 1789: 672168
Soma linha 1790: 747312
Soma linha 1791: 697692
Soma linha 1792: 757114
Soma linha 1793: 699162
Soma linha 1794: 760642
Soma linha 1795: 680257
Soma linha 1796: 717004
Soma linha 1797: 682408
Soma linha 1798: 693873
Soma linha 1799: 699043
Soma linha 1800: 696673
Soma linha 1801: 702334
Soma linha 1802: 691951
Soma linha 1803: 714405
Soma linha 1804: 674110
Soma linha 1805: 743003
Soma linha 1806: 684323
Soma linha 1807: 751802
Soma linha 1808: 684150
Soma linha 1809: 740863
Soma linha 1810: 667580
Soma linha 1811: 717407
Soma linha 1812: 666672
Soma linha 1813: 699364
Soma linha 1814: 657578
Soma linha 1815: 658477
Soma linha 1816: 663076
Soma linha 1817: 666915
Soma linha 1818: 706351
Soma linha 1819: 686040
Soma linha 1820: 724816
Soma linha 1821: 691107
Soma linha 1822: 735118
Soma linha 1823: 666285
Soma linha 1824: 726839
Soma linha 1825: 670615
Soma linha 1826: 734129
Soma linha 1827: 661880
Soma linha 1828: 697301
Soma linha 1829: 644512
Soma linha 1830: 660099
Soma linha 1831: 660717
Soma linha 1832: 666217
Soma linha 1833: 685443
Soma linha 1834: 677121
Soma linha 1835: 727368
Soma linha 1836: 682197
Soma linha 1837: 713564
Soma linha 1838: 663246
Soma linha 1839: 734775
Soma linha 1840: 687966
Soma linha 1841: 723929
Soma linha 1842: 668106
Soma linha 1843: 713197
Soma linha 1844: 683502
Soma linha 1845: 700017
Soma linha 1846: 658149
Soma linha 1847: 659380
Soma linha 1848: 636005
Soma linha 1849: 634175
Soma linha 1850: 674721
Soma linha 1851: 653938
Soma linha 1852: 710530
Soma linha 1853: 661489
Soma linha 1854: 728645
Soma linha 1855: 648056
Soma linha 1856: 710758
Soma linha 1857: 642248
Soma linha 1858: 698955
Soma linha 1859: 651874
Soma linha 1860: 690316
Soma linha 1861: 652608
Soma linha 1862: 663410
Soma linha 1863: 641579
Soma linha 1864: 642454
Soma linha 1865: 651273
Soma linha 1866: 638776
Soma linha 1867: 656495
Soma linha 1868: 627159
Soma linha 1869: 700833
Soma linha 1870: 644669
Soma linha 1871: 706959
Soma linha 1872: 643848
Soma linha 1873: 693085
Soma linha 1874: 621441
Soma linha 1875: 659650
Soma linha 1876: 624955
Soma linha 1877: 641678
Soma linha 1878: 624506
Soma linha 1879: 622227
Soma linha 1880: 615385
Soma linha 1881: 617523
Soma linha 1882: 644250
Soma linha 1883: 623923
Soma linha 1884: 674297
Soma linha 1885: 617669
Soma linha 1886: 675493
Soma linha 1887: 617251
Soma linha 1888: 672330
Soma linha 1889: 611588
Soma linha 1890: 660188
Soma linha 1891: 624116
Soma linha 1892: 661279
Soma linha 1893: 623628
Soma linha 1894: 624638
Soma linha 1895: 612679
Soma linha 1896: 610480
Soma linha 1897: 620723
Soma linha 1898: 612337
Soma linha 1899: 643893
Soma linha 1900: 610665
Soma linha 1901: 654152
Soma linha 1902: 601435
Soma linha 1903: 665708
Soma linha 1904: 602293
Soma linha 1905: 650243
Soma linha 1906: 582843
Soma linha 1907: 620364
Soma linha 1908: 610468
Soma linha 1909: 627426
Soma linha 1910: 606201
Soma linha 1911: 604728
Soma linha 1912: 606977
Soma linha 1913: 607022
Soma linha 1914: 605940
Soma linha 1915: 590575
Soma linha 1916: 645315
Soma linha 1917: 594900
Soma linha 1918: 675229
Soma linha 1919: 610348
Soma linha 1920: 662536
Soma linha 1921: 599054
Soma linha 1922: 641585
Soma linha 1923: 611116
Soma linha 1924: 636810
Soma linha 1925: 594550
Soma linha 1926: 601206
Soma linha 1927: 612883
Soma linha 1928: 608586
Soma linha 1929: 603586
Soma linha 1930: 605985
Soma linha 1931: 623142
Soma linha 1932: 590150
Soma linha 1933: 639245
Soma linha 1934: 587213
Soma linha 1935: 648777
Soma linha 1936: 587757
Soma linha 1937: 635751
Soma linha 1938: 598590
Soma linha 1939: 631787
Soma linha 1940: 594654
Soma linha 1941: 607473
Soma linha 1942: 618410
Soma linha 1943: 612618
Soma linha 1944: 610916
Soma linha 1945: 612964
Soma linha 1946: 616385
Soma linha 1947: 584746
Soma linha 1948: 623943
Soma linha 1949: 583919
Soma linha 1950: 646619
Soma linha 1951: 590866
Soma linha 1952: 647399
Soma linha 1953: 597900
Soma linha 1954: 639764
Soma linha 1955: 580356
Soma linha 1956: 607536
Soma linha 1957: 589677
Soma linha 1958: 595406
Soma linha 1959: 591067
Soma linha 1960: 595019
Soma linha 1961: 587021
Soma linha 1962: 580630
Soma linha 1963: 616431
Soma linha 1964: 596573
Soma linha 1965: 643828
Soma linha 1966: 590597
Soma linha 1967: 626058
Soma linha 1968: 582888
Soma linha 1969: 636376
Soma linha 1970: 592616
Soma linha 1971: 634869
Soma linha 1972: 602919
Soma linha 1973: 617309
Soma linha 1974: 593820
Soma linha 1975: 595850
Soma linha 1976: 587321
Soma linha 1977: 585931
Soma linha 1978: 623512
Soma linha 1979: 606209
Soma linha 1980: 639835
Soma linha 1981: 608121
Soma linha 1982: 644253
Soma linha 1983: 586877
Soma linha 1984: 641985
Soma linha 1985: 592370
Soma linha 1986: 629755
Soma linha 1987: 589529
Soma linha 1988: 611862
Soma linha 1989: 591323
Soma linha 1990: 598688
Soma linha 1991: 587226
Soma linha 1992: 587339
Soma linha 1993: 595073
Soma linha 1994: 587445
Soma linha 1995: 605489
Soma linha 1996: 583977
Soma linha 1997: 605094
Soma linha 1998: 566804
Soma linha 1999: 629127
Soma linha 2000: 581916
Soma linha 2001: 637904
Soma linha 2002: 596537
Soma linha 2003: 626184
Soma linha 2004: 587973
Soma linha 2005: 607279
Soma linha 2006: 592275
Soma linha 2007: 596157
Soma linha 2008: 585136
Soma linha 2009: 584386
Soma linha 2010: 600895
Soma linha 2011: 583452
Soma linha 2012: 598692
Soma linha 2013: 557145
Soma linha 2014: 621539
Soma linha 2015: 587280
Soma linha 2016: 613725
Soma linha 2017: 580616
Soma linha 2018: 617245
Soma linha 2019: 584430
Soma linha 2020: 608185
Soma linha 2021: 592967
Soma linha 2022: 599289
Soma linha 2023: 564957
Soma linha 2024: 568275
Soma linha 2025: 562338
Soma linha 2026: 556425
Soma linha 2027: 599425
Soma linha 2028: 575176
Soma linha 2029: 622713
Soma linha 2030: 567956
Soma linha 2031: 629647
Soma linha 2032: 585018
Soma linha 2033: 624798
Soma linha 2034: 566114
Soma linha 2035: 595984
Soma linha 2036: 567092
Soma linha 2037: 574287
Soma linha 2038: 566895
Soma linha 2039: 568637
Soma linha 2040: 576833
Soma linha 2041: 579214
Soma linha 2042: 587938
Soma linha 2043: 567730
Soma linha 2044: 598040
Soma linha 2045: 572838
Soma linha 2046: 599876
Soma linha 2047: 564081
Soma linha 2048: 600964
Soma linha 2049: 567510
Soma linha 2050: 607182
Soma linha 2051: 561071
Soma linha 2052: 589435
Soma linha 2053: 563628
Soma linha 2054: 568159
Soma linha 2055: 566583
Soma linha 2056: 566906
Soma linha 2057: 580311
Soma linha 2058: 574679
Soma linha 2059: 602052
Soma linha 2060: 577285
Soma linha 2061: 607342
Soma linha 2062: 555066
Soma linha 2063: 604057
Soma linha 2064: 566862
Soma linha 2065: 609787
Soma linha 2066: 572551
Soma linha 2067: 603722
Soma linha 2068: 567093
Soma linha 2069: 583332
Soma linha 2070: 567216
Soma linha 2071: 569190
Soma linha 2072: 588541
Soma linha 2073: 587550
Soma linha 2074: 573225
Soma linha 2075: 561940
Soma linha 2076: 600715
Soma linha 2077: 575045
Soma linha 2078: 604975
Soma linha 2079: 569393
Soma linha 2080: 615823
Soma linha 2081: 568532
Soma linha 2082: 609450
Soma linha 2083: 568751
Soma linha 2084: 586222
Soma linha 2085: 560325
Soma linha 2086: 563703
Soma linha 2087: 562603
Soma linha 2088: 560203
Soma linha 2089: 565466
Soma linha 2090: 559542
Soma linha 2091: 585651
Soma linha 2092: 566429
Soma linha 2093: 604086
Soma linha 2094: 572588
Soma linha 2095: 611365
Soma linha 2096: 561425
Soma linha 2097: 596252
Soma linha 2098: 549226
Soma linha 2099: 583277
Soma linha 2100: 573374
Soma linha 2101: 592135
Soma linha 2102: 568972
Soma linha 2103: 570640
Soma linha 2104: 569484
Soma linha 2105: 569062
Soma linha 2106: 574423
Soma linha 2107: 554773
Soma linha 2108: 603061
Soma linha 2109: 575846
Soma linha 2110: 613801
Soma linha 2111: 569886
Soma linha 2112: 614485
Soma linha 2113: 563214
Soma linha 2114: 599752
Soma linha 2115: 559389
Soma linha 2116: 582825
Soma linha 2117: 575419
Soma linha 2118: 582664
Soma linha 2119: 565911
Soma linha 2120: 562556
Soma linha 2121: 560543
Soma linha 2122: 553128
Soma linha 2123: 581582
Soma linha 2124: 561259
Soma linha 2125: 598481
Soma linha 2126: 569161
Soma linha 2127: 606515
Soma linha 2128: 562245
Soma linha 2129: 595165
Soma linha 2130: 550211
Soma linha 2131: 585019
Soma linha 2132: 563034
Soma linha 2133: 576358
Soma linha 2134: 562278
Soma linha 2135: 563353
Soma linha 2136: 564713
Soma linha 2137: 561817
Soma linha 2138: 570495
Soma linha 2139: 554241
Soma linha 2140: 594102
Soma linha 2141: 564796
Soma linha 2142: 596935
Soma linha 2143: 556542
Soma linha 2144: 594811
Soma linha 2145: 561481
Soma linha 2146: 592421
Soma linha 2147: 552814
Soma linha 2148: 575763
Soma linha 2149: 552425
Soma linha 2150: 557869
Soma linha 2151: 555505
Soma linha 2152: 556488
Soma linha 2153: 552638
Soma linha 2154: 544630
Soma linha 2155: 582533
Soma linha 2156: 557807
Soma linha 2157: 589515
Soma linha 2158: 556795
Soma linha 2159: 597792
lamboNegativo.bmp
